Log file open, 11/27/16 01:27:35
LogInit:Display: Running engine for game: PrisonBreak
LogPlatformFile: Not using cached read wrapper
LogInit:Display: RandInit(-805234676) SRandInit(-805234675).
LogTaskGraph: Started task graph with 4 named threads and 5 total threads with 1 sets of task threads.
LogStats: Stats thread started at 0.054132
LogInit: Version: 4.12.5-3039270+++UE4+Release-4.12
LogInit: API Version: 2992821
LogInit: Net Version: 3039270
LogDevObjectVersion: Number of dev versions registered: 13
LogDevObjectVersion:   Dev-Blueprints (B0D832E4-1F89-4F0D-ACCF-7EB736FD4AA2): 3
LogDevObjectVersion:   Dev-Build (E1C64328-A22C-4D53-A36C-8E866417BD8C): 0
LogDevObjectVersion:   Dev-Core (375EC13C-06E4-48FB-B500-84F0262A717E): 1
LogDevObjectVersion:   Dev-Editor (E4B068ED-F494-42E9-A231-DA0B2E46BB41): 2
LogDevObjectVersion:   Dev-Framework (CFFC743F-43B0-4480-9391-14DF171D2073): 6
LogDevObjectVersion:   Dev-Mobile (B02B49B5-BB20-44E9-A304-32B752E40360): 0
LogDevObjectVersion:   Dev-Networking (A4E4105C-59A1-49B5-A7C5-40C4547EDFEE): 0
LogDevObjectVersion:   Dev-Online (39C831C9-5AE6-47DC-9A44-9C173E1C8E7C): 0
LogDevObjectVersion:   Dev-Physics (78F01B33-EBEA-4F98-B9B4-84EACCB95AA2): 0
LogDevObjectVersion:   Dev-Platform (6631380F-2D4D-43E0-8009-CF276956A95A): 0
LogDevObjectVersion:   Dev-Rendering (12F88B9F-8875-4AFC-A67C-D90C383ABD29): 2
LogDevObjectVersion:   Dev-Sequencer (7B5AE74C-D270-4C10-A958-57980B212A5A): 0
LogDevObjectVersion:   Dev-VR (D7296918-1DD6-4BDD-9DE2-64A83CC13884): 0
LogInit: Compiled (64-bit): Jul  6 2016 09:09:46
LogInit: Compiled with Visual C++: 19.00.23026.00
LogInit: Build Configuration: Development
LogInit: Branch Name: ++UE4+Release-4.12
LogInit: Command line:  
LogInit: Base directory: F:/Epic Games/4.12/Engine/Binaries/Win64/
LogInit: Installed Engine Build: 1
LogInit: Using libcurl 7.41.0
LogInit:  - built for x86_64-pc-win32
LogInit:  - supports SSL with WinSSL
LogInit:  - other features:
LogInit:      CURL_VERSION_SSL
LogInit:      CURL_VERSION_IPV6
LogInit:      CURL_VERSION_ASYNCHDNS
LogInit:      CURL_VERSION_LARGEFILE
LogInit:      CURL_VERSION_IDN
LogInit:  CurlRequestOptions (configurable via config and command line):
LogInit:  - bVerifyPeer = true  - Libcurl will verify peer certificate
LogInit:  - bUseHttpProxy = false  - Libcurl will NOT use HTTP proxy
LogInit:  - bDontReuseConnections = false  - Libcurl will reuse connections
LogInit:  - CertBundlePath = nullptr  - Libcurl will use whatever was configured at build time.
LogInit: Presizing for max 8388607 objects, including 0 objects not considered by GC, pre-allocating 0 bytes for permanent pool.
LogInit: Object subsystem initialized
[2016.11.26-17.27.35:261][  0]LogInit: Selected Device Profile: [Windows]
[2016.11.26-17.27.35:261][  0]LogInit: Applying CVar settings loaded from the selected device profile: [Windows]
[2016.11.26-17.27.35:276][  0]LogInit: Computer: DESKTOP-80R6GS1
[2016.11.26-17.27.35:276][  0]LogInit: User: gelei
[2016.11.26-17.27.35:276][  0]LogInit: CPU Page size=65536, Cores=2
[2016.11.26-17.27.35:276][  0]LogInit: High frequency timer resolution =2.435881 MHz
[2016.11.26-17.27.35:276][  0]LogMemory: Memory total: Physical=7.9GB (8GB approx)
[2016.11.26-17.27.35:276][  0]LogMemory: Platform Memory Stats for Windows
[2016.11.26-17.27.35:276][  0]LogMemory: Process Physical Memory: 190.25 MB used, 190.25 MB peak
[2016.11.26-17.27.35:276][  0]LogMemory: Process Virtual Memory: 195.10 MB used, 195.10 MB peak
[2016.11.26-17.27.35:276][  0]LogMemory: Physical Memory: 3351.98 MB used, 8091.27 MB total
[2016.11.26-17.27.35:276][  0]LogMemory: Virtual Memory: 551.56 MB used, 134217728.00 MB total
[2016.11.26-17.27.35:363][  0]LogTextLocalizationManager:Warning: Loaded localization resources contain conflicting entries for (Namespace:K2Node, Key:Target):
Localization Resource: (F:/Epic Games/4.12/Engine/Content/Localization/EditorTutorials/zh-CN/EditorTutorials.locres) Source String Hash: (-1589014459) Localized String: (目标)
Localization Resource: (F:/Epic Games/4.12/Engine/Content/Localization/Engine/zh-CN/Engine.locres) Source String Hash: (-1589014459) Localized String: (对象)
[2016.11.26-17.27.35:363][  0]LogTextLocalizationManager:Warning: Loaded localization resources contain conflicting entries for (Namespace:K2Node, Key:false):
Localization Resource: (F:/Epic Games/4.12/Engine/Content/Localization/EditorTutorials/zh-CN/EditorTutorials.locres) Source String Hash: (816077464) Localized String: (假)
Localization Resource: (F:/Epic Games/4.12/Engine/Content/Localization/Engine/zh-CN/Engine.locres) Source String Hash: (816077464) Localized String: (错误)
[2016.11.26-17.27.35:363][  0]LogTextLocalizationManager:Warning: Loaded localization resources contain conflicting entries for (Namespace:K2Node, Key:true):
Localization Resource: (F:/Epic Games/4.12/Engine/Content/Localization/EditorTutorials/zh-CN/EditorTutorials.locres) Source String Hash: (-942328987) Localized String: (真)
Localization Resource: (F:/Epic Games/4.12/Engine/Content/Localization/Engine/zh-CN/Engine.locres) Source String Hash: (-942328987) Localized String: (正确)
[2016.11.26-17.27.35:363][  0]LogTextLocalizationManager:Warning: Loaded localization resources contain conflicting entries for (Namespace:UObjectToolTips, Key:AnimNode_AssetPlayerBase:InternalTimeAccumulator):
Localization Resource: (F:/Epic Games/4.12/Engine/Content/Localization/EditorTutorials/zh-CN/EditorTutorials.locres) Source String Hash: (502993589) Localized String: (用于引用此节点中的资源的累积时间)
Localization Resource: (F:/Epic Games/4.12/Engine/Content/Localization/Engine/zh-CN/Engine.locres) Source String Hash: (502993589) Localized String: (引用该节点中资源所用的累计时间)
[2016.11.26-17.27.35:363][  0]LogTextLocalizationManager:Warning: Loaded localization resources contain conflicting entries for (Namespace:UObjectToolTips, Key:AnimNode_AssetPlayerBase:bIgnoreForRelevancyTest):
Localization Resource: (F:/Epic Games/4.12/Engine/Content/Localization/EditorTutorials/zh-CN/EditorTutorials.locres) Source String Hash: (319969718) Localized String: (若为真，在状态中寻找最高权重动画的“相关动画”节点将忽视 此节点)
Localization Resource: (F:/Epic Games/4.12/Engine/Content/Localization/Engine/zh-CN/Engine.locres) Source String Hash: (319969718) Localized String: (如果为真，那么将会忽略查找最高权重动画的"相关动画"节点。
这个节点)
[2016.11.26-17.27.35:363][  0]LogTextLocalizationManager:Warning: Loaded localization resources contain conflicting entries for (Namespace:UObjectToolTips, Key:AnimNode_AssetPlayerBase:BlendWeight):
Localization Resource: (F:/Epic Games/4.12/Engine/Content/Localization/EditorTutorials/zh-CN/EditorTutorials.locres) Source String Hash: (-1232800293) Localized String: (此节点最后交会的混合权重)
Localization Resource: (F:/Epic Games/4.12/Engine/Content/Localization/Engine/zh-CN/Engine.locres) Source String Hash: (-1232800293) Localized String: (该节点上一次遇到的混合权重)
[2016.11.26-17.27.35:467][  0]LogD3D11RHI: D3D11 adapters:
[2016.11.26-17.27.35:523][  0]LogD3D11RHI:    0. 'NVIDIA GeForce GT 640M LE' (Feature Level 11_0)
[2016.11.26-17.27.35:523][  0]LogD3D11RHI:       1996/0/2047 MB DedicatedVideo/DedicatedSystem/SharedSystem, Outputs:1, VendorId:0x10de
[2016.11.26-17.27.35:629][  0]LogD3D11RHI:    1. 'NVIDIA GeForce GT 640M LE' (Feature Level 11_0)
[2016.11.26-17.27.35:629][  0]LogD3D11RHI:       1996/0/2047 MB DedicatedVideo/DedicatedSystem/SharedSystem, Outputs:0, VendorId:0x10de
[2016.11.26-17.27.35:634][  0]LogD3D11RHI:    2. 'Microsoft Basic Render Driver' (Feature Level 11_0)
[2016.11.26-17.27.35:634][  0]LogD3D11RHI:       1996/0/2047 MB DedicatedVideo/DedicatedSystem/SharedSystem, Outputs:0, VendorId:0x1414
[2016.11.26-17.27.35:634][  0]LogD3D11RHI: Chosen D3D11 Adapter: 0
[2016.11.26-17.27.35:644][  0]LogD3D11RHI: Creating new Direct3DDevice
[2016.11.26-17.27.35:644][  0]LogD3D11RHI:     GPU DeviceId: 0xde9 (for the marketing name, search the web for "GPU Device Id")
[2016.11.26-17.27.35:644][  0]LogWindows: EnumDisplayDevices:
[2016.11.26-17.27.35:645][  0]LogWindows:    0. 'Intel(R) HD Graphics 4000' (P:1 D:1)
[2016.11.26-17.27.35:645][  0]LogWindows:    1. 'Intel(R) HD Graphics 4000' (P:0 D:0)
[2016.11.26-17.27.35:645][  0]LogWindows:    2. 'Intel(R) HD Graphics 4000' (P:0 D:0)
[2016.11.26-17.27.35:645][  0]LogWindows:    3. 'NVIDIA GeForce GT 640M LE' (P:0 D:0)
[2016.11.26-17.27.35:645][  0]LogWindows: DebugString: PrimaryIsNotTheChoosenAdapter PrimaryIsNotTheChoosenAdapter PrimaryIsNotTheChoosenAdapter 
[2016.11.26-17.27.35:645][  0]LogD3D11RHI:     Adapter Name: NVIDIA GeForce GT 640M LE
[2016.11.26-17.27.35:645][  0]LogD3D11RHI:   Driver Version: 353.62 (internal:10.18.13.5362, unified:353.62)
[2016.11.26-17.27.35:645][  0]LogD3D11RHI:      Driver Date: 7-22-2015
[2016.11.26-17.27.35:645][  0]LogRHI: Texture pool is 1361 MB (70% of 1945 MB)
[2016.11.26-17.27.35:691][  0]LogD3D11RHI: Async texture creation enabled
[2016.11.26-17.27.35:713][  0]LogD3D11RHI: GPU Timing Frequency: 1000.000000 (Debug: 2 2)
[2016.11.26-17.27.35:713][  0]LogShaderCompilers: Guid format shader working directory is 12 characters bigger than the processId version (C:/Users/gelei/Desktop/PrisonBreak/Intermediate/Shaders/WorkingDirectory/7836/).
[2016.11.26-17.27.35:714][  0]LogShaderCompilers: Cleaned the shader compiler working directory 'C:/Users/gelei/AppData/Local/Temp/UnrealShaderWorkingDir/B2DFB52C41159B9F9085FC80873C0E00/'.
[2016.11.26-17.27.35:714][  0]LogShaderCompilers:Display: Using Local Shader Compiler.
[2016.11.26-17.27.36:877][  0]LogTemp:Display: Loaded TP AllDesktopTargetPlatform
[2016.11.26-17.27.36:888][  0]LogTemp:Display: Loaded TP WindowsClientTargetPlatform
[2016.11.26-17.27.36:898][  0]LogTemp:Display: Loaded TP WindowsNoEditorTargetPlatform
[2016.11.26-17.27.36:909][  0]LogTemp:Display: Loaded TP WindowsServerTargetPlatform
[2016.11.26-17.27.36:921][  0]LogTemp:Display: Loaded TP WindowsTargetPlatform
[2016.11.26-17.27.36:932][  0]LogTemp:Display: Loaded TP AndroidTargetPlatform
[2016.11.26-17.27.36:944][  0]LogTemp:Display: Loaded TP Android_ASTCTargetPlatform
[2016.11.26-17.27.36:954][  0]LogTemp:Display: Loaded TP Android_ATCTargetPlatform
[2016.11.26-17.27.36:964][  0]LogTemp:Display: Loaded TP Android_DXTTargetPlatform
[2016.11.26-17.27.36:975][  0]LogTemp:Display: Loaded TP Android_ETC1TargetPlatform
[2016.11.26-17.27.36:986][  0]LogTemp:Display: Loaded TP Android_ETC2TargetPlatform
[2016.11.26-17.27.37:008][  0]LogTemp:Display: Loaded TP Android_MultiTargetPlatform
[2016.11.26-17.27.37:008][  0]LogTemp:Display: Loaded TP Android_PVRTCTargetPlatform
[2016.11.26-17.27.37:009][  0]LogTemp:Display: Loaded TP HTML5TargetPlatform
[2016.11.26-17.27.37:033][  0]LogTemp:Display: Loaded TP IOSTargetPlatform
[2016.11.26-17.27.37:044][  0]LogTemp:Display: Loaded TP TVOSTargetPlatform
[2016.11.26-17.27.37:055][  0]LogTemp:Display: Loaded TP LinuxNoEditorTargetPlatform
[2016.11.26-17.27.37:066][  0]LogTemp:Display: Loaded TP LinuxServerTargetPlatform
[2016.11.26-17.27.37:078][  0]LogTemp:Display: Loaded TP LinuxTargetPlatform
[2016.11.26-17.27.37:078][  0]LogTargetPlatformManager:Display: Building Assets For Windows
[2016.11.26-17.27.37:158][  0]LogDerivedDataCache:Display: Max Cache Size: 512 MB
[2016.11.26-17.27.37:226][  0]LogDerivedDataCache: Loaded boot cache 0.07s 48MB C:/Users/gelei/AppData/Local/UnrealEngine/4.12/DerivedDataCache/Boot.ddc.
[2016.11.26-17.27.37:227][  0]LogDerivedDataCache:Display: Loaded Boot cache: C:/Users/gelei/AppData/Local/UnrealEngine/4.12/DerivedDataCache/Boot.ddc
[2016.11.26-17.27.37:227][  0]LogDerivedDataCache: FDerivedDataBackendGraph:  Pak pak cache file C:/Users/gelei/Desktop/PrisonBreak/DerivedDataCache/DDC.ddp not found, will not use a pak cache.
[2016.11.26-17.27.37:227][  0]LogDerivedDataCache: Unable to find inner node Pak for hierarchical cache Hierarchy.
[2016.11.26-17.27.37:227][  0]LogDerivedDataCache: FDerivedDataBackendGraph:  CompressedPak pak cache file C:/Users/gelei/Desktop/PrisonBreak/DerivedDataCache/Compressed.ddp not found, will not use a pak cache.
[2016.11.26-17.27.37:227][  0]LogDerivedDataCache: Unable to find inner node CompressedPak for hierarchical cache Hierarchy.
[2016.11.26-17.27.37:252][  0]LogDerivedDataCache:Display: Pak cache opened for reading ../../../Engine/DerivedDataCache/Compressed.ddp.
[2016.11.26-17.27.37:265][  0]LogDerivedDataCache: Using Local data cache path C:/Users/gelei/AppData/Local/UnrealEngine/Common/DerivedDataCache: Writable
[2016.11.26-17.27.37:597][  0]LogInit: Selected Device Profile: [Windows]
[2016.11.26-17.27.37:598][  0]LogContentStreaming: Texture pool size is 0.00 MB
[2016.11.26-17.27.37:817][  0]LogMeshUtilities: No automatic mesh reduction module available
[2016.11.26-17.27.37:817][  0]LogMeshUtilities: No automatic mesh merging module available
[2016.11.26-17.27.37:817][  0]LogMeshUtilities: No distributed automatic mesh merging module available
[2016.11.26-17.27.38:114][  0]LogAssetRegistry: FAssetRegistry took 0.0212 seconds to start up
[2016.11.26-17.27.38:186][  0]LogPackageLocalizationCache: Processed 3 localized package path(s) for 4 prioritized culture(s) in 0.069150 seconds
[2016.11.26-17.27.38:193][  0]LogUObjectArray: 28739 objects as part of root set at end of initial load.
[2016.11.26-17.27.38:193][  0]LogUObjectAllocator: 5855624 out of 0 bytes used by permanent object pool.
[2016.11.26-17.27.38:193][  0]LogUObjectArray: CloseDisregardForGC: 0/0 objects in disregard for GC pool
[2016.11.26-17.27.38:199][  0]LogInit: WinSock: version 1.1 (2.2), MaxSocks=32767, MaxUdp=65467
[2016.11.26-17.27.38:419][  0]LogSlate: SlateFontCache - WITH_FREETYPE: 1, WITH_HARFBUZZ: 1
[2016.11.26-17.27.38:419][  0]LogSlate: SlateFontCache - WITH_FREETYPE: 1, WITH_HARFBUZZ: 1
[2016.11.26-17.27.39:180][  0]LogUdpMessaging: Initializing bridge on interface 0.0.0.0:0 to multicast group 230.0.0.1:6666.
[2016.11.26-17.27.39:463][  0]SourceControl: 信息 源码控制已禁用
[2016.11.26-17.27.39:464][  0]SourceControl: 信息 源码控制已禁用
[2016.11.26-17.27.39:471][  0]SourceControl: 信息 源码控制已禁用
[2016.11.26-17.27.39:477][  0]SourceControl: 信息 源码控制已禁用
[2016.11.26-17.27.39:668][  0]LogEngine: Initializing Engine...
[2016.11.26-17.27.39:669][  0]LogHMD: SteamVR failed to initialize.  Err: 110
[2016.11.26-17.27.39:669][  0]LogHMD: SteamVR failed to initialize.  Err: 110
[2016.11.26-17.27.39:833][  0]LogAIModule: Creating AISystem for world NewWorld
[2016.11.26-17.27.39:840][  0]LogInit: XAudio2 using '扬声器 (High Definition Audio 设备)' : 2 channels at 44.1 kHz using 16 bits per sample (channel mask 0x3)
[2016.11.26-17.27.39:852][  0]LogInit: FAudioDevice initialized.
[2016.11.26-17.27.39:882][  0]LogDerivedDataCache: Saved boot cache 0.03s 48MB C:/Users/gelei/AppData/Local/UnrealEngine/4.12/DerivedDataCache/Boot.ddc.
[2016.11.26-17.27.39:891][  0]LogInit: Texture streaming: Enabled
[2016.11.26-17.27.39:916][  0]LogInit: Transaction tracking system initialized
[2016.11.26-17.27.39:934][  0]BlueprintLog: New page: 编辑器加载
[2016.11.26-17.27.40:010][  0]LocalizationService: 信息 本地化服务已被禁用
[2016.11.26-17.27.40:265][  0]LogConsoleResponse:Display: 
[2016.11.26-17.27.40:408][  0]LogCook:Display: Max memory allowance for cook 8192mb
[2016.11.26-17.27.40:408][  0]LogCook:Display: Mobile HDR setting 1
[2016.11.26-17.27.40:515][  0]LogFileCache: Scanning file cache for directory 'C:/Users/gelei/Desktop/PrisonBreak/Content/' took 0.02s
[2016.11.26-17.27.40:515][  0]SourceControl: 信息 源码控制已禁用
[2016.11.26-17.27.40:515][  0]Cmd: MAP LOAD FILE="C:/Users/gelei/Desktop/PrisonBreak/Content/ThirdPersonBP/Maps/ThirdPersonExampleMap.umap" TEMPLATE=0 SHOWPROGRESS=1 FEATURELEVEL=3
[2016.11.26-17.27.40:516][  0]LightingResults: New page: 光照构建
[2016.11.26-17.27.40:518][  0]MapCheck: New page: 地图检测
[2016.11.26-17.27.40:518][  0]LightingResults: New page: 光照构建
[2016.11.26-17.27.41:461][  0]LogAIModule: Creating AISystem for world ThirdPersonExampleMap
[2016.11.26-17.27.41:478][  0]LogEditorServer: Finished looking for orphan Actors (0.000 secs)
[2016.11.26-17.27.41:481][  0]Cmd: MAP CHECKDEP NOCLEARLOG
[2016.11.26-17.27.41:553][  0]MapCheck: 信息 地图检测完成：0个错误，0 个警告，用时71.767毫秒完成。
[2016.11.26-17.27.41:553][  0]LogFileHelpers: Loading map 'ThirdPersonExampleMap' took 1.038
[2016.11.26-17.27.41:732][  0]LogCollectionManager: Loaded 0 collections in 0.001191 seconds
[2016.11.26-17.27.41:772][  0]LogFileCache: Scanning file cache for directory 'C:/Users/gelei/Desktop/PrisonBreak/Saved/Collections/' took 0.01s
[2016.11.26-17.27.41:772][  0]LogFileCache: Scanning file cache for directory 'C:/Users/gelei/Desktop/PrisonBreak/Content/Developers/gelei/Collections/' took 0.01s
[2016.11.26-17.27.41:773][  0]LogFileCache: Scanning file cache for directory 'C:/Users/gelei/Desktop/PrisonBreak/Content/Collections/' took 0.01s
[2016.11.26-17.27.41:773][  0]LogCollectionManager: Rebuilt the GUID cache for 0 collections in 0.000004 seconds
[2016.11.26-17.27.41:785][  0]LogContentBrowser: Native class hierarchy populated in 0.0120 seconds. Added 2047 classes and 369 folders.
[2016.11.26-17.27.41:788][  0]LogStats: UGameplayTagsManager::ConstructGameplayTagTree: Construct from data asset -  0.000 s
[2016.11.26-17.27.41:788][  0]LogStats: UGameplayTagsManager::ConstructGameplayTagTree: GameplayTagTreeChangedEvent.Broadcast -  0.000 s
[2016.11.26-17.27.41:789][  0]LogContentBrowser: Native class hierarchy updated for 'GameplayTags' in 0.0005 seconds. Added 12 classes and 0 folders.
[2016.11.26-17.27.41:794][  0]LogContentBrowser: Native class hierarchy updated for 'WidgetCarousel' in 0.0006 seconds. Added 0 classes and 0 folders.
[2016.11.26-17.27.50:623][  0]LogAssetRegistry:Error: Failed to open file for write C:/Users/gelei/Desktop/PrisonBreak/Intermediate/CachedAssetRegistry.bin
[2016.11.26-17.27.50:623][  0]LogContentBrowser: Native class hierarchy updated for 'AddContentDialog' in 0.0008 seconds. Added 0 classes and 0 folders.
[2016.11.26-17.27.51:102][  0]LogContentBrowser: Native class hierarchy updated for 'SceneOutliner' in 0.0005 seconds. Added 1 classes and 2 folders.
[2016.11.26-17.27.54:434][  0]LogCrashTracker: Crashtracker disabled due to settings.
[2016.11.26-17.27.55:606][  0]LogWindowsTextInputMethodSystem:Display: IME system now activated using TSF (微软拼音).
[2016.11.26-17.27.56:273][  0]LogContentBrowser: Native class hierarchy updated for 'HierarchicalLODOutliner' in 0.0007 seconds. Added 1 classes and 2 folders.
[2016.11.26-17.27.56:273][  0]LogLoad: Full Startup: 21.68 seconds (BP compile: 0.12 seconds)
[2016.11.26-17.27.56:273][  0]LogExternalProfiler: No external profilers were discovered.  External profiling features will not be available.
[2016.11.26-17.27.56:675][  0]LogOcInput: OculusInput pre-init called
[2016.11.26-17.27.56:991][  0]LogContentStreaming: Texture pool size now 200 MB
[2016.11.26-17.27.58:272][  0]LogRenderer: Reallocating scene render targets to support 856x372 (Frame:2).
[2016.11.26-17.28.00:888][  5]LogAssetRegistry: Asset discovery search completed in 22.7944 seconds
[2016.11.26-17.28.00:902][  5]LogCollectionManager: Rebuilt the object cache for 0 collections in 0.000001 seconds (found 0 objects)
[2016.11.26-17.28.00:902][  5]LogCollectionManager: Fixed up redirectors for 0 collections in 0.014713 seconds (updated 0 objects)
[2016.11.26-17.28.05:414][ 14]LogWindowsTextInputMethodSystem:Display: IME system now activated using TSF (微软拼音).
[2016.11.26-17.28.05:878][ 15]Cmd: QUIT_EDITOR
[2016.11.26-17.28.06:080][ 15]LogExit: Preparing to exit.
[2016.11.26-17.28.06:633][ 15]LogExit: Editor shut down
[2016.11.26-17.28.06:634][ 15]LogExit: Transaction tracking system shut down
[2016.11.26-17.28.07:314][ 15]LogObj: Freed 0b from 0 cluster array pools.
[2016.11.26-17.28.07:315][ 15]LogExit: Object subsystem successfully closed.
[2016.11.26-17.28.07:477][ 15]LogD3D11RHI: Shutdown
[2016.11.26-17.28.07:477][ 15]LogD3D11RHI: CleanupD3DDevice
[2016.11.26-17.28.07:609][ 15]LogD3D11RHI: ~FD3D11DynamicRHI
[2016.11.26-17.28.07:992][ 15]LogModuleManager: Shutting down and abandoning module HierarchicalLODOutliner (213)
[2016.11.26-17.28.08:006][ 15]LogModuleManager: Shutting down and abandoning module CrashTracker (212)
[2016.11.26-17.28.08:006][ 15]LogModuleManager: Shutting down and abandoning module SceneOutliner (211)
[2016.11.26-17.28.08:006][ 15]LogModuleManager: Shutting down and abandoning module WidgetCarousel (210)
[2016.11.26-17.28.08:006][ 15]LogModuleManager: Shutting down and abandoning module AddContentDialog (209)
[2016.11.26-17.28.08:007][ 15]LogModuleManager: Shutting down and abandoning module GameplayTags (208)
[2016.11.26-17.28.08:007][ 15]LogModuleManager: Shutting down and abandoning module EditorWidgets (207)
[2016.11.26-17.28.08:007][ 15]LogModuleManager: Shutting down and abandoning module CollectionManager (206)
[2016.11.26-17.28.08:008][ 15]LogModuleManager: Shutting down and abandoning module StatsViewer (205)
[2016.11.26-17.28.08:017][ 15]LogModuleManager: Shutting down and abandoning module FoliageEdit (204)
[2016.11.26-17.28.08:017][ 15]LogModuleManager: Shutting down and abandoning module LandscapeEditor (203)
[2016.11.26-17.28.08:028][ 15]LogModuleManager: Shutting down and abandoning module SceneDepthPickerMode (202)
[2016.11.26-17.28.08:028][ 15]LogModuleManager: Shutting down and abandoning module ActorPickerMode (201)
[2016.11.26-17.28.08:028][ 15]LogModuleManager: Shutting down and abandoning module GeometryMode (200)
[2016.11.26-17.28.08:028][ 15]LogModuleManager: Shutting down and abandoning module TextureAlignMode (199)
[2016.11.26-17.28.08:028][ 15]LogModuleManager: Shutting down and abandoning module BspMode (198)
[2016.11.26-17.28.08:028][ 15]LogModuleManager: Shutting down and abandoning module HardwareSurvey (197)
[2016.11.26-17.28.08:028][ 15]LogModuleManager: Shutting down and abandoning module SequenceRecorderSections (196)
[2016.11.26-17.28.08:028][ 15]LogModuleManager: Shutting down and abandoning module SequenceRecorder (195)
[2016.11.26-17.28.08:028][ 15]LogModuleManager: Shutting down and abandoning module AutomationWorker (194)
[2016.11.26-17.28.08:028][ 15]LogModuleManager: Shutting down and abandoning module MatineeToLevelSequence (193)
[2016.11.26-17.28.08:028][ 15]LogModuleManager: Shutting down and abandoning module PlacementMode (192)
[2016.11.26-17.28.08:048][ 15]LogModuleManager: Shutting down and abandoning module LevelSequenceEditor (191)
[2016.11.26-17.28.08:048][ 15]LogModuleManager: Shutting down and abandoning module CharacterAI (190)
[2016.11.26-17.28.08:048][ 15]LogModuleManager: Shutting down and abandoning module SmartSnapping (189)
[2016.11.26-17.28.08:048][ 15]LogModuleManager: Shutting down and abandoning module SessionServices (188)
[2016.11.26-17.28.08:048][ 15]LogModuleManager: Shutting down and abandoning module ViewportSnapping (187)
[2016.11.26-17.28.08:048][ 15]LogModuleManager: Shutting down and abandoning module LogVisualizer (186)
[2016.11.26-17.28.08:079][ 15]LogModuleManager: Shutting down and abandoning module GameProjectGeneration (185)
[2016.11.26-17.28.08:089][ 15]LogModuleManager: Shutting down and abandoning module IntroTutorials (184)
[2016.11.26-17.28.08:089][ 15]LogModuleManager: Shutting down and abandoning module EditorLiveStreaming (183)
[2016.11.26-17.28.08:089][ 15]LogModuleManager: Shutting down and abandoning module IOSPlatformEditor (182)
[2016.11.26-17.28.08:089][ 15]LogModuleManager: Shutting down and abandoning module HTML5PlatformEditor (181)
[2016.11.26-17.28.08:089][ 15]LogModuleManager: Shutting down and abandoning module AndroidDeviceDetection (180)
[2016.11.26-17.28.09:051][ 15]LogModuleManager: Shutting down and abandoning module AndroidPlatformEditor (179)
[2016.11.26-17.28.09:051][ 15]LogModuleManager: Shutting down and abandoning module IOSRuntimeSettings (178)
[2016.11.26-17.28.09:051][ 15]LogModuleManager: Shutting down and abandoning module AndroidRuntimeSettings (177)
[2016.11.26-17.28.09:051][ 15]LogModuleManager: Shutting down and abandoning module MergeActors (176)
[2016.11.26-17.28.09:068][ 15]LogModuleManager: Shutting down and abandoning module SizeMap (175)
[2016.11.26-17.28.09:068][ 15]LogModuleManager: Shutting down and abandoning module TreeMap (174)
[2016.11.26-17.28.09:068][ 15]LogModuleManager: Shutting down and abandoning module ReferenceViewer (173)
[2016.11.26-17.28.09:068][ 15]LogModuleManager: Shutting down and abandoning module LocalizationService (172)
[2016.11.26-17.28.09:081][ 15]LogModuleManager: Shutting down and abandoning module LocalizationDashboard (171)
[2016.11.26-17.28.09:086][ 15]LogModuleManager: Shutting down and abandoning module HardwareTargeting (170)
[2016.11.26-17.28.09:086][ 15]LogModuleManager: Shutting down and abandoning module DeviceProfileEditor (169)
[2016.11.26-17.28.09:092][ 15]LogModuleManager: Shutting down and abandoning module UndoHistory (168)
[2016.11.26-17.28.09:098][ 15]LogModuleManager: Shutting down and abandoning module UserFeedback (167)
[2016.11.26-17.28.09:099][ 15]LogModuleManager: Shutting down and abandoning module XmlParser (166)
[2016.11.26-17.28.09:099][ 15]LogModuleManager: Shutting down and abandoning module Blutility (165)
[2016.11.26-17.28.09:099][ 15]LogModuleManager: Shutting down and abandoning module ProjectTargetPlatformEditor (164)
[2016.11.26-17.28.09:099][ 15]LogModuleManager: Shutting down and abandoning module ProjectSettingsViewer (163)
[2016.11.26-17.28.09:099][ 15]LogModuleManager: Shutting down and abandoning module InputBindingEditor (162)
[2016.11.26-17.28.09:099][ 15]LogModuleManager: Shutting down and abandoning module EditorSettingsViewer (161)
[2016.11.26-17.28.09:100][ 15]LogModuleManager: Shutting down and abandoning module SettingsEditor (160)
[2016.11.26-17.28.09:107][ 15]LogModuleManager: Shutting down and abandoning module ProjectLauncher (159)
[2016.11.26-17.28.09:141][ 15]LogModuleManager: Shutting down and abandoning module SessionFrontend (158)
[2016.11.26-17.28.09:150][ 15]LogModuleManager: Shutting down and abandoning module ProfilerClient (157)
[2016.11.26-17.28.09:165][ 15]LogModuleManager: Shutting down and abandoning module TargetDeviceServices (156)
[2016.11.26-17.28.09:165][ 15]LogModuleManager: Shutting down and abandoning module DeviceManager (155)
[2016.11.26-17.28.09:223][ 15]LogModuleManager: Shutting down and abandoning module AutomationController (154)
[2016.11.26-17.28.09:235][ 15]LogModuleManager: Shutting down and abandoning module AutomationWindow (153)
[2016.11.26-17.28.09:249][ 15]LogModuleManager: Shutting down and abandoning module Layers (152)
[2016.11.26-17.28.09:274][ 15]LogModuleManager: Shutting down and abandoning module ComponentVisualizers (151)
[2016.11.26-17.28.09:274][ 15]LogModuleManager: Shutting down and abandoning module DetailCustomizations (150)
[2016.11.26-17.28.09:288][ 15]LogModuleManager: Shutting down and abandoning module PackagesDialog (149)
[2016.11.26-17.28.09:303][ 15]LogModuleManager: Shutting down and abandoning module Persona (148)
[2016.11.26-17.28.09:329][ 15]LogModuleManager: Shutting down and abandoning module Kismet (147)
[2016.11.26-17.28.09:329][ 15]LogModuleManager: Shutting down and abandoning module GraphEditor (146)
[2016.11.26-17.28.09:366][ 15]LogModuleManager: Shutting down and abandoning module ClassViewer (145)
[2016.11.26-17.28.09:402][ 15]LogModuleManager: Shutting down and abandoning module Toolbox (144)
[2016.11.26-17.28.09:402][ 15]LogModuleManager: Shutting down and abandoning module ModuleUI (143)
[2016.11.26-17.28.09:413][ 15]LogModuleManager: Shutting down and abandoning module MovieSceneTools (142)
[2016.11.26-17.28.09:421][ 15]LogModuleManager: Shutting down and abandoning module OutputLog (141)
[2016.11.26-17.28.09:421][ 15]LogModuleManager: Shutting down and abandoning module GammaUI (140)
[2016.11.26-17.28.09:445][ 15]LogModuleManager: Shutting down and abandoning module Documentation (139)
[2016.11.26-17.28.09:445][ 15]LogModuleManager: Shutting down and abandoning module StreamingPauseRendering (138)
[2016.11.26-17.28.09:445][ 15]LogModuleManager: Shutting down and abandoning module AnalyticsET (137)
[2016.11.26-17.28.09:445][ 15]LogModuleManager: Shutting down and abandoning module Analytics (136)
[2016.11.26-17.28.09:445][ 15]LogModuleManager: Shutting down and abandoning module PortalServices (135)
[2016.11.26-17.28.09:445][ 15]LogModuleManager: Shutting down and abandoning module PortalRpc (134)
[2016.11.26-17.28.09:445][ 15]LogModuleManager: Shutting down and abandoning module MessagingRpc (133)
[2016.11.26-17.28.09:445][ 15]LogModuleManager: Shutting down and abandoning module GameplayDebugger (132)
[2016.11.26-17.28.09:446][ 15]LogModuleManager: Shutting down and abandoning module AITestSuite (131)
[2016.11.26-17.28.09:446][ 15]LogModuleManager: Shutting down and abandoning module AIModule (130)
[2016.11.26-17.28.09:446][ 15]LogModuleManager: Shutting down and abandoning module ProfilerService (129)
[2016.11.26-17.28.09:659][ 15]LogModuleManager: Shutting down and abandoning module TaskGraph (128)
[2016.11.26-17.28.09:677][ 15]LogModuleManager: Shutting down and abandoning module SlateRemote (127)
[2016.11.26-17.28.09:677][ 15]LogModuleManager: Shutting down and abandoning module SteamVRController (126)
[2016.11.26-17.28.09:677][ 15]LogModuleManager: Shutting down and abandoning module SteamVR (125)
[2016.11.26-17.28.09:677][ 15]LogModuleManager: Shutting down and abandoning module ProceduralMeshComponent (124)
[2016.11.26-17.28.09:677][ 15]LogModuleManager: Shutting down and abandoning module OculusLibrary (123)
[2016.11.26-17.28.09:677][ 15]LogModuleManager: Shutting down and abandoning module OculusInput (122)
[2016.11.26-17.28.09:677][ 15]LogModuleManager: Shutting down and abandoning module CustomMeshComponent (121)
[2016.11.26-17.28.09:677][ 15]LogModuleManager: Shutting down and abandoning module CableComponent (120)
[2016.11.26-17.28.09:677][ 15]LogModuleManager: Shutting down and abandoning module ArchVisCharacter (119)
[2016.11.26-17.28.09:677][ 15]LogModuleManager: Shutting down and abandoning module MediaPlayerEditor (118)
[2016.11.26-17.28.09:702][ 15]LogModuleManager: Shutting down and abandoning module HTML5Networking (117)
[2016.11.26-17.28.09:702][ 15]LogModuleManager: Shutting down and abandoning module SuperSearch (116)
[2016.11.26-17.28.09:702][ 15]LogModuleManager: Shutting down and abandoning module SuperSearchEditor (115)
[2016.11.26-17.28.09:702][ 15]LogModuleManager: Shutting down and abandoning module SpeedTreeImporter (114)
[2016.11.26-17.28.09:702][ 15]LogModuleManager: Shutting down and abandoning module PluginBrowser (113)
[2016.11.26-17.28.09:702][ 15]LogModuleManager: Shutting down and abandoning module EpicSurvey (112)
[2016.11.26-17.28.09:702][ 15]LogModuleManager: Shutting down and abandoning module DesktopPlatform (111)
[2016.11.26-17.28.09:702][ 15]LogModuleManager: Shutting down and abandoning module VisualStudioSourceCodeAccess (110)
[2016.11.26-17.28.09:702][ 15]LogModuleManager: Shutting down and abandoning module UObjectPlugin (109)
[2016.11.26-17.28.09:702][ 15]LogModuleManager: Shutting down and abandoning module SubversionSourceControl (108)
[2016.11.26-17.28.09:702][ 15]LogModuleManager: Shutting down and abandoning module PerforceSourceControl (107)
[2016.11.26-17.28.09:702][ 15]LogModuleManager: Shutting down and abandoning module SourceControl (106)
[2016.11.26-17.28.09:717][ 15]LogModuleManager: Shutting down and abandoning module GitSourceControl (105)
[2016.11.26-17.28.09:717][ 15]LogModuleManager: Shutting down and abandoning module LightPropagationVolumeEditor (104)
[2016.11.26-17.28.09:717][ 15]LogModuleManager: Shutting down and abandoning module PaperTiledImporter (103)
[2016.11.26-17.28.09:718][ 15]LogModuleManager: Shutting down and abandoning module PaperSpriteSheetImporter (102)
[2016.11.26-17.28.09:718][ 15]LogModuleManager: Shutting down and abandoning module MeshPaint (101)
[2016.11.26-17.28.09:718][ 15]LogModuleManager: Shutting down and abandoning module PixelInspectorModule (100)
[2016.11.26-17.28.09:718][ 15]LogModuleManager: Shutting down and abandoning module HotReload (99)
[2016.11.26-17.28.09:718][ 15]LogModuleManager: Shutting down and abandoning module MainFrame (98)
[2016.11.26-17.28.09:718][ 15]LogModuleManager: Shutting down and abandoning module LevelEditor (97)
[2016.11.26-17.28.09:719][ 15]LogModuleManager: Shutting down and abandoning module ContentBrowser (96)
[2016.11.26-17.28.09:720][ 15]LogModuleManager: Shutting down and abandoning module Paper2DEditor (95)
[2016.11.26-17.28.09:735][ 15]LogModuleManager: Shutting down and abandoning module UdpMessaging (94)
[2016.11.26-17.28.09:835][ 15]LogModuleManager: Shutting down and abandoning module LightPropagationVolumeRuntime (93)
[2016.11.26-17.28.09:835][ 15]LogModuleManager: Shutting down and abandoning module Paper2D (92)
[2016.11.26-17.28.09:835][ 15]LogModuleManager: Shutting down and abandoning module WindowsMoviePlayer (91)
[2016.11.26-17.28.09:835][ 15]LogModuleManager: Shutting down and abandoning module Media (90)
[2016.11.26-17.28.09:835][ 15]LogModuleManager: Shutting down and abandoning module WmfMedia (89)
[2016.11.26-17.28.09:858][ 15]LogModuleManager: Shutting down and abandoning module MediaAssets (88)
[2016.11.26-17.28.09:858][ 15]LogModuleManager: Shutting down and abandoning module GameLiveStreaming (87)
[2016.11.26-17.28.09:858][ 15]LogModuleManager: Shutting down and abandoning module GameplayTagsEditor (86)
[2016.11.26-17.28.09:858][ 15]LogModuleManager: Shutting down and abandoning module OnlineBlueprintSupport (85)
[2016.11.26-17.28.09:858][ 15]LogModuleManager: Shutting down and abandoning module VREditor (84)
[2016.11.26-17.28.09:871][ 15]LogModuleManager: Shutting down and abandoning module GameplayTasksEditor (83)
[2016.11.26-17.28.09:871][ 15]LogModuleManager: Shutting down and abandoning module PropertyEditor (82)
[2016.11.26-17.28.09:886][ 15]LogModuleManager: Shutting down and abandoning module BehaviorTreeEditor (81)
[2016.11.26-17.28.09:901][ 15]LogModuleManager: Shutting down and abandoning module FunctionalTesting (80)
[2016.11.26-17.28.09:909][ 15]LogModuleManager: Shutting down and abandoning module CollisionAnalyzer (79)
[2016.11.26-17.28.09:915][ 15]LogModuleManager: Shutting down and abandoning module Sequencer (78)
[2016.11.26-17.28.09:940][ 15]LogModuleManager: Shutting down and abandoning module WorkspaceMenuStructure (77)
[2016.11.26-17.28.09:940][ 15]LogModuleManager: Shutting down and abandoning module MessageLog (76)
[2016.11.26-17.28.09:940][ 15]LogModuleManager: Shutting down and abandoning module AssetTools (75)
[2016.11.26-17.28.09:964][ 15]LogModuleManager: Shutting down and abandoning module UMGEditor (74)
[2016.11.26-17.28.10:003][ 15]LogModuleManager: Shutting down and abandoning module UMG (73)
[2016.11.26-17.28.10:025][ 15]LogModuleManager: Shutting down and abandoning module SlateReflector (72)
[2016.11.26-17.28.10:034][ 15]LogModuleManager: Shutting down and abandoning module Slate (71)
[2016.11.26-17.28.10:034][ 15]LogModuleManager: Shutting down and abandoning module EditorStyle (70)
[2016.11.26-17.28.10:037][ 15]LogModuleManager: Shutting down and abandoning module SourceCodeAccess (69)
[2016.11.26-17.28.10:037][ 15]LogModuleManager: Shutting down and abandoning module HeadMountedDisplay (68)
[2016.11.26-17.28.10:037][ 15]LogModuleManager: Shutting down and abandoning module XAudio2 (67)
[2016.11.26-17.28.10:037][ 15]LogModuleManager: Shutting down and abandoning module Networking (65)
[2016.11.26-17.28.10:037][ 15]LogModuleManager: Shutting down and abandoning module Core (64)
[2016.11.26-17.28.10:037][ 15]LogModuleManager: Shutting down and abandoning module DirectoryWatcher (63)
[2016.11.26-17.28.10:038][ 15]LogModuleManager: Shutting down and abandoning module AssetRegistry (62)
[2016.11.26-17.28.10:280][ 15]LogModuleManager: Shutting down and abandoning module KismetCompiler (61)
[2016.11.26-17.28.10:280][ 15]LogModuleManager: Shutting down and abandoning module PhysXFormats (60)
[2016.11.26-17.28.10:280][ 15]LogModuleManager: Shutting down and abandoning module MeshUtilities (59)
[2016.11.26-17.28.10:289][ 15]LogModuleManager: Shutting down and abandoning module DerivedDataCache (58)
[2016.11.26-17.28.10:777][ 15]LogDerivedDataCache: Shutdown
[2016.11.26-17.28.10:777][ 15]LogModuleManager: Shutting down and abandoning module VulkanShaderFormat (57)
[2016.11.26-17.28.10:797][ 15]LogModuleManager: Shutting down and abandoning module ShaderFormatOpenGL (56)
[2016.11.26-17.28.10:844][ 15]LogModuleManager: Shutting down and abandoning module ShaderFormatD3D (55)
[2016.11.26-17.28.10:844][ 15]LogModuleManager: Shutting down and abandoning module MetalShaderFormat (54)
[2016.11.26-17.28.10:871][ 15]LogModuleManager: Shutting down and abandoning module TextureFormatUncompressed (53)
[2016.11.26-17.28.10:871][ 15]LogModuleManager: Shutting down and abandoning module TextureFormatPVR (52)
[2016.11.26-17.28.10:871][ 15]LogModuleManager: Shutting down and abandoning module TextureFormatIntelISPCTexComp (51)
[2016.11.26-17.28.10:879][ 15]LogModuleManager: Shutting down and abandoning module TextureFormatDXT (50)
[2016.11.26-17.28.10:879][ 15]LogModuleManager: Shutting down and abandoning module ImageWrapper (49)
[2016.11.26-17.28.10:879][ 15]LogModuleManager: Shutting down and abandoning module TextureFormatASTC (48)
[2016.11.26-17.28.10:879][ 15]LogModuleManager: Shutting down and abandoning module TextureFormatAndroid (47)
[2016.11.26-17.28.10:879][ 15]LogModuleManager: Shutting down and abandoning module AudioFormatOpus (46)
[2016.11.26-17.28.10:879][ 15]LogModuleManager: Shutting down and abandoning module AudioFormatOgg (45)
[2016.11.26-17.28.10:879][ 15]LogModuleManager: Shutting down and abandoning module AudioFormatADPCM (44)
[2016.11.26-17.28.10:879][ 15]LogModuleManager: Shutting down and abandoning module LinuxTargetPlatform (43)
[2016.11.26-17.28.10:879][ 15]LogModuleManager: Shutting down and abandoning module LinuxServerTargetPlatform (42)
[2016.11.26-17.28.10:880][ 15]LogModuleManager: Shutting down and abandoning module LinuxNoEditorTargetPlatform (41)
[2016.11.26-17.28.10:880][ 15]LogModuleManager: Shutting down and abandoning module TVOSTargetPlatform (40)
[2016.11.26-17.28.10:880][ 15]LogModuleManager: Shutting down and abandoning module Messaging (39)
[2016.11.26-17.28.10:880][ 15]LogModuleManager: Shutting down and abandoning module IOSTargetPlatform (38)
[2016.11.26-17.28.10:880][ 15]LogModuleManager: Shutting down and abandoning module HTML5TargetPlatform (37)
[2016.11.26-17.28.10:880][ 15]LogModuleManager: Shutting down and abandoning module Android_PVRTCTargetPlatform (36)
[2016.11.26-17.28.10:880][ 15]LogModuleManager: Shutting down and abandoning module Android_MultiTargetPlatform (35)
[2016.11.26-17.28.10:880][ 15]LogModuleManager: Shutting down and abandoning module Android_ETC2TargetPlatform (34)
[2016.11.26-17.28.10:880][ 15]LogModuleManager: Shutting down and abandoning module Android_ETC1TargetPlatform (33)
[2016.11.26-17.28.10:880][ 15]LogModuleManager: Shutting down and abandoning module Android_DXTTargetPlatform (32)
[2016.11.26-17.28.10:880][ 15]LogModuleManager: Shutting down and abandoning module Android_ATCTargetPlatform (31)
[2016.11.26-17.28.10:880][ 15]LogModuleManager: Shutting down and abandoning module Android_ASTCTargetPlatform (30)
[2016.11.26-17.28.10:880][ 15]LogModuleManager: Shutting down and abandoning module AndroidTargetPlatform (29)
[2016.11.26-17.28.10:880][ 15]LogModuleManager: Shutting down and abandoning module WindowsTargetPlatform (28)
[2016.11.26-17.28.10:880][ 15]LogModuleManager: Shutting down and abandoning module WindowsServerTargetPlatform (27)
[2016.11.26-17.28.10:880][ 15]LogModuleManager: Shutting down and abandoning module WindowsNoEditorTargetPlatform (26)
[2016.11.26-17.28.10:880][ 15]LogModuleManager: Shutting down and abandoning module WindowsClientTargetPlatform (25)
[2016.11.26-17.28.10:880][ 15]LogModuleManager: Shutting down and abandoning module AllDesktopTargetPlatform (24)
[2016.11.26-17.28.10:880][ 15]LogModuleManager: Shutting down and abandoning module TargetPlatform (23)
[2016.11.26-17.28.10:880][ 15]LogModuleManager: Shutting down and abandoning module InputCore (22)
[2016.11.26-17.28.10:880][ 15]LogModuleManager: Shutting down and abandoning module Settings (21)
[2016.11.26-17.28.10:880][ 15]LogModuleManager: Shutting down and abandoning module OnlineSubsystem (19)
[2016.11.26-17.28.10:880][ 15]LogModuleManager: Shutting down and abandoning module HTTP (18)
[2016.11.26-17.28.15:720][ 15]LogModuleManager: Shutting down and abandoning module XMPP (17)
[2016.11.26-17.28.15:752][ 15]LogModuleManager: Shutting down and abandoning module OculusRift (16)
[2016.11.26-17.28.15:772][ 15]LogModuleManager: Shutting down and abandoning module ExampleDeviceProfileSelector (15)
[2016.11.26-17.28.15:772][ 15]LogModuleManager: Shutting down and abandoning module TextureCompressor (14)
[2016.11.26-17.28.15:794][ 15]LogModuleManager: Shutting down and abandoning module ShaderCore (13)
[2016.11.26-17.28.15:794][ 15]LogModuleManager: Shutting down and abandoning module Landscape (12)
[2016.11.26-17.28.15:794][ 15]LogModuleManager: Shutting down and abandoning module SlateRHIRenderer (11)
[2016.11.26-17.28.15:816][ 15]LogModuleManager: Shutting down and abandoning module OpenGLDrv (10)
[2016.11.26-17.28.15:822][ 15]LogModuleManager: Shutting down and abandoning module D3D11RHI (9)
[2016.11.26-17.28.15:822][ 15]LogModuleManager: Shutting down and abandoning module AnimGraphRuntime (8)
[2016.11.26-17.28.15:822][ 15]LogModuleManager: Shutting down and abandoning module Renderer (7)
[2016.11.26-17.28.15:822][ 15]LogModuleManager: Shutting down and abandoning module Engine (6)
[2016.11.26-17.28.15:822][ 15]LogModuleManager: Shutting down and abandoning module CoreUObject (5)
[2016.11.26-17.28.15:822][ 15]LogModuleManager: Shutting down and abandoning module NetworkFile (4)
[2016.11.26-17.28.15:823][ 15]LogModuleManager: Shutting down and abandoning module StreamingFile (3)
[2016.11.26-17.28.15:823][ 15]LogModuleManager: Shutting down and abandoning module SandboxFile (2)
[2016.11.26-17.28.15:823][ 15]LogModuleManager: Shutting down and abandoning module PakFile (1)
[2016.11.26-17.28.15:845][ 15]LogExit: Exiting.
[2016.11.26-17.28.15:848][ 15]Log file closed, 11/27/16 01:28:15
