Log file open, 11/29/16 10:53:12
LogInit:Display: Running engine for game: PrisonBreak
LogPlatformFile: Not using cached read wrapper
LogInit:Display: RandInit(2013418842) SRandInit(2013418843).
LogTaskGraph: Started task graph with 4 named threads and 7 total threads with 1 sets of task threads.
LogStats: Stats thread started at 0.070183
OCULUS: Info: [CAPI] LibOVR module is located at C:\Program Files\Oculus\Support\oculus-runtime\LibOVRRT64_1.dll
OCULUS: Debug: Connected to the server running version (prod = 1).1.7.0(build = 270909) feature version = 0. Client runs version (prod = 1).1.7.0(build = 270909) feature version = 0
OCULUS: Debug: Failed to open file: C:\Users\zeng40\AppData\Local\Oculus/ProfileDB.json
OCULUS: Debug: Failed to open file: C:\Users\zeng40\AppData\Local\Oculus/Profiles.json
OCULUS: Debug: Failed to open file: C:\Users\zeng40\AppData\Local\Oculus/ProfileDB.json
OCULUS: Debug: Failed to open file: C:\Users\zeng40\AppData\Local\Oculus/Profiles.json
OCULUS: Debug: [HMDState] Using default profile default
OCULUS: Info: IAD changed to 63.5mm
OCULUS: Debug: [SharedMemory] Creating factory
LogInit: Version: 4.12.5-3039270+++UE4+Release-4.12
LogInit: API Version: 2992821
LogInit: Net Version: 3039270
LogDevObjectVersion: Number of dev versions registered: 13
LogDevObjectVersion:   Dev-Blueprints (B0D832E4-1F89-4F0D-ACCF-7EB736FD4AA2): 3
LogDevObjectVersion:   Dev-Build (E1C64328-A22C-4D53-A36C-8E866417BD8C): 0
LogDevObjectVersion:   Dev-Core (375EC13C-06E4-48FB-B500-84F0262A717E): 1
LogDevObjectVersion:   Dev-Editor (E4B068ED-F494-42E9-A231-DA0B2E46BB41): 2
LogDevObjectVersion:   Dev-Framework (CFFC743F-43B0-4480-9391-14DF171D2073): 6
LogDevObjectVersion:   Dev-Mobile (B02B49B5-BB20-44E9-A304-32B752E40360): 0
LogDevObjectVersion:   Dev-Networking (A4E4105C-59A1-49B5-A7C5-40C4547EDFEE): 0
LogDevObjectVersion:   Dev-Online (39C831C9-5AE6-47DC-9A44-9C173E1C8E7C): 0
LogDevObjectVersion:   Dev-Physics (78F01B33-EBEA-4F98-B9B4-84EACCB95AA2): 0
LogDevObjectVersion:   Dev-Platform (6631380F-2D4D-43E0-8009-CF276956A95A): 0
LogDevObjectVersion:   Dev-Rendering (12F88B9F-8875-4AFC-A67C-D90C383ABD29): 2
LogDevObjectVersion:   Dev-Sequencer (7B5AE74C-D270-4C10-A958-57980B212A5A): 0
LogDevObjectVersion:   Dev-VR (D7296918-1DD6-4BDD-9DE2-64A83CC13884): 0
LogInit: Compiled (64-bit): Jul  6 2016 09:09:46
LogInit: Compiled with Visual C++: 19.00.23026.00
LogInit: Build Configuration: Development
LogInit: Branch Name: ++UE4+Release-4.12
LogInit: Command line:  
LogInit: Base directory: C:/Program Files (x86)/Epic Games/4.12/Engine/Binaries/Win64/
LogInit: Installed Engine Build: 1
LogInit: Using libcurl 7.41.0
LogInit:  - built for x86_64-pc-win32
LogInit:  - supports SSL with WinSSL
LogInit:  - other features:
LogInit:      CURL_VERSION_SSL
LogInit:      CURL_VERSION_IPV6
LogInit:      CURL_VERSION_ASYNCHDNS
LogInit:      CURL_VERSION_LARGEFILE
LogInit:      CURL_VERSION_IDN
LogInit:  CurlRequestOptions (configurable via config and command line):
LogInit:  - bVerifyPeer = true  - Libcurl will verify peer certificate
LogInit:  - bUseHttpProxy = false  - Libcurl will NOT use HTTP proxy
LogInit:  - bDontReuseConnections = false  - Libcurl will reuse connections
LogInit:  - CertBundlePath = nullptr  - Libcurl will use whatever was configured at build time.
LogInit: Presizing for max 8388607 objects, including 0 objects not considered by GC, pre-allocating 0 bytes for permanent pool.
LogInit: Object subsystem initialized
[2016.11.29-15.53.12:976][  0]LogInit: Selected Device Profile: [Windows]
[2016.11.29-15.53.12:976][  0]LogInit: Applying CVar settings loaded from the selected device profile: [Windows]
[2016.11.29-15.53.12:991][  0]LogInit: Computer: 1398-P2C5-1374
[2016.11.29-15.53.12:991][  0]LogInit: User: zeng40
[2016.11.29-15.53.12:991][  0]LogInit: CPU Page size=65536, Cores=4
[2016.11.29-15.53.12:991][  0]LogInit: High frequency timer resolution =2.728085 MHz
[2016.11.29-15.53.12:991][  0]LogMemory: Memory total: Physical=15.9GB (16GB approx)
[2016.11.29-15.53.12:991][  0]LogMemory: Platform Memory Stats for Windows
[2016.11.29-15.53.12:991][  0]LogMemory: Process Physical Memory: 195.90 MB used, 195.90 MB peak
[2016.11.29-15.53.12:991][  0]LogMemory: Process Virtual Memory: 198.79 MB used, 198.79 MB peak
[2016.11.29-15.53.12:991][  0]LogMemory: Physical Memory: 4908.99 MB used, 16308.40 MB total
[2016.11.29-15.53.12:991][  0]LogMemory: Virtual Memory: 568.95 MB used, 8388608.00 MB total
[2016.11.29-15.53.13:031][  0]LogTextLocalizationManager: No specific translations for ('en-US') exist, so ('en') translations will be used.
[2016.11.29-15.53.13:487][  0]LogD3D11RHI: D3D11 adapters:
[2016.11.29-15.53.13:510][  0]LogD3D11RHI:    0. 'NVIDIA GeForce GTX 970' (Feature Level 11_0)
[2016.11.29-15.53.13:510][  0]LogD3D11RHI:       4007/0/7898 MB DedicatedVideo/DedicatedSystem/SharedSystem, Outputs:1, VendorId:0x10de
[2016.11.29-15.53.13:510][  0]LogD3D11RHI: Chosen D3D11 Adapter: 0
[2016.11.29-15.53.13:517][  0]LogD3D11RHI: Creating new Direct3DDevice
[2016.11.29-15.53.13:517][  0]LogD3D11RHI:     GPU DeviceId: 0x13c2 (for the marketing name, search the web for "GPU Device Id")
[2016.11.29-15.53.13:517][  0]LogWindows: EnumDisplayDevices:
[2016.11.29-15.53.13:517][  0]LogWindows:    0. 'NVIDIA GeForce GTX 970' (P:1 D:1)
[2016.11.29-15.53.13:517][  0]LogWindows:    1. 'NVIDIA GeForce GTX 970' (P:0 D:0)
[2016.11.29-15.53.13:518][  0]LogWindows:    2. 'NVIDIA GeForce GTX 970' (P:0 D:0)
[2016.11.29-15.53.13:518][  0]LogWindows:    3. 'NVIDIA GeForce GTX 970' (P:0 D:0)
[2016.11.29-15.53.13:518][  0]LogWindows:    4. 'RDPDD Chained DD' (P:0 D:0)
[2016.11.29-15.53.13:518][  0]LogWindows:    5. 'RDP Encoder Mirror Driver' (P:0 D:0)
[2016.11.29-15.53.13:518][  0]LogWindows:    6. 'RDP Reflector Display Driver' (P:0 D:0)
[2016.11.29-15.53.13:518][  0]LogWindows: DebugString: GetVideoDriverDetailsInvalid PrimaryIsNotTheChoosenAdapter GetVideoDriverDetailsInvalid PrimaryIsNotTheChoosenAdapter GetVideoDriverDetailsInvalid PrimaryIsNotTheChoosenAdapter FoundDriverCount:4 
[2016.11.29-15.53.13:518][  0]LogD3D11RHI:     Adapter Name: NVIDIA GeForce GTX 970
[2016.11.29-15.53.13:518][  0]LogD3D11RHI:   Driver Version: 372.54 (internal:21.21.13.7254, unified:372.54)
[2016.11.29-15.53.13:518][  0]LogD3D11RHI:      Driver Date: 8-11-2016
[2016.11.29-15.53.13:518][  0]LogRHI: Texture pool is 1361 MB (70% of 1945 MB)
[2016.11.29-15.53.13:526][  0]LogD3D11RHI: Async texture creation enabled
[2016.11.29-15.53.13:541][  0]LogD3D11RHI: GPU Timing Frequency: 1000.000000 (Debug: 2 2)
[2016.11.29-15.53.13:541][  0]LogShaderCompilers: Guid format shader working directory is -5 characters bigger than the processId version (../../../../../../Users/zeng40/Downloads/PrisonBreak/Intermediate/Shaders/WorkingDirectory/8088/).
[2016.11.29-15.53.13:541][  0]LogShaderCompilers: Cleaned the shader compiler working directory 'C:/Users/zeng40/AppData/Local/Temp/UnrealShaderWorkingDir/45B5CA634CDA18A8ED392AB6CFF7AC94/'.
[2016.11.29-15.53.13:541][  0]LogShaderCompilers:Display: Using Local Shader Compiler.
[2016.11.29-15.53.14:649][  0]LogTemp:Display: Loaded TP AllDesktopTargetPlatform
[2016.11.29-15.53.14:659][  0]LogTemp:Display: Loaded TP WindowsClientTargetPlatform
[2016.11.29-15.53.14:669][  0]LogTemp:Display: Loaded TP WindowsNoEditorTargetPlatform
[2016.11.29-15.53.14:679][  0]LogTemp:Display: Loaded TP WindowsServerTargetPlatform
[2016.11.29-15.53.14:689][  0]LogTemp:Display: Loaded TP WindowsTargetPlatform
[2016.11.29-15.53.14:698][  0]LogTemp:Display: Loaded TP AndroidTargetPlatform
[2016.11.29-15.53.14:707][  0]LogTemp:Display: Loaded TP Android_ASTCTargetPlatform
[2016.11.29-15.53.14:716][  0]LogTemp:Display: Loaded TP Android_ATCTargetPlatform
[2016.11.29-15.53.14:724][  0]LogTemp:Display: Loaded TP Android_DXTTargetPlatform
[2016.11.29-15.53.14:733][  0]LogTemp:Display: Loaded TP Android_ETC1TargetPlatform
[2016.11.29-15.53.14:742][  0]LogTemp:Display: Loaded TP Android_ETC2TargetPlatform
[2016.11.29-15.53.14:760][  0]LogTemp:Display: Loaded TP Android_MultiTargetPlatform
[2016.11.29-15.53.14:760][  0]LogTemp:Display: Loaded TP Android_PVRTCTargetPlatform
[2016.11.29-15.53.14:761][  0]LogTemp:Display: Loaded TP HTML5TargetPlatform
[2016.11.29-15.53.14:782][  0]LogTemp:Display: Loaded TP IOSTargetPlatform
[2016.11.29-15.53.14:791][  0]LogTemp:Display: Loaded TP TVOSTargetPlatform
[2016.11.29-15.53.14:803][  0]LogTemp:Display: Loaded TP LinuxNoEditorTargetPlatform
[2016.11.29-15.53.14:818][  0]LogTemp:Display: Loaded TP LinuxServerTargetPlatform
[2016.11.29-15.53.14:828][  0]LogTemp:Display: Loaded TP LinuxTargetPlatform
[2016.11.29-15.53.14:828][  0]LogTargetPlatformManager:Display: Building Assets For Windows
[2016.11.29-15.53.14:896][  0]LogDerivedDataCache:Display: Max Cache Size: 512 MB
[2016.11.29-15.53.14:910][  0]LogDerivedDataCache: Loaded boot cache 0.01s 12MB C:/Users/zeng40/AppData/Local/UnrealEngine/4.12/DerivedDataCache/Boot.ddc.
[2016.11.29-15.53.14:910][  0]LogDerivedDataCache:Display: Loaded Boot cache: C:/Users/zeng40/AppData/Local/UnrealEngine/4.12/DerivedDataCache/Boot.ddc
[2016.11.29-15.53.14:910][  0]LogDerivedDataCache: FDerivedDataBackendGraph:  Pak pak cache file ../../../../../../Users/zeng40/Downloads/PrisonBreak/DerivedDataCache/DDC.ddp not found, will not use a pak cache.
[2016.11.29-15.53.14:910][  0]LogDerivedDataCache: Unable to find inner node Pak for hierarchical cache Hierarchy.
[2016.11.29-15.53.14:910][  0]LogDerivedDataCache: FDerivedDataBackendGraph:  CompressedPak pak cache file ../../../../../../Users/zeng40/Downloads/PrisonBreak/DerivedDataCache/Compressed.ddp not found, will not use a pak cache.
[2016.11.29-15.53.14:910][  0]LogDerivedDataCache: Unable to find inner node CompressedPak for hierarchical cache Hierarchy.
[2016.11.29-15.53.14:929][  0]LogDerivedDataCache:Display: Pak cache opened for reading ../../../Engine/DerivedDataCache/Compressed.ddp.
[2016.11.29-15.53.14:940][  0]LogDerivedDataCache: Using Local data cache path C:/Users/zeng40/AppData/Local/UnrealEngine/Common/DerivedDataCache: Writable
[2016.11.29-15.53.15:138][  0]LogInit: Selected Device Profile: [Windows]
[2016.11.29-15.53.15:139][  0]LogContentStreaming: Texture pool size is 0.00 MB
[2016.11.29-15.53.15:321][  0]LogMeshUtilities: No automatic mesh reduction module available
[2016.11.29-15.53.15:321][  0]LogMeshUtilities: No automatic mesh merging module available
[2016.11.29-15.53.15:321][  0]LogMeshUtilities: No distributed automatic mesh merging module available
[2016.11.29-15.53.16:096][  0]LogAssetRegistry: FAssetRegistry took 0.0201 seconds to start up
[2016.11.29-15.53.16:127][  0]LogPackageLocalizationCache: Processed 3 localized package path(s) for 2 prioritized culture(s) in 0.028547 seconds
[2016.11.29-15.53.16:132][  0]LogUObjectArray: 28739 objects as part of root set at end of initial load.
[2016.11.29-15.53.16:132][  0]LogUObjectAllocator: 5855632 out of 0 bytes used by permanent object pool.
[2016.11.29-15.53.16:132][  0]LogUObjectArray: CloseDisregardForGC: 0/0 objects in disregard for GC pool
[2016.11.29-15.53.16:138][  0]LogInit: WinSock: version 1.1 (2.2), MaxSocks=32767, MaxUdp=65467
[2016.11.29-15.53.16:338][  0]LogSlate: SlateFontCache - WITH_FREETYPE: 1, WITH_HARFBUZZ: 1
[2016.11.29-15.53.16:338][  0]LogSlate: SlateFontCache - WITH_FREETYPE: 1, WITH_HARFBUZZ: 1
[2016.11.29-15.53.18:243][  0]LogUdpMessaging: Initializing bridge on interface 0.0.0.0:0 to multicast group 230.0.0.1:6666.
[2016.11.29-15.53.18:484][  0]SourceControl: Info Source control is disabled
[2016.11.29-15.53.18:510][  0]SourceControl: Info Source control is disabled
[2016.11.29-15.53.18:516][  0]SourceControl: Info Source control is disabled
[2016.11.29-15.53.18:522][  0]SourceControl: Info Source control is disabled
[2016.11.29-15.53.18:696][  0]LogEngine: Initializing Engine...
[2016.11.29-15.53.18:701][  0]LogHMD: SteamVR failed to initialize.  Err: 110
[2016.11.29-15.53.18:701][  0]LogHMD: SteamVR failed to initialize.  Err: 110
[2016.11.29-15.53.18:701][  0]LogHMD: Oculus plugin initialized. Version: 4.12.5-3039270+++UE4+Release-4.12, LibOVR: 1.7.0, SDK: 1.3.2, built Jul  6 2016, 09:11:15
[2016.11.29-15.53.18:935][  0]OCULUS: Debug: Failed to open file: C:\Users\zeng40\AppData\Local\Oculus/ProfileDB.json
[2016.11.29-15.53.18:935][  0]OCULUS: Debug: Failed to open file: C:\Users\zeng40\AppData\Local\Oculus/Profiles.json
[2016.11.29-15.53.18:935][  0]OCULUS: Debug: Failed to open file: C:\Users\zeng40\AppData\Local\Oculus/ProfileDB.json
[2016.11.29-15.53.18:935][  0]OCULUS: Debug: Failed to open file: C:\Users\zeng40\AppData\Local\Oculus/Profiles.json
[2016.11.29-15.53.18:935][  0]OCULUS: Debug: [HMDState] Using default profile default
[2016.11.29-15.53.18:935][  0]OCULUS: Info: IAD changed to 63.5mm
[2016.11.29-15.53.18:943][  0]LogAIModule: Creating AISystem for world NewWorld
[2016.11.29-15.53.18:948][  0]LogInit: XAudio2 using 'Speakers / Headphones (Realtek High Definition Audio)' : 2 channels at 48 kHz using 32 bits per sample (channel mask 0x3)
[2016.11.29-15.53.18:959][  0]LogInit: FAudioDevice initialized.
[2016.11.29-15.53.18:985][  0]LogDerivedDataCache: Saved boot cache 0.03s 53MB C:/Users/zeng40/AppData/Local/UnrealEngine/4.12/DerivedDataCache/Boot.ddc.
[2016.11.29-15.53.18:994][  0]LogInit: Texture streaming: Enabled
[2016.11.29-15.53.19:104][  0]LogInit: Transaction tracking system initialized
[2016.11.29-15.53.19:136][  0]BlueprintLog: New page: Editor Load
[2016.11.29-15.53.19:292][  0]LocalizationService: Info Localization service is disabled
[2016.11.29-15.53.19:379][  0]LogConsoleResponse:Display: 
[2016.11.29-15.53.19:627][  0]LogCook:Display: Max memory allowance for cook 8192mb
[2016.11.29-15.53.19:627][  0]LogCook:Display: Mobile HDR setting 1
[2016.11.29-15.53.19:917][  0]LogFileCache: Scanning file cache for directory 'C:/Users/zeng40/Downloads/PrisonBreak/Content/' took 0.02s
[2016.11.29-15.53.19:917][  0]SourceControl: Info Source control is disabled
[2016.11.29-15.53.19:917][  0]Cmd: MAP LOAD FILE="../../../../../../Users/zeng40/Downloads/PrisonBreak/Content/ThirdPersonBP/Maps/ThirdPersonExampleMap.umap" TEMPLATE=0 SHOWPROGRESS=1 FEATURELEVEL=3
[2016.11.29-15.53.19:918][  0]LightingResults: New page: Lighting Build
[2016.11.29-15.53.19:920][  0]MapCheck: New page: Map Check
[2016.11.29-15.53.19:920][  0]LightingResults: New page: Lighting Build
[2016.11.29-15.53.20:062][  0]LogLinker:Warning: Can't find file '/Game/Materials/_Base_Mat/M_Particles/M_SquareParticle'
[2016.11.29-15.53.20:063][  0]LogLinker:Warning: Can't find file for asset '/Game/Materials/_Base_Mat/M_Particles/M_SquareParticle' while loading ../../../../../../Users/zeng40/Downloads/PrisonBreak/Content/StarterContent/Effects/Particles/Explosion/P_NeonExplosion_Tiny.uasset.
[2016.11.29-15.53.20:063][  0]LoadErrors:Error: Error /Game/StarterContent/Effects/Particles/Explosion/P_NeonExplosion_Tiny : Can't find file for asset. /Game/Materials/_Base_Mat/M_Particles/M_SquareParticle
[2016.11.29-15.53.20:063][  0]LogLinker:Warning: Can't find file '/Game/Particles/M_Burst'
[2016.11.29-15.53.20:063][  0]LogLinker:Warning: Can't find file for asset '/Game/Particles/M_Burst' while loading ../../../../../../Users/zeng40/Downloads/PrisonBreak/Content/StarterContent/Effects/Particles/Explosion/P_NeonExplosion_Tiny.uasset.
[2016.11.29-15.53.20:063][  0]LoadErrors:Error: Error /Game/StarterContent/Effects/Particles/Explosion/P_NeonExplosion_Tiny : Can't find file for asset. /Game/Particles/M_Burst
[2016.11.29-15.53.20:063][  0]LogLinker:Warning: Can't find file '/Game/Particles/M_flare_01'
[2016.11.29-15.53.20:063][  0]LogLinker:Warning: Can't find file for asset '/Game/Particles/M_flare_01' while loading ../../../../../../Users/zeng40/Downloads/PrisonBreak/Content/StarterContent/Effects/Particles/Explosion/P_NeonExplosion_Tiny.uasset.
[2016.11.29-15.53.20:063][  0]LoadErrors:Error: Error /Game/StarterContent/Effects/Particles/Explosion/P_NeonExplosion_Tiny : Can't find file for asset. /Game/Particles/M_flare_01
[2016.11.29-15.53.20:063][  0]LogLinker:Warning: Can't find file '/Game/Materials/_Base_Mat/M_Particles/M_SquareParticle'
[2016.11.29-15.53.20:063][  0]LogLinker:Warning: Can't find file for asset '/Game/Materials/_Base_Mat/M_Particles/M_SquareParticle' while loading ../../../../../../Users/zeng40/Downloads/PrisonBreak/Content/StarterContent/Effects/Particles/Explosion/P_NeonExplosion_Tiny.uasset.
[2016.11.29-15.53.20:064][  0]LoadErrors:Error: Error /Game/StarterContent/Effects/Particles/Explosion/P_NeonExplosion_Tiny : Can't find file for asset. /Game/Materials/_Base_Mat/M_Particles/M_SquareParticle
[2016.11.29-15.53.20:064][  0]LogLinker:Warning: Can't find file '/Game/Particles/M_Burst'
[2016.11.29-15.53.20:064][  0]LogLinker:Warning: Can't find file for asset '/Game/Particles/M_Burst' while loading ../../../../../../Users/zeng40/Downloads/PrisonBreak/Content/StarterContent/Effects/Particles/Explosion/P_NeonExplosion_Tiny.uasset.
[2016.11.29-15.53.20:064][  0]LoadErrors:Error: Error /Game/StarterContent/Effects/Particles/Explosion/P_NeonExplosion_Tiny : Can't find file for asset. /Game/Particles/M_Burst
[2016.11.29-15.53.20:064][  0]LogLinker:Warning: Can't find file '/Game/Particles/M_flare_01'
[2016.11.29-15.53.20:064][  0]LogLinker:Warning: Can't find file for asset '/Game/Particles/M_flare_01' while loading ../../../../../../Users/zeng40/Downloads/PrisonBreak/Content/StarterContent/Effects/Particles/Explosion/P_NeonExplosion_Tiny.uasset.
[2016.11.29-15.53.20:064][  0]LoadErrors:Error: Error /Game/StarterContent/Effects/Particles/Explosion/P_NeonExplosion_Tiny : Can't find file for asset. /Game/Particles/M_flare_01
[2016.11.29-15.53.20:285][  0]LogLinker:Warning: Can't find file '/Game/Materials/_Base_Mat/M_Particles/M_SquareParticle'
[2016.11.29-15.53.20:285][  0]LoadErrors: Info Failed to load /Game/Materials/_Base_Mat/M_Particles/M_SquareParticle.M_SquareParticle Referenced by ParticleModuleRequired_3
[2016.11.29-15.53.20:285][  0]LogLinker:Warning: Can't find file for asset '/Game/Materials/_Base_Mat/M_Particles/M_SquareParticle' while loading NULL.
[2016.11.29-15.53.20:285][  0]LoadErrors: Info Failed to load /Game/Materials/_Base_Mat/M_Particles/M_SquareParticle.M_SquareParticle Referenced by ParticleModuleRequired_3
[2016.11.29-15.53.20:285][  0]LogLinker:Warning: Can't find file '/Game/Particles/M_flare_01'
[2016.11.29-15.53.20:285][  0]LoadErrors: Info Failed to load /Game/Particles/M_flare_01.M_flare_01 Referenced by ParticleModuleRequired_4
[2016.11.29-15.53.20:285][  0]LogLinker:Warning: Can't find file for asset '/Game/Particles/M_flare_01' while loading NULL.
[2016.11.29-15.53.20:286][  0]LoadErrors: Info Failed to load /Game/Particles/M_flare_01.M_flare_01 Referenced by ParticleModuleRequired_4
[2016.11.29-15.53.20:286][  0]LogLinker:Warning: Can't find file '/Game/Particles/M_Burst'
[2016.11.29-15.53.20:286][  0]LoadErrors: Info Failed to load /Game/Particles/M_Burst.M_Burst Referenced by ParticleModuleRequired_8
[2016.11.29-15.53.20:286][  0]LogLinker:Warning: Can't find file for asset '/Game/Particles/M_Burst' while loading NULL.
[2016.11.29-15.53.20:286][  0]LoadErrors: Info Failed to load /Game/Particles/M_Burst.M_Burst Referenced by ParticleModuleRequired_8
[2016.11.29-15.53.20:483][  0]LogAIModule: Creating AISystem for world ThirdPersonExampleMap
[2016.11.29-15.53.20:508][  0]LogEditorServer: Finished looking for orphan Actors (0.000 secs)
[2016.11.29-15.53.20:509][  0]Cmd: MAP CHECKDEP NOCLEARLOG
[2016.11.29-15.53.20:555][  0]MapCheck: Info Map check complete: 0 Error(s), 0 Warning(s), took 46.394ms to complete.
[2016.11.29-15.53.20:555][  0]LogFileHelpers: Loading map 'ThirdPersonExampleMap' took 0.638
[2016.11.29-15.53.20:706][  0]LogCollectionManager: Loaded 1 collections in 0.001705 seconds
[2016.11.29-15.53.20:743][  0]LogFileCache: Scanning file cache for directory 'C:/Users/zeng40/Downloads/PrisonBreak/Saved/Collections/' took 0.01s
[2016.11.29-15.53.20:743][  0]LogFileCache: Scanning file cache for directory 'C:/Users/zeng40/Downloads/PrisonBreak/Content/Developers/zeng40/Collections/' took 0.01s
[2016.11.29-15.53.20:743][  0]LogFileCache: Scanning file cache for directory 'C:/Users/zeng40/Downloads/PrisonBreak/Content/Collections/' took 0.01s
[2016.11.29-15.53.20:743][  0]LogCollectionManager: Rebuilt the GUID cache for 1 collections in 0.000005 seconds
[2016.11.29-15.53.20:743][  0]LogCollectionManager: Rebuilt the hierarchy cache for 1 collections in 0.000001 seconds
[2016.11.29-15.53.20:752][  0]LogContentBrowser: Native class hierarchy populated in 0.0086 seconds. Added 2047 classes and 369 folders.
[2016.11.29-15.53.20:756][  0]LogStats: UGameplayTagsManager::ConstructGameplayTagTree: Construct from data asset -  0.000 s
[2016.11.29-15.53.20:756][  0]LogStats: UGameplayTagsManager::ConstructGameplayTagTree: GameplayTagTreeChangedEvent.Broadcast -  0.000 s
[2016.11.29-15.53.20:757][  0]LogContentBrowser: Native class hierarchy updated for 'GameplayTags' in 0.0006 seconds. Added 12 classes and 0 folders.
[2016.11.29-15.53.20:763][  0]LogContentBrowser: Native class hierarchy updated for 'WidgetCarousel' in 0.0009 seconds. Added 0 classes and 0 folders.
[2016.11.29-15.53.20:936][  0]LogContentBrowser: Native class hierarchy updated for 'AddContentDialog' in 0.0005 seconds. Added 0 classes and 0 folders.
[2016.11.29-15.53.20:943][  0]LogContentBrowser: Native class hierarchy updated for 'SceneOutliner' in 0.0004 seconds. Added 1 classes and 2 folders.
[2016.11.29-15.53.20:958][  0]LogCrashTracker: Crashtracker disabled due to settings.
[2016.11.29-15.53.21:018][  0]LogContentBrowser: Native class hierarchy updated for 'HierarchicalLODOutliner' in 0.0004 seconds. Added 1 classes and 2 folders.
[2016.11.29-15.53.21:019][  0]LogLoad: Full Startup: 8.96 seconds (BP compile: 0.11 seconds)
[2016.11.29-15.53.21:019][  0]LogExternalProfiler: Found external profiler: VSPerf
[2016.11.29-15.53.21:019][  0]LogExternalProfiler: Using external profiler: VSPerf
[2016.11.29-15.53.21:028][  0]LogOcInput: OculusInput pre-init called
[2016.11.29-15.53.21:040][  0]LogOcInput: OculusInput is initialized. Init status 0. Runtime version: 1.7.0
[2016.11.29-15.53.21:071][  0]LogContentStreaming: Texture pool size now 1000 MB
[2016.11.29-15.53.21:252][  0]LogRenderer: Reallocating scene render targets to support 1208x576 (Frame:2).
[2016.11.29-15.53.21:312][  1]LogFileCache: Retrieving MD5 hashes for directory 'C:/Users/zeng40/Downloads/PrisonBreak/Content/' took 0.26s
[2016.11.29-15.53.21:411][  3]LogAssetRegistry: Asset discovery search completed in 5.3361 seconds
[2016.11.29-15.53.21:411][  3]LogCollectionManager: Rebuilt the object cache for 1 collections in 0.000006 seconds (found 0 objects)
[2016.11.29-15.53.21:412][  3]LogCollectionManager: Fixed up redirectors for 1 collections in 0.000038 seconds (updated 0 objects)
[2016.11.29-15.53.30:004][741]LogAIModule: Creating AISystem for world NewMap
[2016.11.29-15.53.30:027][741]Cmd: MAP LOAD FILE="../../../../../../Users/zeng40/Downloads/PrisonBreak/Content/ThirdPersonBP/Blueprints/NewMap.umap" TEMPLATE=0 SHOWPROGRESS=1 FEATURELEVEL=3
[2016.11.29-15.53.30:027][741]LightingResults: New page: Lighting Build
[2016.11.29-15.53.30:028][741]LoadErrors: New page: Loading map: NewMap.umap
[2016.11.29-15.53.30:029][741]MapCheck: New page: Map Check
[2016.11.29-15.53.30:029][741]LightingResults: New page: Lighting Build
[2016.11.29-15.53.30:042][741]LogEditorServer: Finished looking for orphan Actors (0.000 secs)
[2016.11.29-15.53.30:082][741]Cmd: MAP CHECKDEP NOCLEARLOG
[2016.11.29-15.53.30:129][741]MapCheck: Info Map check complete: 0 Error(s), 0 Warning(s), took 46.041ms to complete.
[2016.11.29-15.53.30:129][741]LogFileHelpers: Loading map 'NewMap' took 0.102
[2016.11.29-15.53.33:212][ 39]LogBlueprintUserMessages: Early PlayInEditor Detection: Level '/Game/ThirdPersonBP/Blueprints/NewMap.NewMap:PersistentLevel' has LevelScriptBlueprint '/Game/ThirdPersonBP/Blueprints/NewMap.NewMap:PersistentLevel.NewMap' with GeneratedClass '/Game/ThirdPersonBP/Blueprints/NewMap.NewMap_C' with ClassGeneratedBy '/Game/ThirdPersonBP/Blueprints/NewMap.NewMap:PersistentLevel.NewMap'
[2016.11.29-15.53.33:212][ 39]LogPlayLevel: PlayLevel: No blueprints needed recompiling
[2016.11.29-15.53.33:214][ 39]OCULUS: Debug: Failed to open file: C:\Users\zeng40\AppData\Local\Oculus/ProfileDB.json
[2016.11.29-15.53.33:214][ 39]OCULUS: Debug: Failed to open file: C:\Users\zeng40\AppData\Local\Oculus/Profiles.json
[2016.11.29-15.53.33:214][ 39]OCULUS: Debug: Failed to open file: C:\Users\zeng40\AppData\Local\Oculus/ProfileDB.json
[2016.11.29-15.53.33:214][ 39]OCULUS: Debug: Failed to open file: C:\Users\zeng40\AppData\Local\Oculus/Profiles.json
[2016.11.29-15.53.33:214][ 39]OCULUS: Debug: [HMDState] Using default profile default
[2016.11.29-15.53.33:214][ 39]OCULUS: Info: IAD changed to 63.5mm
[2016.11.29-15.53.33:214][ 39]LogHMD: New ovr session is created
[2016.11.29-15.53.33:214][ 39]LogHMD: HMD Oculus Rift DK2, res = 1920 x 1080
[2016.11.29-15.53.33:214][ 39]LogApp: UseVRFocus has changed to 1
[2016.11.29-15.53.33:215][ 39]LogApp: HasVRFocus has changed to 1
[2016.11.29-15.53.33:215][ 39]LogApp: UseVRFocus has changed to 0
[2016.11.29-15.53.33:215][ 39]LogApp: HasVRFocus has changed to 0
[2016.11.29-15.53.33:215][ 39]PIE: New page: PIE session: NewMap (Nov 29, 2016, 5:53:33 AM)
[2016.11.29-15.53.33:215][ 39]LogPlayLevel: Creating play world package: /Game/ThirdPersonBP/Blueprints/UEDPIE_0_NewMap
[2016.11.29-15.53.33:217][ 39]LogPlayLevel: PIE: StaticDuplicateObject took: (0.002134s)
[2016.11.29-15.53.33:218][ 39]LogAIModule: Creating AISystem for world NewMap
[2016.11.29-15.53.33:218][ 39]LogPlayLevel: PIE: World Init took: (0.000558s)
[2016.11.29-15.53.33:219][ 39]LogPlayLevel: PIE: Created PIE world by copying editor world from /Game/ThirdPersonBP/Blueprints/NewMap.NewMap to /Game/ThirdPersonBP/Blueprints/UEDPIE_0_NewMap.NewMap (0.004038s)
[2016.11.29-15.53.33:227][ 39]LogApp: UseVRFocus has changed to 1
[2016.11.29-15.53.33:227][ 39]LogApp: HasVRFocus has changed to 1
[2016.11.29-15.53.33:227][ 39]LogApp: UseVRFocus has changed to 0
[2016.11.29-15.53.33:227][ 39]LogApp: HasVRFocus has changed to 0
[2016.11.29-15.53.33:229][ 39]LogInit: XAudio2 using 'Speakers / Headphones (Realtek High Definition Audio)' : 2 channels at 48 kHz using 32 bits per sample (channel mask 0x3)
[2016.11.29-15.53.33:241][ 39]LogInit: FAudioDevice initialized.
[2016.11.29-15.53.33:295][ 39]LogLinker:Warning: Can't find file '/Game/Materials/InteriorArchVis/Base_Mat/M_Wood_Floors'
[2016.11.29-15.53.33:295][ 39]LogLinker:Warning: Can't find file for asset '/Game/Materials/InteriorArchVis/Base_Mat/M_Wood_Floors' while loading ../../../../../../Users/zeng40/Downloads/PrisonBreak/Content/StarterContent/Materials/InteriorArchVis/Floors/Wood/MI_Oak_Light.uasset.
[2016.11.29-15.53.33:295][ 39]LoadErrors:Error: Error /Game/StarterContent/Materials/InteriorArchVis/Floors/Wood/MI_Oak_Light : Can't find file for asset. /Game/Materials/InteriorArchVis/Base_Mat/M_Wood_Floors
[2016.11.29-15.53.33:295][ 39]LogLinker:Warning: Can't find file '/Game/Materials/InteriorArchVis/Base_Mat/M_Wood_Floors'
[2016.11.29-15.53.33:295][ 39]LogLinker:Warning: Can't find file for asset '/Game/Materials/InteriorArchVis/Base_Mat/M_Wood_Floors' while loading ../../../../../../Users/zeng40/Downloads/PrisonBreak/Content/StarterContent/Materials/InteriorArchVis/Floors/Wood/MI_Oak_Light.uasset.
[2016.11.29-15.53.33:295][ 39]LogLinker:Warning: Can't find file '/Game/Textures/InteriorArchVis/Wood/T_Oak_002'
[2016.11.29-15.53.33:295][ 39]LogLinker:Warning: Can't find file for asset '/Game/Textures/InteriorArchVis/Wood/T_Oak_002' while loading ../../../../../../Users/zeng40/Downloads/PrisonBreak/Content/StarterContent/Materials/InteriorArchVis/Floors/Wood/MI_Oak_Light.uasset.
[2016.11.29-15.53.33:295][ 39]LoadErrors:Error: Error /Game/StarterContent/Materials/InteriorArchVis/Floors/Wood/MI_Oak_Light : Can't find file for asset. /Game/Textures/InteriorArchVis/Wood/T_Oak_002
[2016.11.29-15.53.33:295][ 39]LogLinker:Warning: Can't find file '/Game/Textures/InteriorArchVis/Wood/T_Oak_002'
[2016.11.29-15.53.33:295][ 39]LogLinker:Warning: Can't find file for asset '/Game/Textures/InteriorArchVis/Wood/T_Oak_002' while loading ../../../../../../Users/zeng40/Downloads/PrisonBreak/Content/StarterContent/Materials/InteriorArchVis/Floors/Wood/MI_Oak_Light.uasset.
[2016.11.29-15.53.33:335][ 39]LogLinker:Warning: Can't find file '/Game/Materials/Props/Combat/Explosives/MI_RocketStick'
[2016.11.29-15.53.33:335][ 39]LogLinker:Warning: Can't find file for asset '/Game/Materials/Props/Combat/Explosives/MI_RocketStick' while loading ../../../../../../Users/zeng40/Downloads/PrisonBreak/Content/StarterContent/Meshes/Props/Combat/Explosives/SM_RocketStick.uasset.
[2016.11.29-15.53.33:335][ 39]LoadErrors:Error: Error /Game/StarterContent/Meshes/Props/Combat/Explosives/SM_RocketStick : Can't find file for asset. /Game/Materials/Props/Combat/Explosives/MI_RocketStick
[2016.11.29-15.53.33:335][ 39]LogLinker:Warning: Can't find file '/Game/Materials/Props/Combat/Explosives/MI_RocketStick'
[2016.11.29-15.53.33:335][ 39]LogLinker:Warning: Can't find file for asset '/Game/Materials/Props/Combat/Explosives/MI_RocketStick' while loading ../../../../../../Users/zeng40/Downloads/PrisonBreak/Content/StarterContent/Meshes/Props/Combat/Explosives/SM_RocketStick.uasset.
[2016.11.29-15.53.33:358][ 39]LogLinker:Warning: Can't find file '/Game/Materials/Props/Household/Bathroom/MI_Plunger'
[2016.11.29-15.53.33:358][ 39]LogLinker:Warning: Can't find file for asset '/Game/Materials/Props/Household/Bathroom/MI_Plunger' while loading ../../../../../../Users/zeng40/Downloads/PrisonBreak/Content/StarterContent/Meshes/Props/Household/Bathroom/SM_Plunger.uasset.
[2016.11.29-15.53.33:358][ 39]LoadErrors:Error: Error /Game/StarterContent/Meshes/Props/Household/Bathroom/SM_Plunger : Can't find file for asset. /Game/Materials/Props/Household/Bathroom/MI_Plunger
[2016.11.29-15.53.33:358][ 39]LogLinker:Warning: Can't find file '/Game/Materials/Props/Household/Bathroom/MI_Plunger'
[2016.11.29-15.53.33:358][ 39]LogLinker:Warning: Can't find file for asset '/Game/Materials/Props/Household/Bathroom/MI_Plunger' while loading ../../../../../../Users/zeng40/Downloads/PrisonBreak/Content/StarterContent/Meshes/Props/Household/Bathroom/SM_Plunger.uasset.
[2016.11.29-15.53.33:534][ 39]LogLinker:Warning: Can't find file '/Game/Materials/Props/Combat/Explosives/MI_RocketStick'
[2016.11.29-15.53.33:534][ 39]LoadErrors: Info Failed to load /Game/Materials/Props/Combat/Explosives/MI_RocketStick.MI_RocketStick Referenced by SM_RocketStick
[2016.11.29-15.53.33:534][ 39]LogLinker:Warning: Can't find file for asset '/Game/Materials/Props/Combat/Explosives/MI_RocketStick' while loading NULL.
[2016.11.29-15.53.33:534][ 39]LogLinker:Warning: Can't find file '/Game/Materials/Props/Household/Bathroom/MI_Plunger'
[2016.11.29-15.53.33:534][ 39]LoadErrors: Info Failed to load /Game/Materials/Props/Household/Bathroom/MI_Plunger.MI_Plunger Referenced by SM_Plunger
[2016.11.29-15.53.33:535][ 39]LogLinker:Warning: Can't find file for asset '/Game/Materials/Props/Household/Bathroom/MI_Plunger' while loading NULL.
[2016.11.29-15.53.33:535][ 39]LogLinker:Warning: Can't find file '/Game/Materials/InteriorArchVis/Base_Mat/M_Wood_Floors'
[2016.11.29-15.53.33:535][ 39]LoadErrors: Info Failed to load /Game/Materials/InteriorArchVis/Base_Mat/M_Wood_Floors.M_Wood_Floors Referenced by MI_Oak_Light
[2016.11.29-15.53.33:535][ 39]LogLinker:Warning: Can't find file for asset '/Game/Materials/InteriorArchVis/Base_Mat/M_Wood_Floors' while loading NULL.
[2016.11.29-15.53.33:535][ 39]LogLinker:Warning: Can't find file '/Game/Textures/InteriorArchVis/Wood/T_Oak_002'
[2016.11.29-15.53.33:535][ 39]LoadErrors: Info Failed to load /Game/Textures/InteriorArchVis/Wood/T_Oak_002.T_Oak_002 Referenced by MI_Oak_Light
[2016.11.29-15.53.33:535][ 39]LogLinker:Warning: Can't find file for asset '/Game/Textures/InteriorArchVis/Wood/T_Oak_002' while loading NULL.
[2016.11.29-15.53.33:660][ 39]LogWorld: Game class is 'RunGameNode_C'
[2016.11.29-15.53.33:662][ 39]LogWorld: Bringing World /Game/ThirdPersonBP/Blueprints/UEDPIE_0_NewMap.NewMap up for play (max tick rate 0) at 2016.11.29-10.53.33
[2016.11.29-15.53.33:662][ 39]LogWorld: Bringing up level for play took: 0.001332
[2016.11.29-15.53.33:666][ 39]LogContentBrowser: Native class hierarchy updated for 'MovieSceneCapture' in 0.0004 seconds. Added 11 classes and 0 folders.
[2016.11.29-15.53.33:734][ 39]PIE: Info Play in editor start time for /Game/ThirdPersonBP/Blueprints/UEDPIE_0_NewMap 1.192
[2016.11.29-15.53.33:734][ 39]LogBlueprintUserMessages: Late PlayInEditor Detection: Level '/Game/ThirdPersonBP/Blueprints/NewMap.NewMap:PersistentLevel' has LevelScriptBlueprint '/Game/ThirdPersonBP/Blueprints/NewMap.NewMap:PersistentLevel.NewMap' with GeneratedClass '/Game/ThirdPersonBP/Blueprints/NewMap.NewMap_C' with ClassGeneratedBy '/Game/ThirdPersonBP/Blueprints/NewMap.NewMap:PersistentLevel.NewMap'
[2016.11.29-15.53.33:768][ 39]LogRenderer: Reallocating scene render targets to support 1292x756 (Frame:885).
[2016.11.29-15.53.33:826][ 40]LogCharacterMovement:Warning: GetSimulationTimeStep() - Max iterations 8 hit while remaining time 0.068563 > MaxSimulationTimeStep (0.050) for 'RunCharacter_C_0', movement 'Walking'
[2016.11.29-15.53.40:029][714]LogBlueprintUserMessages: Early EndPlayMap Detection: Level '/Game/ThirdPersonBP/Blueprints/NewMap.NewMap:PersistentLevel' has LevelScriptBlueprint '/Game/ThirdPersonBP/Blueprints/NewMap.NewMap:PersistentLevel.NewMap' with GeneratedClass '/Game/ThirdPersonBP/Blueprints/NewMap.NewMap_C' with ClassGeneratedBy '/Game/ThirdPersonBP/Blueprints/NewMap.NewMap:PersistentLevel.NewMap'
[2016.11.29-15.53.40:029][714]LogHMD: Destroying ovr session
[2016.11.29-15.53.40:084][714]LogBlueprintUserMessages: Late EndPlayMap Detection: Level '/Game/ThirdPersonBP/Blueprints/NewMap.NewMap:PersistentLevel' has LevelScriptBlueprint '/Game/ThirdPersonBP/Blueprints/NewMap.NewMap:PersistentLevel.NewMap' with GeneratedClass '/Game/ThirdPersonBP/Blueprints/NewMap.NewMap_C' with ClassGeneratedBy '/Game/ThirdPersonBP/Blueprints/NewMap.NewMap:PersistentLevel.NewMap'
[2016.11.29-15.53.41:086][795]Cmd: QUIT_EDITOR
[2016.11.29-15.53.41:150][795]LogExit: Preparing to exit.
[2016.11.29-15.53.42:381][795]LogExit: Editor shut down
[2016.11.29-15.53.42:381][795]LogExit: Transaction tracking system shut down
[2016.11.29-15.53.42:491][795]LogObj: Freed 0b from 0 cluster array pools.
[2016.11.29-15.53.42:492][795]LogExit: Object subsystem successfully closed.
[2016.11.29-15.53.42:503][795]LogD3D11RHI: Shutdown
[2016.11.29-15.53.42:503][795]LogD3D11RHI: CleanupD3DDevice
[2016.11.29-15.53.42:561][795]LogD3D11RHI: ~FD3D11DynamicRHI
[2016.11.29-15.53.42:572][795]LogModuleManager: Shutting down and abandoning module MovieSceneCapture (214)
[2016.11.29-15.53.42:572][795]LogModuleManager: Shutting down and abandoning module HierarchicalLODOutliner (213)
[2016.11.29-15.53.42:572][795]LogModuleManager: Shutting down and abandoning module CrashTracker (212)
[2016.11.29-15.53.42:572][795]LogModuleManager: Shutting down and abandoning module SceneOutliner (211)
[2016.11.29-15.53.42:572][795]LogModuleManager: Shutting down and abandoning module WidgetCarousel (210)
[2016.11.29-15.53.42:572][795]LogModuleManager: Shutting down and abandoning module AddContentDialog (209)
[2016.11.29-15.53.42:573][795]LogModuleManager: Shutting down and abandoning module GameplayTags (208)
[2016.11.29-15.53.42:573][795]LogModuleManager: Shutting down and abandoning module EditorWidgets (207)
[2016.11.29-15.53.42:573][795]LogModuleManager: Shutting down and abandoning module CollectionManager (206)
[2016.11.29-15.53.42:573][795]LogModuleManager: Shutting down and abandoning module StatsViewer (205)
[2016.11.29-15.53.42:573][795]LogModuleManager: Shutting down and abandoning module FoliageEdit (204)
[2016.11.29-15.53.42:573][795]LogModuleManager: Shutting down and abandoning module LandscapeEditor (203)
[2016.11.29-15.53.42:573][795]LogModuleManager: Shutting down and abandoning module SceneDepthPickerMode (202)
[2016.11.29-15.53.42:573][795]LogModuleManager: Shutting down and abandoning module ActorPickerMode (201)
[2016.11.29-15.53.42:573][795]LogModuleManager: Shutting down and abandoning module GeometryMode (200)
[2016.11.29-15.53.42:573][795]LogModuleManager: Shutting down and abandoning module TextureAlignMode (199)
[2016.11.29-15.53.42:574][795]LogModuleManager: Shutting down and abandoning module BspMode (198)
[2016.11.29-15.53.42:574][795]LogModuleManager: Shutting down and abandoning module HardwareSurvey (197)
[2016.11.29-15.53.42:574][795]LogModuleManager: Shutting down and abandoning module SequenceRecorderSections (196)
[2016.11.29-15.53.42:574][795]LogModuleManager: Shutting down and abandoning module SequenceRecorder (195)
[2016.11.29-15.53.42:574][795]LogModuleManager: Shutting down and abandoning module AutomationWorker (194)
[2016.11.29-15.53.42:574][795]LogModuleManager: Shutting down and abandoning module MatineeToLevelSequence (193)
[2016.11.29-15.53.42:574][795]LogModuleManager: Shutting down and abandoning module PlacementMode (192)
[2016.11.29-15.53.42:574][795]LogModuleManager: Shutting down and abandoning module LevelSequenceEditor (191)
[2016.11.29-15.53.42:574][795]LogModuleManager: Shutting down and abandoning module CharacterAI (190)
[2016.11.29-15.53.42:574][795]LogModuleManager: Shutting down and abandoning module SmartSnapping (189)
[2016.11.29-15.53.42:574][795]LogModuleManager: Shutting down and abandoning module SessionServices (188)
[2016.11.29-15.53.42:574][795]LogModuleManager: Shutting down and abandoning module ViewportSnapping (187)
[2016.11.29-15.53.42:574][795]LogModuleManager: Shutting down and abandoning module LogVisualizer (186)
[2016.11.29-15.53.42:574][795]LogModuleManager: Shutting down and abandoning module GameProjectGeneration (185)
[2016.11.29-15.53.42:574][795]LogModuleManager: Shutting down and abandoning module IntroTutorials (184)
[2016.11.29-15.53.42:574][795]LogModuleManager: Shutting down and abandoning module EditorLiveStreaming (183)
[2016.11.29-15.53.42:574][795]LogModuleManager: Shutting down and abandoning module IOSPlatformEditor (182)
[2016.11.29-15.53.42:574][795]LogModuleManager: Shutting down and abandoning module HTML5PlatformEditor (181)
[2016.11.29-15.53.42:574][795]LogModuleManager: Shutting down and abandoning module AndroidDeviceDetection (180)
[2016.11.29-15.53.43:339][795]LogModuleManager: Shutting down and abandoning module AndroidPlatformEditor (179)
[2016.11.29-15.53.43:339][795]LogModuleManager: Shutting down and abandoning module IOSRuntimeSettings (178)
[2016.11.29-15.53.43:339][795]LogModuleManager: Shutting down and abandoning module AndroidRuntimeSettings (177)
[2016.11.29-15.53.43:339][795]LogModuleManager: Shutting down and abandoning module MergeActors (176)
[2016.11.29-15.53.43:339][795]LogModuleManager: Shutting down and abandoning module SizeMap (175)
[2016.11.29-15.53.43:339][795]LogModuleManager: Shutting down and abandoning module TreeMap (174)
[2016.11.29-15.53.43:339][795]LogModuleManager: Shutting down and abandoning module ReferenceViewer (173)
[2016.11.29-15.53.43:339][795]LogModuleManager: Shutting down and abandoning module LocalizationService (172)
[2016.11.29-15.53.43:339][795]LogModuleManager: Shutting down and abandoning module LocalizationDashboard (171)
[2016.11.29-15.53.43:339][795]LogModuleManager: Shutting down and abandoning module HardwareTargeting (170)
[2016.11.29-15.53.43:339][795]LogModuleManager: Shutting down and abandoning module DeviceProfileEditor (169)
[2016.11.29-15.53.43:339][795]LogModuleManager: Shutting down and abandoning module UndoHistory (168)
[2016.11.29-15.53.43:339][795]LogModuleManager: Shutting down and abandoning module UserFeedback (167)
[2016.11.29-15.53.43:339][795]LogModuleManager: Shutting down and abandoning module XmlParser (166)
[2016.11.29-15.53.43:339][795]LogModuleManager: Shutting down and abandoning module Blutility (165)
[2016.11.29-15.53.43:339][795]LogModuleManager: Shutting down and abandoning module ProjectTargetPlatformEditor (164)
[2016.11.29-15.53.43:339][795]LogModuleManager: Shutting down and abandoning module ProjectSettingsViewer (163)
[2016.11.29-15.53.43:340][795]LogModuleManager: Shutting down and abandoning module InputBindingEditor (162)
[2016.11.29-15.53.43:340][795]LogModuleManager: Shutting down and abandoning module EditorSettingsViewer (161)
[2016.11.29-15.53.43:340][795]LogModuleManager: Shutting down and abandoning module SettingsEditor (160)
[2016.11.29-15.53.43:340][795]LogModuleManager: Shutting down and abandoning module ProjectLauncher (159)
[2016.11.29-15.53.43:340][795]LogModuleManager: Shutting down and abandoning module SessionFrontend (158)
[2016.11.29-15.53.43:340][795]LogModuleManager: Shutting down and abandoning module ProfilerClient (157)
[2016.11.29-15.53.43:340][795]LogModuleManager: Shutting down and abandoning module TargetDeviceServices (156)
[2016.11.29-15.53.43:340][795]LogModuleManager: Shutting down and abandoning module DeviceManager (155)
[2016.11.29-15.53.43:390][795]LogModuleManager: Shutting down and abandoning module AutomationController (154)
[2016.11.29-15.53.43:390][795]LogModuleManager: Shutting down and abandoning module AutomationWindow (153)
[2016.11.29-15.53.43:390][795]LogModuleManager: Shutting down and abandoning module Layers (152)
[2016.11.29-15.53.43:390][795]LogModuleManager: Shutting down and abandoning module ComponentVisualizers (151)
[2016.11.29-15.53.43:390][795]LogModuleManager: Shutting down and abandoning module DetailCustomizations (150)
[2016.11.29-15.53.43:390][795]LogModuleManager: Shutting down and abandoning module PackagesDialog (149)
[2016.11.29-15.53.43:390][795]LogModuleManager: Shutting down and abandoning module Persona (148)
[2016.11.29-15.53.43:390][795]LogModuleManager: Shutting down and abandoning module Kismet (147)
[2016.11.29-15.53.43:390][795]LogModuleManager: Shutting down and abandoning module GraphEditor (146)
[2016.11.29-15.53.43:390][795]LogModuleManager: Shutting down and abandoning module ClassViewer (145)
[2016.11.29-15.53.43:390][795]LogModuleManager: Shutting down and abandoning module Toolbox (144)
[2016.11.29-15.53.43:390][795]LogModuleManager: Shutting down and abandoning module ModuleUI (143)
[2016.11.29-15.53.43:390][795]LogModuleManager: Shutting down and abandoning module MovieSceneTools (142)
[2016.11.29-15.53.43:390][795]LogModuleManager: Shutting down and abandoning module OutputLog (141)
[2016.11.29-15.53.43:390][795]LogModuleManager: Shutting down and abandoning module GammaUI (140)
[2016.11.29-15.53.43:390][795]LogModuleManager: Shutting down and abandoning module Documentation (139)
[2016.11.29-15.53.43:390][795]LogModuleManager: Shutting down and abandoning module StreamingPauseRendering (138)
[2016.11.29-15.53.43:390][795]LogModuleManager: Shutting down and abandoning module AnalyticsET (137)
[2016.11.29-15.53.43:390][795]LogModuleManager: Shutting down and abandoning module Analytics (136)
[2016.11.29-15.53.43:390][795]LogModuleManager: Shutting down and abandoning module PortalServices (135)
[2016.11.29-15.53.43:390][795]LogModuleManager: Shutting down and abandoning module PortalRpc (134)
[2016.11.29-15.53.43:390][795]LogModuleManager: Shutting down and abandoning module MessagingRpc (133)
[2016.11.29-15.53.43:390][795]LogModuleManager: Shutting down and abandoning module GameplayDebugger (132)
[2016.11.29-15.53.43:390][795]LogModuleManager: Shutting down and abandoning module AITestSuite (131)
[2016.11.29-15.53.43:390][795]LogModuleManager: Shutting down and abandoning module AIModule (130)
[2016.11.29-15.53.43:390][795]LogModuleManager: Shutting down and abandoning module ProfilerService (129)
[2016.11.29-15.53.43:406][795]LogModuleManager: Shutting down and abandoning module TaskGraph (128)
[2016.11.29-15.53.43:406][795]LogModuleManager: Shutting down and abandoning module SlateRemote (127)
[2016.11.29-15.53.43:406][795]LogModuleManager: Shutting down and abandoning module SteamVRController (126)
[2016.11.29-15.53.43:406][795]LogModuleManager: Shutting down and abandoning module SteamVR (125)
[2016.11.29-15.53.43:406][795]LogModuleManager: Shutting down and abandoning module ProceduralMeshComponent (124)
[2016.11.29-15.53.43:406][795]LogModuleManager: Shutting down and abandoning module OculusLibrary (123)
[2016.11.29-15.53.43:406][795]LogModuleManager: Shutting down and abandoning module OculusInput (122)
[2016.11.29-15.53.43:406][795]LogModuleManager: Shutting down and abandoning module CustomMeshComponent (121)
[2016.11.29-15.53.43:406][795]LogModuleManager: Shutting down and abandoning module CableComponent (120)
[2016.11.29-15.53.43:406][795]LogModuleManager: Shutting down and abandoning module ArchVisCharacter (119)
[2016.11.29-15.53.43:406][795]LogModuleManager: Shutting down and abandoning module MediaPlayerEditor (118)
[2016.11.29-15.53.43:406][795]LogModuleManager: Shutting down and abandoning module HTML5Networking (117)
[2016.11.29-15.53.43:406][795]LogModuleManager: Shutting down and abandoning module SuperSearch (116)
[2016.11.29-15.53.43:406][795]LogModuleManager: Shutting down and abandoning module SuperSearchEditor (115)
[2016.11.29-15.53.43:406][795]LogModuleManager: Shutting down and abandoning module SpeedTreeImporter (114)
[2016.11.29-15.53.43:406][795]LogModuleManager: Shutting down and abandoning module PluginBrowser (113)
[2016.11.29-15.53.43:406][795]LogModuleManager: Shutting down and abandoning module EpicSurvey (112)
[2016.11.29-15.53.43:406][795]LogModuleManager: Shutting down and abandoning module DesktopPlatform (111)
[2016.11.29-15.53.43:406][795]LogModuleManager: Shutting down and abandoning module VisualStudioSourceCodeAccess (110)
[2016.11.29-15.53.43:407][795]LogModuleManager: Shutting down and abandoning module UObjectPlugin (109)
[2016.11.29-15.53.43:407][795]LogModuleManager: Shutting down and abandoning module SubversionSourceControl (108)
[2016.11.29-15.53.43:407][795]LogModuleManager: Shutting down and abandoning module PerforceSourceControl (107)
[2016.11.29-15.53.43:407][795]LogModuleManager: Shutting down and abandoning module SourceControl (106)
[2016.11.29-15.53.43:407][795]LogModuleManager: Shutting down and abandoning module GitSourceControl (105)
[2016.11.29-15.53.43:407][795]LogModuleManager: Shutting down and abandoning module LightPropagationVolumeEditor (104)
[2016.11.29-15.53.43:407][795]LogModuleManager: Shutting down and abandoning module PaperTiledImporter (103)
[2016.11.29-15.53.43:407][795]LogModuleManager: Shutting down and abandoning module PaperSpriteSheetImporter (102)
[2016.11.29-15.53.43:407][795]LogModuleManager: Shutting down and abandoning module MeshPaint (101)
[2016.11.29-15.53.43:407][795]LogModuleManager: Shutting down and abandoning module PixelInspectorModule (100)
[2016.11.29-15.53.43:407][795]LogModuleManager: Shutting down and abandoning module HotReload (99)
[2016.11.29-15.53.43:407][795]LogModuleManager: Shutting down and abandoning module MainFrame (98)
[2016.11.29-15.53.43:408][795]LogModuleManager: Shutting down and abandoning module LevelEditor (97)
[2016.11.29-15.53.43:408][795]LogModuleManager: Shutting down and abandoning module ContentBrowser (96)
[2016.11.29-15.53.43:409][795]LogModuleManager: Shutting down and abandoning module Paper2DEditor (95)
[2016.11.29-15.53.43:409][795]LogModuleManager: Shutting down and abandoning module UdpMessaging (94)
[2016.11.29-15.53.43:509][795]LogModuleManager: Shutting down and abandoning module LightPropagationVolumeRuntime (93)
[2016.11.29-15.53.43:509][795]LogModuleManager: Shutting down and abandoning module Paper2D (92)
[2016.11.29-15.53.43:509][795]LogModuleManager: Shutting down and abandoning module WindowsMoviePlayer (91)
[2016.11.29-15.53.43:509][795]LogModuleManager: Shutting down and abandoning module Media (90)
[2016.11.29-15.53.43:509][795]LogModuleManager: Shutting down and abandoning module WmfMedia (89)
[2016.11.29-15.53.43:509][795]LogModuleManager: Shutting down and abandoning module MediaAssets (88)
[2016.11.29-15.53.43:509][795]LogModuleManager: Shutting down and abandoning module GameLiveStreaming (87)
[2016.11.29-15.53.43:509][795]LogModuleManager: Shutting down and abandoning module GameplayTagsEditor (86)
[2016.11.29-15.53.43:509][795]LogModuleManager: Shutting down and abandoning module OnlineBlueprintSupport (85)
[2016.11.29-15.53.43:509][795]LogModuleManager: Shutting down and abandoning module VREditor (84)
[2016.11.29-15.53.43:509][795]LogModuleManager: Shutting down and abandoning module GameplayTasksEditor (83)
[2016.11.29-15.53.43:509][795]LogModuleManager: Shutting down and abandoning module PropertyEditor (82)
[2016.11.29-15.53.43:509][795]LogModuleManager: Shutting down and abandoning module BehaviorTreeEditor (81)
[2016.11.29-15.53.43:509][795]LogModuleManager: Shutting down and abandoning module FunctionalTesting (80)
[2016.11.29-15.53.43:509][795]LogModuleManager: Shutting down and abandoning module CollisionAnalyzer (79)
[2016.11.29-15.53.43:509][795]LogModuleManager: Shutting down and abandoning module Sequencer (78)
[2016.11.29-15.53.43:509][795]LogModuleManager: Shutting down and abandoning module WorkspaceMenuStructure (77)
[2016.11.29-15.53.43:509][795]LogModuleManager: Shutting down and abandoning module MessageLog (76)
[2016.11.29-15.53.43:509][795]LogModuleManager: Shutting down and abandoning module AssetTools (75)
[2016.11.29-15.53.43:510][795]LogModuleManager: Shutting down and abandoning module UMGEditor (74)
[2016.11.29-15.53.43:510][795]LogModuleManager: Shutting down and abandoning module UMG (73)
[2016.11.29-15.53.43:510][795]LogModuleManager: Shutting down and abandoning module SlateReflector (72)
[2016.11.29-15.53.43:510][795]LogModuleManager: Shutting down and abandoning module Slate (71)
[2016.11.29-15.53.43:510][795]LogModuleManager: Shutting down and abandoning module EditorStyle (70)
[2016.11.29-15.53.43:512][795]LogModuleManager: Shutting down and abandoning module SourceCodeAccess (69)
[2016.11.29-15.53.43:512][795]LogModuleManager: Shutting down and abandoning module HeadMountedDisplay (68)
[2016.11.29-15.53.43:512][795]LogModuleManager: Shutting down and abandoning module XAudio2 (67)
[2016.11.29-15.53.43:512][795]LogModuleManager: Shutting down and abandoning module Networking (65)
[2016.11.29-15.53.43:512][795]LogModuleManager: Shutting down and abandoning module Core (64)
[2016.11.29-15.53.43:512][795]LogModuleManager: Shutting down and abandoning module DirectoryWatcher (63)
[2016.11.29-15.53.43:512][795]LogModuleManager: Shutting down and abandoning module AssetRegistry (62)
[2016.11.29-15.53.43:653][795]LogModuleManager: Shutting down and abandoning module KismetCompiler (61)
[2016.11.29-15.53.43:653][795]LogModuleManager: Shutting down and abandoning module PhysXFormats (60)
[2016.11.29-15.53.43:653][795]LogModuleManager: Shutting down and abandoning module MeshUtilities (59)
[2016.11.29-15.53.43:654][795]LogModuleManager: Shutting down and abandoning module DerivedDataCache (58)
[2016.11.29-15.53.43:994][795]LogDerivedDataCache: Shutdown
[2016.11.29-15.53.43:994][795]LogModuleManager: Shutting down and abandoning module VulkanShaderFormat (57)
[2016.11.29-15.53.43:994][795]LogModuleManager: Shutting down and abandoning module ShaderFormatOpenGL (56)
[2016.11.29-15.53.43:994][795]LogModuleManager: Shutting down and abandoning module ShaderFormatD3D (55)
[2016.11.29-15.53.43:994][795]LogModuleManager: Shutting down and abandoning module MetalShaderFormat (54)
[2016.11.29-15.53.43:994][795]LogModuleManager: Shutting down and abandoning module TextureFormatUncompressed (53)
[2016.11.29-15.53.43:994][795]LogModuleManager: Shutting down and abandoning module TextureFormatPVR (52)
[2016.11.29-15.53.43:994][795]LogModuleManager: Shutting down and abandoning module TextureFormatIntelISPCTexComp (51)
[2016.11.29-15.53.43:995][795]LogModuleManager: Shutting down and abandoning module TextureFormatDXT (50)
[2016.11.29-15.53.43:995][795]LogModuleManager: Shutting down and abandoning module ImageWrapper (49)
[2016.11.29-15.53.43:995][795]LogModuleManager: Shutting down and abandoning module TextureFormatASTC (48)
[2016.11.29-15.53.43:995][795]LogModuleManager: Shutting down and abandoning module TextureFormatAndroid (47)
[2016.11.29-15.53.43:995][795]LogModuleManager: Shutting down and abandoning module AudioFormatOpus (46)
[2016.11.29-15.53.43:995][795]LogModuleManager: Shutting down and abandoning module AudioFormatOgg (45)
[2016.11.29-15.53.43:995][795]LogModuleManager: Shutting down and abandoning module AudioFormatADPCM (44)
[2016.11.29-15.53.43:995][795]LogModuleManager: Shutting down and abandoning module LinuxTargetPlatform (43)
[2016.11.29-15.53.43:995][795]LogModuleManager: Shutting down and abandoning module LinuxServerTargetPlatform (42)
[2016.11.29-15.53.43:995][795]LogModuleManager: Shutting down and abandoning module LinuxNoEditorTargetPlatform (41)
[2016.11.29-15.53.43:995][795]LogModuleManager: Shutting down and abandoning module TVOSTargetPlatform (40)
[2016.11.29-15.53.43:995][795]LogModuleManager: Shutting down and abandoning module Messaging (39)
[2016.11.29-15.53.43:995][795]LogModuleManager: Shutting down and abandoning module IOSTargetPlatform (38)
[2016.11.29-15.53.43:995][795]LogModuleManager: Shutting down and abandoning module HTML5TargetPlatform (37)
[2016.11.29-15.53.43:995][795]LogModuleManager: Shutting down and abandoning module Android_PVRTCTargetPlatform (36)
[2016.11.29-15.53.43:995][795]LogModuleManager: Shutting down and abandoning module Android_MultiTargetPlatform (35)
[2016.11.29-15.53.43:995][795]LogModuleManager: Shutting down and abandoning module Android_ETC2TargetPlatform (34)
[2016.11.29-15.53.43:995][795]LogModuleManager: Shutting down and abandoning module Android_ETC1TargetPlatform (33)
[2016.11.29-15.53.43:995][795]LogModuleManager: Shutting down and abandoning module Android_DXTTargetPlatform (32)
[2016.11.29-15.53.43:995][795]LogModuleManager: Shutting down and abandoning module Android_ATCTargetPlatform (31)
[2016.11.29-15.53.43:995][795]LogModuleManager: Shutting down and abandoning module Android_ASTCTargetPlatform (30)
[2016.11.29-15.53.43:995][795]LogModuleManager: Shutting down and abandoning module AndroidTargetPlatform (29)
[2016.11.29-15.53.43:995][795]LogModuleManager: Shutting down and abandoning module WindowsTargetPlatform (28)
[2016.11.29-15.53.43:995][795]LogModuleManager: Shutting down and abandoning module WindowsServerTargetPlatform (27)
[2016.11.29-15.53.43:995][795]LogModuleManager: Shutting down and abandoning module WindowsNoEditorTargetPlatform (26)
[2016.11.29-15.53.43:995][795]LogModuleManager: Shutting down and abandoning module WindowsClientTargetPlatform (25)
[2016.11.29-15.53.43:995][795]LogModuleManager: Shutting down and abandoning module AllDesktopTargetPlatform (24)
[2016.11.29-15.53.43:995][795]LogModuleManager: Shutting down and abandoning module TargetPlatform (23)
[2016.11.29-15.53.43:995][795]LogModuleManager: Shutting down and abandoning module InputCore (22)
[2016.11.29-15.53.43:995][795]LogModuleManager: Shutting down and abandoning module Settings (21)
[2016.11.29-15.53.43:995][795]LogModuleManager: Shutting down and abandoning module OnlineSubsystem (19)
[2016.11.29-15.53.43:995][795]LogModuleManager: Shutting down and abandoning module HTTP (18)
[2016.11.29-15.53.48:503][795]LogModuleManager: Shutting down and abandoning module XMPP (17)
[2016.11.29-15.53.48:503][795]LogModuleManager: Shutting down and abandoning module OculusRift (16)
[2016.11.29-15.53.48:504][795]LogHMD: Oculus shutdown.
[2016.11.29-15.53.48:504][795]LogModuleManager: Shutting down and abandoning module ExampleDeviceProfileSelector (15)
[2016.11.29-15.53.48:504][795]LogModuleManager: Shutting down and abandoning module TextureCompressor (14)
[2016.11.29-15.53.48:504][795]LogModuleManager: Shutting down and abandoning module ShaderCore (13)
[2016.11.29-15.53.48:504][795]LogModuleManager: Shutting down and abandoning module Landscape (12)
[2016.11.29-15.53.48:504][795]LogModuleManager: Shutting down and abandoning module SlateRHIRenderer (11)
[2016.11.29-15.53.48:506][795]LogModuleManager: Shutting down and abandoning module OpenGLDrv (10)
[2016.11.29-15.53.48:506][795]LogModuleManager: Shutting down and abandoning module D3D11RHI (9)
[2016.11.29-15.53.48:506][795]LogModuleManager: Shutting down and abandoning module AnimGraphRuntime (8)
[2016.11.29-15.53.48:506][795]LogModuleManager: Shutting down and abandoning module Renderer (7)
[2016.11.29-15.53.48:506][795]LogModuleManager: Shutting down and abandoning module Engine (6)
[2016.11.29-15.53.48:506][795]LogModuleManager: Shutting down and abandoning module CoreUObject (5)
[2016.11.29-15.53.48:506][795]LogModuleManager: Shutting down and abandoning module NetworkFile (4)
[2016.11.29-15.53.48:506][795]LogModuleManager: Shutting down and abandoning module StreamingFile (3)
[2016.11.29-15.53.48:506][795]LogModuleManager: Shutting down and abandoning module SandboxFile (2)
[2016.11.29-15.53.48:506][795]LogModuleManager: Shutting down and abandoning module PakFile (1)
[2016.11.29-15.53.48:507][795]LogExit: Exiting.
[2016.11.29-15.53.48:528][795]Log file closed, 11/29/16 10:53:48
