Log file open, 11/30/16 00:52:35
LogInit:Display: Running engine for game: PrisonBreak
LogPlatformFile: Not using cached read wrapper
LogInit:Display: RandInit(1802345757) SRandInit(1802345759).
LogTaskGraph: Started task graph with 4 named threads and 5 total threads with 1 sets of task threads.
LogStats: Stats thread started at 0.106972
LogInit: Version: 4.12.5-3039270+++UE4+Release-4.12
LogInit: API Version: 2992821
LogInit: Net Version: 3039270
LogDevObjectVersion: Number of dev versions registered: 13
LogDevObjectVersion:   Dev-Blueprints (B0D832E4-1F89-4F0D-ACCF-7EB736FD4AA2): 3
LogDevObjectVersion:   Dev-Build (E1C64328-A22C-4D53-A36C-8E866417BD8C): 0
LogDevObjectVersion:   Dev-Core (375EC13C-06E4-48FB-B500-84F0262A717E): 1
LogDevObjectVersion:   Dev-Editor (E4B068ED-F494-42E9-A231-DA0B2E46BB41): 2
LogDevObjectVersion:   Dev-Framework (CFFC743F-43B0-4480-9391-14DF171D2073): 6
LogDevObjectVersion:   Dev-Mobile (B02B49B5-BB20-44E9-A304-32B752E40360): 0
LogDevObjectVersion:   Dev-Networking (A4E4105C-59A1-49B5-A7C5-40C4547EDFEE): 0
LogDevObjectVersion:   Dev-Online (39C831C9-5AE6-47DC-9A44-9C173E1C8E7C): 0
LogDevObjectVersion:   Dev-Physics (78F01B33-EBEA-4F98-B9B4-84EACCB95AA2): 0
LogDevObjectVersion:   Dev-Platform (6631380F-2D4D-43E0-8009-CF276956A95A): 0
LogDevObjectVersion:   Dev-Rendering (12F88B9F-8875-4AFC-A67C-D90C383ABD29): 2
LogDevObjectVersion:   Dev-Sequencer (7B5AE74C-D270-4C10-A958-57980B212A5A): 0
LogDevObjectVersion:   Dev-VR (D7296918-1DD6-4BDD-9DE2-64A83CC13884): 0
LogInit: Compiled (64-bit): Jul  6 2016 09:09:46
LogInit: Compiled with Visual C++: 19.00.23026.00
LogInit: Build Configuration: Development
LogInit: Branch Name: ++UE4+Release-4.12
LogInit: Command line:  
LogInit: Base directory: F:/Epic Games/4.12/Engine/Binaries/Win64/
LogInit: Installed Engine Build: 1
LogInit: Using libcurl 7.41.0
LogInit:  - built for x86_64-pc-win32
LogInit:  - supports SSL with WinSSL
LogInit:  - other features:
LogInit:      CURL_VERSION_SSL
LogInit:      CURL_VERSION_IPV6
LogInit:      CURL_VERSION_ASYNCHDNS
LogInit:      CURL_VERSION_LARGEFILE
LogInit:      CURL_VERSION_IDN
LogInit:  CurlRequestOptions (configurable via config and command line):
LogInit:  - bVerifyPeer = true  - Libcurl will verify peer certificate
LogInit:  - bUseHttpProxy = false  - Libcurl will NOT use HTTP proxy
LogInit:  - bDontReuseConnections = false  - Libcurl will reuse connections
LogInit:  - CertBundlePath = nullptr  - Libcurl will use whatever was configured at build time.
LogInit: Presizing for max 8388607 objects, including 0 objects not considered by GC, pre-allocating 0 bytes for permanent pool.
LogInit: Object subsystem initialized
[2016.11.29-16.52.35:476][  0]LogInit: Selected Device Profile: [Windows]
[2016.11.29-16.52.35:476][  0]LogInit: Applying CVar settings loaded from the selected device profile: [Windows]
[2016.11.29-16.52.35:595][  0]LogInit: Computer: DESKTOP-80R6GS1
[2016.11.29-16.52.35:595][  0]LogInit: User: gelei
[2016.11.29-16.52.35:595][  0]LogInit: CPU Page size=65536, Cores=2
[2016.11.29-16.52.35:595][  0]LogInit: High frequency timer resolution =2.435868 MHz
[2016.11.29-16.52.35:595][  0]LogMemory: Memory total: Physical=7.9GB (8GB approx)
[2016.11.29-16.52.35:595][  0]LogMemory: Platform Memory Stats for Windows
[2016.11.29-16.52.35:595][  0]LogMemory: Process Physical Memory: 190.48 MB used, 190.48 MB peak
[2016.11.29-16.52.35:595][  0]LogMemory: Process Virtual Memory: 195.16 MB used, 195.16 MB peak
[2016.11.29-16.52.35:595][  0]LogMemory: Physical Memory: 2487.93 MB used, 8091.27 MB total
[2016.11.29-16.52.35:595][  0]LogMemory: Virtual Memory: 552.22 MB used, 134217728.00 MB total
[2016.11.29-16.52.36:402][  0]LogTextLocalizationManager:Warning: Loaded localization resources contain conflicting entries for (Namespace:K2Node, Key:Target):
Localization Resource: (F:/Epic Games/4.12/Engine/Content/Localization/EditorTutorials/zh-CN/EditorTutorials.locres) Source String Hash: (-1589014459) Localized String: (目标)
Localization Resource: (F:/Epic Games/4.12/Engine/Content/Localization/Engine/zh-CN/Engine.locres) Source String Hash: (-1589014459) Localized String: (对象)
[2016.11.29-16.52.36:402][  0]LogTextLocalizationManager:Warning: Loaded localization resources contain conflicting entries for (Namespace:K2Node, Key:false):
Localization Resource: (F:/Epic Games/4.12/Engine/Content/Localization/EditorTutorials/zh-CN/EditorTutorials.locres) Source String Hash: (816077464) Localized String: (假)
Localization Resource: (F:/Epic Games/4.12/Engine/Content/Localization/Engine/zh-CN/Engine.locres) Source String Hash: (816077464) Localized String: (错误)
[2016.11.29-16.52.36:402][  0]LogTextLocalizationManager:Warning: Loaded localization resources contain conflicting entries for (Namespace:K2Node, Key:true):
Localization Resource: (F:/Epic Games/4.12/Engine/Content/Localization/EditorTutorials/zh-CN/EditorTutorials.locres) Source String Hash: (-942328987) Localized String: (真)
Localization Resource: (F:/Epic Games/4.12/Engine/Content/Localization/Engine/zh-CN/Engine.locres) Source String Hash: (-942328987) Localized String: (正确)
[2016.11.29-16.52.36:402][  0]LogTextLocalizationManager:Warning: Loaded localization resources contain conflicting entries for (Namespace:UObjectToolTips, Key:AnimNode_AssetPlayerBase:InternalTimeAccumulator):
Localization Resource: (F:/Epic Games/4.12/Engine/Content/Localization/EditorTutorials/zh-CN/EditorTutorials.locres) Source String Hash: (502993589) Localized String: (用于引用此节点中的资源的累积时间)
Localization Resource: (F:/Epic Games/4.12/Engine/Content/Localization/Engine/zh-CN/Engine.locres) Source String Hash: (502993589) Localized String: (引用该节点中资源所用的累计时间)
[2016.11.29-16.52.36:402][  0]LogTextLocalizationManager:Warning: Loaded localization resources contain conflicting entries for (Namespace:UObjectToolTips, Key:AnimNode_AssetPlayerBase:bIgnoreForRelevancyTest):
Localization Resource: (F:/Epic Games/4.12/Engine/Content/Localization/EditorTutorials/zh-CN/EditorTutorials.locres) Source String Hash: (319969718) Localized String: (若为真，在状态中寻找最高权重动画的“相关动画”节点将忽视 此节点)
Localization Resource: (F:/Epic Games/4.12/Engine/Content/Localization/Engine/zh-CN/Engine.locres) Source String Hash: (319969718) Localized String: (如果为真，那么将会忽略查找最高权重动画的"相关动画"节点。
这个节点)
[2016.11.29-16.52.36:402][  0]LogTextLocalizationManager:Warning: Loaded localization resources contain conflicting entries for (Namespace:UObjectToolTips, Key:AnimNode_AssetPlayerBase:BlendWeight):
Localization Resource: (F:/Epic Games/4.12/Engine/Content/Localization/EditorTutorials/zh-CN/EditorTutorials.locres) Source String Hash: (-1232800293) Localized String: (此节点最后交会的混合权重)
Localization Resource: (F:/Epic Games/4.12/Engine/Content/Localization/Engine/zh-CN/Engine.locres) Source String Hash: (-1232800293) Localized String: (该节点上一次遇到的混合权重)
[2016.11.29-16.52.36:634][  0]LogD3D11RHI: D3D11 adapters:
[2016.11.29-16.52.37:013][  0]LogD3D11RHI:    0. 'NVIDIA GeForce GT 640M LE' (Feature Level 11_0)
[2016.11.29-16.52.37:013][  0]LogD3D11RHI:       1996/0/2047 MB DedicatedVideo/DedicatedSystem/SharedSystem, Outputs:1, VendorId:0x10de
[2016.11.29-16.52.37:030][  0]LogD3D11RHI:    1. 'NVIDIA GeForce GT 640M LE' (Feature Level 11_0)
[2016.11.29-16.52.37:030][  0]LogD3D11RHI:       1996/0/2047 MB DedicatedVideo/DedicatedSystem/SharedSystem, Outputs:0, VendorId:0x10de
[2016.11.29-16.52.37:034][  0]LogD3D11RHI:    2. 'Microsoft Basic Render Driver' (Feature Level 11_0)
[2016.11.29-16.52.37:034][  0]LogD3D11RHI:       1996/0/2047 MB DedicatedVideo/DedicatedSystem/SharedSystem, Outputs:0, VendorId:0x1414
[2016.11.29-16.52.37:034][  0]LogD3D11RHI: Chosen D3D11 Adapter: 0
[2016.11.29-16.52.37:040][  0]LogD3D11RHI: Creating new Direct3DDevice
[2016.11.29-16.52.37:040][  0]LogD3D11RHI:     GPU DeviceId: 0xde9 (for the marketing name, search the web for "GPU Device Id")
[2016.11.29-16.52.37:040][  0]LogWindows: EnumDisplayDevices:
[2016.11.29-16.52.37:041][  0]LogWindows:    0. 'Intel(R) HD Graphics 4000' (P:1 D:1)
[2016.11.29-16.52.37:041][  0]LogWindows:    1. 'Intel(R) HD Graphics 4000' (P:0 D:0)
[2016.11.29-16.52.37:041][  0]LogWindows:    2. 'Intel(R) HD Graphics 4000' (P:0 D:0)
[2016.11.29-16.52.37:041][  0]LogWindows:    3. 'NVIDIA GeForce GT 640M LE' (P:0 D:0)
[2016.11.29-16.52.37:042][  0]LogWindows: DebugString: PrimaryIsNotTheChoosenAdapter PrimaryIsNotTheChoosenAdapter PrimaryIsNotTheChoosenAdapter 
[2016.11.29-16.52.37:042][  0]LogD3D11RHI:     Adapter Name: NVIDIA GeForce GT 640M LE
[2016.11.29-16.52.37:042][  0]LogD3D11RHI:   Driver Version: 353.62 (internal:10.18.13.5362, unified:353.62)
[2016.11.29-16.52.37:042][  0]LogD3D11RHI:      Driver Date: 7-22-2015
[2016.11.29-16.52.37:042][  0]LogRHI: Texture pool is 1361 MB (70% of 1945 MB)
[2016.11.29-16.52.37:056][  0]LogD3D11RHI: Async texture creation enabled
[2016.11.29-16.52.37:075][  0]LogD3D11RHI: GPU Timing Frequency: 1000.000000 (Debug: 2 2)
[2016.11.29-16.52.37:075][  0]LogShaderCompilers: Guid format shader working directory is 12 characters bigger than the processId version (C:/Users/gelei/Desktop/PrisonBreak/Intermediate/Shaders/WorkingDirectory/4152/).
[2016.11.29-16.52.37:075][  0]LogShaderCompilers: Cleaned the shader compiler working directory 'C:/Users/gelei/AppData/Local/Temp/UnrealShaderWorkingDir/92DBD0E94725A93070F1798E486042ED/'.
[2016.11.29-16.52.37:075][  0]LogShaderCompilers:Display: Using Local Shader Compiler.
[2016.11.29-16.52.41:501][  0]LogTemp:Display: Loaded TP AllDesktopTargetPlatform
[2016.11.29-16.52.41:511][  0]LogTemp:Display: Loaded TP WindowsClientTargetPlatform
[2016.11.29-16.52.41:521][  0]LogTemp:Display: Loaded TP WindowsNoEditorTargetPlatform
[2016.11.29-16.52.41:531][  0]LogTemp:Display: Loaded TP WindowsServerTargetPlatform
[2016.11.29-16.52.41:540][  0]LogTemp:Display: Loaded TP WindowsTargetPlatform
[2016.11.29-16.52.41:553][  0]LogTemp:Display: Loaded TP AndroidTargetPlatform
[2016.11.29-16.52.41:562][  0]LogTemp:Display: Loaded TP Android_ASTCTargetPlatform
[2016.11.29-16.52.41:571][  0]LogTemp:Display: Loaded TP Android_ATCTargetPlatform
[2016.11.29-16.52.41:579][  0]LogTemp:Display: Loaded TP Android_DXTTargetPlatform
[2016.11.29-16.52.41:588][  0]LogTemp:Display: Loaded TP Android_ETC1TargetPlatform
[2016.11.29-16.52.41:597][  0]LogTemp:Display: Loaded TP Android_ETC2TargetPlatform
[2016.11.29-16.52.41:614][  0]LogTemp:Display: Loaded TP Android_MultiTargetPlatform
[2016.11.29-16.52.41:614][  0]LogTemp:Display: Loaded TP Android_PVRTCTargetPlatform
[2016.11.29-16.52.41:615][  0]LogTemp:Display: Loaded TP HTML5TargetPlatform
[2016.11.29-16.52.41:777][  0]LogTemp:Display: Loaded TP IOSTargetPlatform
[2016.11.29-16.52.41:786][  0]LogTemp:Display: Loaded TP TVOSTargetPlatform
[2016.11.29-16.52.41:796][  0]LogTemp:Display: Loaded TP LinuxNoEditorTargetPlatform
[2016.11.29-16.52.41:805][  0]LogTemp:Display: Loaded TP LinuxServerTargetPlatform
[2016.11.29-16.52.41:824][  0]LogTemp:Display: Loaded TP LinuxTargetPlatform
[2016.11.29-16.52.41:824][  0]LogTargetPlatformManager:Display: Building Assets For Windows
[2016.11.29-16.52.43:372][  0]LogDerivedDataCache:Display: Max Cache Size: 512 MB
[2016.11.29-16.52.43:938][  0]LogDerivedDataCache: Loaded boot cache 0.56s 48MB C:/Users/gelei/AppData/Local/UnrealEngine/4.12/DerivedDataCache/Boot.ddc.
[2016.11.29-16.52.43:938][  0]LogDerivedDataCache:Display: Loaded Boot cache: C:/Users/gelei/AppData/Local/UnrealEngine/4.12/DerivedDataCache/Boot.ddc
[2016.11.29-16.52.43:938][  0]LogDerivedDataCache: FDerivedDataBackendGraph:  Pak pak cache file C:/Users/gelei/Desktop/PrisonBreak/DerivedDataCache/DDC.ddp not found, will not use a pak cache.
[2016.11.29-16.52.43:938][  0]LogDerivedDataCache: Unable to find inner node Pak for hierarchical cache Hierarchy.
[2016.11.29-16.52.43:938][  0]LogDerivedDataCache: FDerivedDataBackendGraph:  CompressedPak pak cache file C:/Users/gelei/Desktop/PrisonBreak/DerivedDataCache/Compressed.ddp not found, will not use a pak cache.
[2016.11.29-16.52.43:938][  0]LogDerivedDataCache: Unable to find inner node CompressedPak for hierarchical cache Hierarchy.
[2016.11.29-16.52.44:018][  0]LogDerivedDataCache:Display: Pak cache opened for reading ../../../Engine/DerivedDataCache/Compressed.ddp.
[2016.11.29-16.52.44:029][  0]LogDerivedDataCache: Using Local data cache path C:/Users/gelei/AppData/Local/UnrealEngine/Common/DerivedDataCache: Writable
[2016.11.29-16.52.52:829][  0]LogInit: Selected Device Profile: [Windows]
[2016.11.29-16.52.52:830][  0]LogContentStreaming: Texture pool size is 0.00 MB
[2016.11.29-16.52.53:819][  0]LogMeshUtilities: No automatic mesh reduction module available
[2016.11.29-16.52.53:819][  0]LogMeshUtilities: No automatic mesh merging module available
[2016.11.29-16.52.53:819][  0]LogMeshUtilities: No distributed automatic mesh merging module available
[2016.11.29-16.52.56:853][  0]LogAssetRegistry: FAssetRegistry took 0.0222 seconds to start up
[2016.11.29-16.52.57:000][  0]LogPackageLocalizationCache: Processed 3 localized package path(s) for 4 prioritized culture(s) in 0.076671 seconds
[2016.11.29-16.52.57:026][  0]LogUObjectArray: 28739 objects as part of root set at end of initial load.
[2016.11.29-16.52.57:026][  0]LogUObjectAllocator: 5855624 out of 0 bytes used by permanent object pool.
[2016.11.29-16.52.57:026][  0]LogUObjectArray: CloseDisregardForGC: 0/0 objects in disregard for GC pool
[2016.11.29-16.52.57:061][  0]LogInit: WinSock: version 1.1 (2.2), MaxSocks=32767, MaxUdp=65467
[2016.11.29-16.53.06:566][  0]LogSlate: SlateFontCache - WITH_FREETYPE: 1, WITH_HARFBUZZ: 1
[2016.11.29-16.53.06:566][  0]LogSlate: SlateFontCache - WITH_FREETYPE: 1, WITH_HARFBUZZ: 1
[2016.11.29-16.53.24:000][  0]LogUdpMessaging: Initializing bridge on interface 0.0.0.0:0 to multicast group 230.0.0.1:6666.
[2016.11.29-16.53.26:121][  0]SourceControl: 信息 源码控制已禁用
[2016.11.29-16.53.26:122][  0]SourceControl: 信息 源码控制已禁用
[2016.11.29-16.53.26:353][  0]SourceControl: 信息 源码控制已禁用
[2016.11.29-16.53.26:386][  0]SourceControl: 信息 源码控制已禁用
[2016.11.29-16.53.28:911][  0]LogEngine: Initializing Engine...
[2016.11.29-16.53.29:180][  0]LogHMD: SteamVR failed to initialize.  Err: 110
[2016.11.29-16.53.29:188][  0]LogHMD: SteamVR failed to initialize.  Err: 110
[2016.11.29-16.53.29:723][  0]LogAIModule: Creating AISystem for world NewWorld
[2016.11.29-16.53.29:759][  0]LogInit: XAudio2 using '扬声器 (High Definition Audio 设备)' : 2 channels at 44.1 kHz using 16 bits per sample (channel mask 0x3)
[2016.11.29-16.53.29:783][  0]LogInit: FAudioDevice initialized.
[2016.11.29-16.53.29:810][  0]LogDerivedDataCache: Saved boot cache 0.03s 48MB C:/Users/gelei/AppData/Local/UnrealEngine/4.12/DerivedDataCache/Boot.ddc.
[2016.11.29-16.53.29:818][  0]LogInit: Texture streaming: Enabled
[2016.11.29-16.53.32:438][  0]LogInit: Transaction tracking system initialized
[2016.11.29-16.53.33:110][  0]BlueprintLog: New page: 编辑器加载
[2016.11.29-16.53.33:289][  0]LocalizationService: 信息 本地化服务已被禁用
[2016.11.29-16.53.36:485][  0]LogConsoleResponse:Display: 
[2016.11.29-16.53.41:594][  0]LogCook:Display: Max memory allowance for cook 8192mb
[2016.11.29-16.53.41:594][  0]LogCook:Display: Mobile HDR setting 1
[2016.11.29-16.53.42:360][  0]LogFileCache: Scanning file cache for directory 'C:/Users/gelei/Desktop/PrisonBreak/Content/' took 0.04s
[2016.11.29-16.53.46:885][  0]SourceControl: 信息 源码控制已禁用
[2016.11.29-16.53.46:913][  0]Cmd: MAP LOAD FILE="C:/Users/gelei/Desktop/PrisonBreak/Content/ThirdPersonBP/Maps/ThirdPersonExampleMap.umap" TEMPLATE=0 SHOWPROGRESS=1 FEATURELEVEL=3
[2016.11.29-16.53.47:111][  0]LightingResults: New page: 光照构建
[2016.11.29-16.53.47:285][  0]MapCheck: New page: 地图检测
[2016.11.29-16.53.47:286][  0]LightingResults: New page: 光照构建
[2016.11.29-16.53.49:913][  0]LogLinker:Warning: 无法寻找到文件'/Game/Materials/_Base_Mat/M_Particles/M_SquareParticle'
[2016.11.29-16.53.49:913][  0]LogLinker:Warning: 无法在加载C:/Users/gelei/Desktop/PrisonBreak/Content/StarterContent/Effects/Particles/Explosion/P_NeonExplosion_Tiny.uasset时寻找到资源'/Game/Materials/_Base_Mat/M_Particles/M_SquareParticle'的文件。
[2016.11.29-16.53.49:913][  0]LoadErrors:Error: 错误 /Game/StarterContent/Effects/Particles/Explosion/P_NeonExplosion_Tiny : 无法寻找到资源的文件。 /Game/Materials/_Base_Mat/M_Particles/M_SquareParticle
[2016.11.29-16.53.49:913][  0]LogLinker:Warning: 无法寻找到文件'/Game/Particles/M_Burst'
[2016.11.29-16.53.49:914][  0]LogLinker:Warning: 无法在加载C:/Users/gelei/Desktop/PrisonBreak/Content/StarterContent/Effects/Particles/Explosion/P_NeonExplosion_Tiny.uasset时寻找到资源'/Game/Particles/M_Burst'的文件。
[2016.11.29-16.53.49:914][  0]LoadErrors:Error: 错误 /Game/StarterContent/Effects/Particles/Explosion/P_NeonExplosion_Tiny : 无法寻找到资源的文件。 /Game/Particles/M_Burst
[2016.11.29-16.53.49:914][  0]LogLinker:Warning: 无法寻找到文件'/Game/Particles/M_flare_01'
[2016.11.29-16.53.49:914][  0]LogLinker:Warning: 无法在加载C:/Users/gelei/Desktop/PrisonBreak/Content/StarterContent/Effects/Particles/Explosion/P_NeonExplosion_Tiny.uasset时寻找到资源'/Game/Particles/M_flare_01'的文件。
[2016.11.29-16.53.49:914][  0]LoadErrors:Error: 错误 /Game/StarterContent/Effects/Particles/Explosion/P_NeonExplosion_Tiny : 无法寻找到资源的文件。 /Game/Particles/M_flare_01
[2016.11.29-16.53.49:914][  0]LogLinker:Warning: 无法寻找到文件'/Game/Materials/_Base_Mat/M_Particles/M_SquareParticle'
[2016.11.29-16.53.49:914][  0]LogLinker:Warning: 无法在加载C:/Users/gelei/Desktop/PrisonBreak/Content/StarterContent/Effects/Particles/Explosion/P_NeonExplosion_Tiny.uasset时寻找到资源'/Game/Materials/_Base_Mat/M_Particles/M_SquareParticle'的文件。
[2016.11.29-16.53.49:914][  0]LoadErrors:Error: 错误 /Game/StarterContent/Effects/Particles/Explosion/P_NeonExplosion_Tiny : 无法寻找到资源的文件。 /Game/Materials/_Base_Mat/M_Particles/M_SquareParticle
[2016.11.29-16.53.49:914][  0]LogLinker:Warning: 无法寻找到文件'/Game/Particles/M_Burst'
[2016.11.29-16.53.49:914][  0]LogLinker:Warning: 无法在加载C:/Users/gelei/Desktop/PrisonBreak/Content/StarterContent/Effects/Particles/Explosion/P_NeonExplosion_Tiny.uasset时寻找到资源'/Game/Particles/M_Burst'的文件。
[2016.11.29-16.53.49:914][  0]LoadErrors:Error: 错误 /Game/StarterContent/Effects/Particles/Explosion/P_NeonExplosion_Tiny : 无法寻找到资源的文件。 /Game/Particles/M_Burst
[2016.11.29-16.53.49:914][  0]LogLinker:Warning: 无法寻找到文件'/Game/Particles/M_flare_01'
[2016.11.29-16.53.49:915][  0]LogLinker:Warning: 无法在加载C:/Users/gelei/Desktop/PrisonBreak/Content/StarterContent/Effects/Particles/Explosion/P_NeonExplosion_Tiny.uasset时寻找到资源'/Game/Particles/M_flare_01'的文件。
[2016.11.29-16.53.49:915][  0]LoadErrors:Error: 错误 /Game/StarterContent/Effects/Particles/Explosion/P_NeonExplosion_Tiny : 无法寻找到资源的文件。 /Game/Particles/M_flare_01
[2016.11.29-16.53.52:152][  0]LogLinker:Warning: 无法寻找到文件'/Game/Materials/_Base_Mat/M_Particles/M_SquareParticle'
[2016.11.29-16.53.52:152][  0]LoadErrors: 信息 加载失败 /Game/Materials/_Base_Mat/M_Particles/M_SquareParticle.M_SquareParticle 引用者 ParticleModuleRequired_3
[2016.11.29-16.53.52:152][  0]LogLinker:Warning: 无法在加载NULL时寻找到资源'/Game/Materials/_Base_Mat/M_Particles/M_SquareParticle'的文件。
[2016.11.29-16.53.52:152][  0]LoadErrors: 信息 加载失败 /Game/Materials/_Base_Mat/M_Particles/M_SquareParticle.M_SquareParticle 引用者 ParticleModuleRequired_3
[2016.11.29-16.53.52:152][  0]LogLinker:Warning: 无法寻找到文件'/Game/Particles/M_flare_01'
[2016.11.29-16.53.52:152][  0]LoadErrors: 信息 加载失败 /Game/Particles/M_flare_01.M_flare_01 引用者 ParticleModuleRequired_4
[2016.11.29-16.53.52:152][  0]LogLinker:Warning: 无法在加载NULL时寻找到资源'/Game/Particles/M_flare_01'的文件。
[2016.11.29-16.53.52:152][  0]LoadErrors: 信息 加载失败 /Game/Particles/M_flare_01.M_flare_01 引用者 ParticleModuleRequired_4
[2016.11.29-16.53.52:153][  0]LogLinker:Warning: 无法寻找到文件'/Game/Particles/M_Burst'
[2016.11.29-16.53.52:153][  0]LoadErrors: 信息 加载失败 /Game/Particles/M_Burst.M_Burst 引用者 ParticleModuleRequired_8
[2016.11.29-16.53.52:153][  0]LogLinker:Warning: 无法在加载NULL时寻找到资源'/Game/Particles/M_Burst'的文件。
[2016.11.29-16.53.52:153][  0]LoadErrors: 信息 加载失败 /Game/Particles/M_Burst.M_Burst 引用者 ParticleModuleRequired_8
[2016.11.29-16.53.55:949][  0]LogTexture:Display: 正在构建贴图: ThumbnailTexture (DXT1)
[2016.11.29-16.54.00:015][  0]LogAIModule: Creating AISystem for world ThirdPersonExampleMap
[2016.11.29-16.54.01:005][  0]LogEditorServer: Finished looking for orphan Actors (0.000 secs)
[2016.11.29-16.54.01:040][  0]Cmd: MAP CHECKDEP NOCLEARLOG
[2016.11.29-16.54.01:085][  0]MapCheck: 信息 地图检测完成：0个错误，0 个警告，用时45.158毫秒完成。
[2016.11.29-16.54.01:085][  0]LogFileHelpers: Loading map 'ThirdPersonExampleMap' took 14.173
[2016.11.29-16.54.06:449][  0]LogCollectionManager: Loaded 1 collections in 0.091223 seconds
[2016.11.29-16.54.06:847][  0]LogFileCache: Scanning file cache for directory 'C:/Users/gelei/Desktop/PrisonBreak/Saved/Collections/' took 0.01s
[2016.11.29-16.54.06:847][  0]LogFileCache: Scanning file cache for directory 'C:/Users/gelei/Desktop/PrisonBreak/Content/Developers/gelei/Collections/' took 0.01s
[2016.11.29-16.54.06:847][  0]LogFileCache: Scanning file cache for directory 'C:/Users/gelei/Desktop/PrisonBreak/Content/Collections/' took 0.01s
[2016.11.29-16.54.06:847][  0]LogCollectionManager: Rebuilt the GUID cache for 1 collections in 0.000019 seconds
[2016.11.29-16.54.06:847][  0]LogCollectionManager: Rebuilt the hierarchy cache for 1 collections in 0.000001 seconds
[2016.11.29-16.54.07:068][  0]LogContentBrowser: Native class hierarchy populated in 0.1104 seconds. Added 2047 classes and 369 folders.
[2016.11.29-16.54.07:288][  0]LogStats: UGameplayTagsManager::ConstructGameplayTagTree: Construct from data asset -  0.012 s
[2016.11.29-16.54.07:293][  0]LogStats: UGameplayTagsManager::ConstructGameplayTagTree: GameplayTagTreeChangedEvent.Broadcast -  0.006 s
[2016.11.29-16.54.07:316][  0]LogContentBrowser: Native class hierarchy updated for 'GameplayTags' in 0.0180 seconds. Added 12 classes and 0 folders.
[2016.11.29-16.54.07:456][  0]LogContentBrowser: Native class hierarchy updated for 'WidgetCarousel' in 0.0004 seconds. Added 0 classes and 0 folders.
[2016.11.29-16.54.13:295][  0]LogContentBrowser: Native class hierarchy updated for 'AddContentDialog' in 0.0005 seconds. Added 0 classes and 0 folders.
[2016.11.29-16.54.13:298][  0]LogContentBrowser: Native class hierarchy updated for 'SceneOutliner' in 0.0004 seconds. Added 1 classes and 2 folders.
[2016.11.29-16.54.13:634][  0]LogCrashTracker: Crashtracker disabled due to settings.
[2016.11.29-16.54.13:733][  0]LogUObjectGlobals:Warning: 寻找对象'Class 无.'失败
[2016.11.29-16.54.14:023][  0]LogContentBrowser: Native class hierarchy updated for 'HierarchicalLODOutliner' in 0.0006 seconds. Added 1 classes and 2 folders.
[2016.11.29-16.54.14:023][  0]LogLoad: Full Startup: 102.28 seconds (BP compile: 0.34 seconds)
[2016.11.29-16.54.14:023][  0]LogExternalProfiler: No external profilers were discovered.  External profiling features will not be available.
[2016.11.29-16.54.14:075][  0]LogOcInput: OculusInput pre-init called
[2016.11.29-16.54.14:132][  0]LogContentStreaming: Texture pool size now 200 MB
[2016.11.29-16.54.15:737][  0]LogRenderer: Reallocating scene render targets to support 856x128 (Frame:2).
[2016.11.29-16.54.16:037][  2]LogRenderer: Reallocating scene render targets to support 856x256 (Frame:3).
[2016.11.29-16.54.49:522][944]LogAssetRegistry: Asset discovery search completed in 112.6913 seconds
[2016.11.29-16.54.49:522][944]LogCollectionManager: Rebuilt the object cache for 1 collections in 0.000014 seconds (found 0 objects)
[2016.11.29-16.54.49:522][944]LogCollectionManager: Fixed up redirectors for 1 collections in 0.000056 seconds (updated 0 objects)
[2016.11.29-16.55.48:131][937]LogLinker:Warning: 无法寻找到文件'/Game/Materials/_Base_Mat/M_Particles/M_SquareParticle'
[2016.11.29-16.55.48:131][937]LogLinker:Warning: 无法在加载C:/Users/gelei/Desktop/PrisonBreak/Content/StarterContent/Effects/Particles/Explosion/P_NeonExplosion.uasset时寻找到资源'/Game/Materials/_Base_Mat/M_Particles/M_SquareParticle'的文件。
[2016.11.29-16.55.48:132][937]LoadErrors:Error: 错误 /Game/StarterContent/Effects/Particles/Explosion/P_NeonExplosion : 无法寻找到资源的文件。 /Game/Materials/_Base_Mat/M_Particles/M_SquareParticle
[2016.11.29-16.55.48:132][937]LogLinker:Warning: 无法寻找到文件'/Game/Particles/M_Burst'
[2016.11.29-16.55.48:132][937]LogLinker:Warning: 无法在加载C:/Users/gelei/Desktop/PrisonBreak/Content/StarterContent/Effects/Particles/Explosion/P_NeonExplosion.uasset时寻找到资源'/Game/Particles/M_Burst'的文件。
[2016.11.29-16.55.48:132][937]LoadErrors:Error: 错误 /Game/StarterContent/Effects/Particles/Explosion/P_NeonExplosion : 无法寻找到资源的文件。 /Game/Particles/M_Burst
[2016.11.29-16.55.48:132][937]LogLinker:Warning: 无法寻找到文件'/Game/Particles/M_flare_01'
[2016.11.29-16.55.48:132][937]LogLinker:Warning: 无法在加载C:/Users/gelei/Desktop/PrisonBreak/Content/StarterContent/Effects/Particles/Explosion/P_NeonExplosion.uasset时寻找到资源'/Game/Particles/M_flare_01'的文件。
[2016.11.29-16.55.48:132][937]LoadErrors:Error: 错误 /Game/StarterContent/Effects/Particles/Explosion/P_NeonExplosion : 无法寻找到资源的文件。 /Game/Particles/M_flare_01
[2016.11.29-16.55.48:133][937]LogLinker:Warning: 无法寻找到文件'/Game/Materials/_Base_Mat/M_Particles/M_SquareParticle'
[2016.11.29-16.55.48:133][937]LogLinker:Warning: 无法在加载C:/Users/gelei/Desktop/PrisonBreak/Content/StarterContent/Effects/Particles/Explosion/P_NeonExplosion.uasset时寻找到资源'/Game/Materials/_Base_Mat/M_Particles/M_SquareParticle'的文件。
[2016.11.29-16.55.48:133][937]LogLinker:Warning: 无法寻找到文件'/Game/Particles/M_Burst'
[2016.11.29-16.55.48:133][937]LogLinker:Warning: 无法在加载C:/Users/gelei/Desktop/PrisonBreak/Content/StarterContent/Effects/Particles/Explosion/P_NeonExplosion.uasset时寻找到资源'/Game/Particles/M_Burst'的文件。
[2016.11.29-16.55.48:133][937]LogLinker:Warning: 无法寻找到文件'/Game/Particles/M_flare_01'
[2016.11.29-16.55.48:134][937]LogLinker:Warning: 无法在加载C:/Users/gelei/Desktop/PrisonBreak/Content/StarterContent/Effects/Particles/Explosion/P_NeonExplosion.uasset时寻找到资源'/Game/Particles/M_flare_01'的文件。
[2016.11.29-16.55.48:138][937]LogLinker:Warning: 无法寻找到文件'/Game/Materials/_Base_Mat/M_Particles/M_SquareParticle'
[2016.11.29-16.55.48:138][937]LogLinker:Warning: 无法在加载NULL时寻找到资源'/Game/Materials/_Base_Mat/M_Particles/M_SquareParticle'的文件。
[2016.11.29-16.55.48:138][937]LogLinker:Warning: 无法寻找到文件'/Game/Particles/M_flare_01'
[2016.11.29-16.55.48:138][937]LogLinker:Warning: 无法在加载NULL时寻找到资源'/Game/Particles/M_flare_01'的文件。
[2016.11.29-16.55.48:138][937]LogLinker:Warning: 无法寻找到文件'/Game/Particles/M_Burst'
[2016.11.29-16.55.48:138][937]LogLinker:Warning: 无法在加载NULL时寻找到资源'/Game/Particles/M_Burst'的文件。
[2016.11.29-16.56.36:537][712]LogAIModule: Creating AISystem for world NewMap
[2016.11.29-16.56.36:572][712]Cmd: MAP LOAD FILE="C:/Users/gelei/Desktop/PrisonBreak/Content/ThirdPersonBP/Blueprints/NewMap.umap" TEMPLATE=0 SHOWPROGRESS=1 FEATURELEVEL=3
[2016.11.29-16.56.36:572][712]LightingResults: New page: 光照构建
[2016.11.29-16.56.36:573][712]LoadErrors: New page: 正在加载地图： NewMap.umap
[2016.11.29-16.56.36:574][712]MapCheck: New page: 地图检测
[2016.11.29-16.56.36:574][712]LightingResults: New page: 光照构建
[2016.11.29-16.56.36:607][712]LogEditorServer: Finished looking for orphan Actors (0.000 secs)
[2016.11.29-16.56.36:657][712]Cmd: MAP CHECKDEP NOCLEARLOG
[2016.11.29-16.56.38:412][712]MapCheck: 信息 地图检测完成：0个错误，0 个警告，用时1,754.558毫秒完成。
[2016.11.29-16.56.38:417][712]LogFileHelpers: Loading map 'NewMap' took 1.846
[2016.11.29-16.56.39:923][762]LogContentBrowser: Native class hierarchy updated for 'BlueprintGraph' in 0.0011 seconds. Added 111 classes and 0 folders.
[2016.11.29-16.56.54:374][372]BlueprintLog: New page: 编译RunCharacter
[2016.11.29-16.56.54:591][372]BlueprintEditorCompileResults: 信息 [0262.85] Compile of RunCharacter successful! [in 217 ms] (/Game/ThirdPersonBP/Blueprints/RunCharacter.RunCharacter)
[2016.11.29-16.56.55:168][396]Cmd: OBJ SAVEPACKAGE PACKAGE="/Game/ThirdPersonBP/Blueprints/RunCharacter" FILE="C:/Users/gelei/Desktop/PrisonBreak/Content/ThirdPersonBP/Blueprints/RunCharacter.uasset" SILENT=true
[2016.11.29-16.56.55:303][396]LogSavePackage: Save=116.48ms
[2016.11.29-16.56.55:303][396]LogSavePackage: Moving 'C:/Users/gelei/Desktop/PrisonBreak/Saved/RunCharacter05F62DFE4FA428229B37B7B92288B725.tmp' to 'C:/Users/gelei/Desktop/PrisonBreak/Content/ThirdPersonBP/Blueprints/RunCharacter.uasset'
[2016.11.29-16.56.55:311][396]LogSavePackage:Display: Finished SavePackage C:/Users/gelei/Desktop/PrisonBreak/Content/ThirdPersonBP/Blueprints/RunCharacter.uasset
[2016.11.29-16.56.57:262][499]LogBlueprintUserMessages: Early PlayInEditor Detection: Level '/Game/ThirdPersonBP/Blueprints/NewMap.NewMap:PersistentLevel' has LevelScriptBlueprint '/Game/ThirdPersonBP/Blueprints/NewMap.NewMap:PersistentLevel.NewMap' with GeneratedClass '/Game/ThirdPersonBP/Blueprints/NewMap.NewMap_C' with ClassGeneratedBy '/Game/ThirdPersonBP/Blueprints/NewMap.NewMap:PersistentLevel.NewMap'
[2016.11.29-16.56.57:263][499]LogPlayLevel: PlayLevel: No blueprints needed recompiling
[2016.11.29-16.56.57:263][499]PIE: New page: PIE会话: NewMap (2016年11月30日 上午8:56:57)
[2016.11.29-16.56.57:263][499]LogPlayLevel: Creating play world package: /Game/ThirdPersonBP/Blueprints/UEDPIE_0_NewMap
[2016.11.29-16.56.57:266][499]LogPlayLevel: PIE: StaticDuplicateObject took: (0.003218s)
[2016.11.29-16.56.57:267][499]LogAIModule: Creating AISystem for world NewMap
[2016.11.29-16.56.57:267][499]LogPlayLevel: PIE: World Init took: (0.001156s)
[2016.11.29-16.56.57:268][499]LogPlayLevel: PIE: Created PIE world by copying editor world from /Game/ThirdPersonBP/Blueprints/NewMap.NewMap to /Game/ThirdPersonBP/Blueprints/UEDPIE_0_NewMap.NewMap (0.004766s)
[2016.11.29-16.56.57:317][499]LogInit: XAudio2 using '扬声器 (High Definition Audio 设备)' : 2 channels at 44.1 kHz using 16 bits per sample (channel mask 0x3)
[2016.11.29-16.56.57:327][499]LogInit: FAudioDevice initialized.
[2016.11.29-16.56.57:446][499]LogLinker:Warning: 无法寻找到文件'/Game/Materials/InteriorArchVis/Base_Mat/M_Wood_Floors'
[2016.11.29-16.56.57:446][499]LogLinker:Warning: 无法在加载C:/Users/gelei/Desktop/PrisonBreak/Content/StarterContent/Materials/InteriorArchVis/Floors/Wood/MI_Oak_Light.uasset时寻找到资源'/Game/Materials/InteriorArchVis/Base_Mat/M_Wood_Floors'的文件。
[2016.11.29-16.56.57:446][499]LoadErrors:Error: 错误 /Game/StarterContent/Materials/InteriorArchVis/Floors/Wood/MI_Oak_Light : 无法寻找到资源的文件。 /Game/Materials/InteriorArchVis/Base_Mat/M_Wood_Floors
[2016.11.29-16.56.57:447][499]LogLinker:Warning: 无法寻找到文件'/Game/Materials/InteriorArchVis/Base_Mat/M_Wood_Floors'
[2016.11.29-16.56.57:447][499]LogLinker:Warning: 无法在加载C:/Users/gelei/Desktop/PrisonBreak/Content/StarterContent/Materials/InteriorArchVis/Floors/Wood/MI_Oak_Light.uasset时寻找到资源'/Game/Materials/InteriorArchVis/Base_Mat/M_Wood_Floors'的文件。
[2016.11.29-16.56.57:447][499]LogLinker:Warning: 无法寻找到文件'/Game/Textures/InteriorArchVis/Wood/T_Oak_002'
[2016.11.29-16.56.57:447][499]LogLinker:Warning: 无法在加载C:/Users/gelei/Desktop/PrisonBreak/Content/StarterContent/Materials/InteriorArchVis/Floors/Wood/MI_Oak_Light.uasset时寻找到资源'/Game/Textures/InteriorArchVis/Wood/T_Oak_002'的文件。
[2016.11.29-16.56.57:447][499]LoadErrors:Error: 错误 /Game/StarterContent/Materials/InteriorArchVis/Floors/Wood/MI_Oak_Light : 无法寻找到资源的文件。 /Game/Textures/InteriorArchVis/Wood/T_Oak_002
[2016.11.29-16.56.57:447][499]LogLinker:Warning: 无法寻找到文件'/Game/Textures/InteriorArchVis/Wood/T_Oak_002'
[2016.11.29-16.56.57:447][499]LogLinker:Warning: 无法在加载C:/Users/gelei/Desktop/PrisonBreak/Content/StarterContent/Materials/InteriorArchVis/Floors/Wood/MI_Oak_Light.uasset时寻找到资源'/Game/Textures/InteriorArchVis/Wood/T_Oak_002'的文件。
[2016.11.29-16.56.57:626][499]LogLinker:Warning: 无法寻找到文件'/Game/Materials/Props/Combat/Explosives/MI_RocketStick'
[2016.11.29-16.56.57:626][499]LogLinker:Warning: 无法在加载C:/Users/gelei/Desktop/PrisonBreak/Content/StarterContent/Meshes/Props/Combat/Explosives/SM_RocketStick.uasset时寻找到资源'/Game/Materials/Props/Combat/Explosives/MI_RocketStick'的文件。
[2016.11.29-16.56.57:627][499]LoadErrors:Error: 错误 /Game/StarterContent/Meshes/Props/Combat/Explosives/SM_RocketStick : 无法寻找到资源的文件。 /Game/Materials/Props/Combat/Explosives/MI_RocketStick
[2016.11.29-16.56.57:627][499]LogLinker:Warning: 无法寻找到文件'/Game/Materials/Props/Combat/Explosives/MI_RocketStick'
[2016.11.29-16.56.57:627][499]LogLinker:Warning: 无法在加载C:/Users/gelei/Desktop/PrisonBreak/Content/StarterContent/Meshes/Props/Combat/Explosives/SM_RocketStick.uasset时寻找到资源'/Game/Materials/Props/Combat/Explosives/MI_RocketStick'的文件。
[2016.11.29-16.56.57:700][499]LogLinker:Warning: 无法寻找到文件'/Game/Materials/Props/Household/Bathroom/MI_Plunger'
[2016.11.29-16.56.57:701][499]LogLinker:Warning: 无法在加载C:/Users/gelei/Desktop/PrisonBreak/Content/StarterContent/Meshes/Props/Household/Bathroom/SM_Plunger.uasset时寻找到资源'/Game/Materials/Props/Household/Bathroom/MI_Plunger'的文件。
[2016.11.29-16.56.57:701][499]LoadErrors:Error: 错误 /Game/StarterContent/Meshes/Props/Household/Bathroom/SM_Plunger : 无法寻找到资源的文件。 /Game/Materials/Props/Household/Bathroom/MI_Plunger
[2016.11.29-16.56.57:701][499]LogLinker:Warning: 无法寻找到文件'/Game/Materials/Props/Household/Bathroom/MI_Plunger'
[2016.11.29-16.56.57:701][499]LogLinker:Warning: 无法在加载C:/Users/gelei/Desktop/PrisonBreak/Content/StarterContent/Meshes/Props/Household/Bathroom/SM_Plunger.uasset时寻找到资源'/Game/Materials/Props/Household/Bathroom/MI_Plunger'的文件。
[2016.11.29-16.56.58:099][499]LogLinker:Warning: 无法寻找到文件'/Game/Materials/Props/Household/Bathroom/MI_Plunger'
[2016.11.29-16.56.58:099][499]LoadErrors: 信息 加载失败 /Game/Materials/Props/Household/Bathroom/MI_Plunger.MI_Plunger 引用者 SM_Plunger
[2016.11.29-16.56.58:099][499]LogLinker:Warning: 无法在加载NULL时寻找到资源'/Game/Materials/Props/Household/Bathroom/MI_Plunger'的文件。
[2016.11.29-16.56.58:100][499]LogLinker:Warning: 无法寻找到文件'/Game/Materials/InteriorArchVis/Base_Mat/M_Wood_Floors'
[2016.11.29-16.56.58:101][499]LoadErrors: 信息 加载失败 /Game/Materials/InteriorArchVis/Base_Mat/M_Wood_Floors.M_Wood_Floors 引用者 MI_Oak_Light
[2016.11.29-16.56.58:101][499]LogLinker:Warning: 无法在加载NULL时寻找到资源'/Game/Materials/InteriorArchVis/Base_Mat/M_Wood_Floors'的文件。
[2016.11.29-16.56.58:101][499]LogLinker:Warning: 无法寻找到文件'/Game/Textures/InteriorArchVis/Wood/T_Oak_002'
[2016.11.29-16.56.58:101][499]LoadErrors: 信息 加载失败 /Game/Textures/InteriorArchVis/Wood/T_Oak_002.T_Oak_002 引用者 MI_Oak_Light
[2016.11.29-16.56.58:101][499]LogLinker:Warning: 无法在加载NULL时寻找到资源'/Game/Textures/InteriorArchVis/Wood/T_Oak_002'的文件。
[2016.11.29-16.56.58:105][499]LogLinker:Warning: 无法寻找到文件'/Game/Materials/Props/Combat/Explosives/MI_RocketStick'
[2016.11.29-16.56.58:105][499]LoadErrors: 信息 加载失败 /Game/Materials/Props/Combat/Explosives/MI_RocketStick.MI_RocketStick 引用者 SM_RocketStick
[2016.11.29-16.56.58:105][499]LogLinker:Warning: 无法在加载NULL时寻找到资源'/Game/Materials/Props/Combat/Explosives/MI_RocketStick'的文件。
[2016.11.29-16.56.58:751][499]LogTexture:Display: 正在构建贴图: T_Wood_Pine_N (BC5)
[2016.11.29-16.56.59:977][499]LogTexture:Display: 正在构建贴图: T_Wood_Pine_D (AutoDXT)
[2016.11.29-16.57.08:853][499]LogTexture:Display: 正在构建贴图: T_Perlin_Noise_M (AutoDXT)
[2016.11.29-16.57.16:405][499]LogStaticMesh: 正在构建静态网格物体SM_Plunger...
[2016.11.29-16.57.16:517][499]LogStaticMesh: Built static mesh [0.11s] /Game/StarterContent/Meshes/Props/Household/Bathroom/SM_Plunger.SM_Plunger
[2016.11.29-16.57.16:892][499]LogStaticMesh: 正在构建静态网格物体SM_RocketStick...
[2016.11.29-16.57.16:933][499]LogStaticMesh: Built static mesh [0.04s] /Game/StarterContent/Meshes/Props/Combat/Explosives/SM_RocketStick.SM_RocketStick
[2016.11.29-16.57.17:065][499]LogWorld: Game class is 'RunGameNode_C'
[2016.11.29-16.57.17:067][499]LogWorld: Bringing World /Game/ThirdPersonBP/Blueprints/UEDPIE_0_NewMap.NewMap up for play (max tick rate 3) at 2016.11.30-00.57.17
[2016.11.29-16.57.17:068][499]LogWorld: Bringing up level for play took: 0.002146
[2016.11.29-16.57.17:071][499]LogContentBrowser: Native class hierarchy updated for 'MovieSceneCapture' in 0.0005 seconds. Added 11 classes and 0 folders.
[2016.11.29-16.57.17:188][499]PIE: 信息 /Game/ThirdPersonBP/Blueprints/UEDPIE_0_NewMap的‘在编辑器中播放’的起始时间19.297
[2016.11.29-16.57.17:189][499]LogBlueprintUserMessages: Late PlayInEditor Detection: Level '/Game/ThirdPersonBP/Blueprints/NewMap.NewMap:PersistentLevel' has LevelScriptBlueprint '/Game/ThirdPersonBP/Blueprints/NewMap.NewMap:PersistentLevel.NewMap' with GeneratedClass '/Game/ThirdPersonBP/Blueprints/NewMap.NewMap_C' with ClassGeneratedBy '/Game/ThirdPersonBP/Blueprints/NewMap.NewMap:PersistentLevel.NewMap'
[2016.11.29-16.57.17:259][499]LogRenderer: Reallocating scene render targets to support 856x380 (Frame:8690).
[2016.11.29-16.57.17:463][500]LogCharacterMovement:Warning: GetSimulationTimeStep() - Max iterations 8 hit while remaining time 0.073853 > MaxSimulationTimeStep (0.050) for 'RunCharacter_C_0', movement 'Walking'
[2016.11.29-16.57.30:975][168]Cmd: RestartLevel
[2016.11.29-16.57.30:991][169]LogNet: Browse: /Game/ThirdPersonBP/Blueprints/NewMap?restart
[2016.11.29-16.57.30:992][169]LogLoad: LoadMap: /Game/ThirdPersonBP/Blueprints/NewMap
[2016.11.29-16.57.31:064][169]Cmd: MEM
[2016.11.29-16.57.31:108][169]LogMemory: Platform Memory Stats for Windows
[2016.11.29-16.57.31:108][169]LogMemory: Process Physical Memory: 1005.34 MB used, 1200.48 MB peak
[2016.11.29-16.57.31:108][169]LogMemory: Process Virtual Memory: 1364.07 MB used, 1532.43 MB peak
[2016.11.29-16.57.31:108][169]LogMemory: Physical Memory: 3218.63 MB used, 8091.27 MB total
[2016.11.29-16.57.31:108][169]LogMemory: Virtual Memory: 2109.95 MB used, 134217728.00 MB total
[2016.11.29-16.57.31:108][169]LogMemory: 
[2016.11.29-16.57.31:108][169]Allocator Stats for TBB: (not implemented)
[2016.11.29-16.57.31:108][169]LogPlayLevel: Creating play world package: /Game/ThirdPersonBP/Blueprints/UEDPIE_0_NewMap
[2016.11.29-16.57.31:111][169]LogPlayLevel: PIE: StaticDuplicateObject took: (0.002616s)
[2016.11.29-16.57.31:112][169]LogAIModule: Creating AISystem for world NewMap
[2016.11.29-16.57.31:112][169]LogPlayLevel: PIE: World Init took: (0.001100s)
[2016.11.29-16.57.31:112][169]LogPlayLevel: PIE: Created PIE world by copying editor world from /Game/ThirdPersonBP/Blueprints/NewMap.NewMap to /Game/ThirdPersonBP/Blueprints/UEDPIE_0_NewMap.NewMap (0.004086s)
[2016.11.29-16.57.31:112][169]LogWorld: Game class is 'RunGameNode_C'
[2016.11.29-16.57.31:116][169]LogWorld: Bringing World /Game/ThirdPersonBP/Blueprints/UEDPIE_0_NewMap.NewMap up for play (max tick rate 60) at 2016.11.30-00.57.31
[2016.11.29-16.57.31:116][169]LogWorld: Bringing up level for play took: 0.002786
[2016.11.29-16.57.31:142][169]LogLoad: Took 0.150491 seconds to LoadMap(/Game/ThirdPersonBP/Blueprints/UEDPIE_0_NewMap)
[2016.11.29-16.57.31:538][192]LogBlueprintUserMessages: Early EndPlayMap Detection: Level '/Game/ThirdPersonBP/Blueprints/NewMap.NewMap:PersistentLevel' has LevelScriptBlueprint '/Game/ThirdPersonBP/Blueprints/NewMap.NewMap:PersistentLevel.NewMap' with GeneratedClass '/Game/ThirdPersonBP/Blueprints/NewMap.NewMap_C' with ClassGeneratedBy '/Game/ThirdPersonBP/Blueprints/NewMap.NewMap:PersistentLevel.NewMap'
[2016.11.29-16.57.31:607][192]LogBlueprintUserMessages: Late EndPlayMap Detection: Level '/Game/ThirdPersonBP/Blueprints/NewMap.NewMap:PersistentLevel' has LevelScriptBlueprint '/Game/ThirdPersonBP/Blueprints/NewMap.NewMap:PersistentLevel.NewMap' with GeneratedClass '/Game/ThirdPersonBP/Blueprints/NewMap.NewMap_C' with ClassGeneratedBy '/Game/ThirdPersonBP/Blueprints/NewMap.NewMap:PersistentLevel.NewMap'
[2016.11.29-16.57.33:435][197]LogWindowsTextInputMethodSystem:Display: IME system now activated using TSF (微软拼音).
[2016.11.29-16.57.33:722][198]Cmd: QUIT_EDITOR
[2016.11.29-16.57.34:924][198]LogExit: Preparing to exit.
[2016.11.29-16.57.36:554][198]LogExit: Editor shut down
[2016.11.29-16.57.36:554][198]LogExit: Transaction tracking system shut down
[2016.11.29-16.57.37:736][198]LogObj: Freed 0b from 0 cluster array pools.
[2016.11.29-16.57.37:736][198]LogExit: Object subsystem successfully closed.
[2016.11.29-16.57.37:960][198]LogD3D11RHI: Shutdown
[2016.11.29-16.57.37:960][198]LogD3D11RHI: CleanupD3DDevice
[2016.11.29-16.57.38:160][198]LogD3D11RHI: ~FD3D11DynamicRHI
[2016.11.29-16.57.38:608][198]LogModuleManager: Shutting down and abandoning module MovieSceneCapture (215)
[2016.11.29-16.57.38:608][198]LogModuleManager: Shutting down and abandoning module BlueprintGraph (214)
[2016.11.29-16.57.38:612][198]LogModuleManager: Shutting down and abandoning module HierarchicalLODOutliner (213)
[2016.11.29-16.57.38:624][198]LogModuleManager: Shutting down and abandoning module CrashTracker (212)
[2016.11.29-16.57.38:624][198]LogModuleManager: Shutting down and abandoning module SceneOutliner (211)
[2016.11.29-16.57.38:636][198]LogModuleManager: Shutting down and abandoning module WidgetCarousel (210)
[2016.11.29-16.57.38:636][198]LogModuleManager: Shutting down and abandoning module AddContentDialog (209)
[2016.11.29-16.57.38:641][198]LogModuleManager: Shutting down and abandoning module GameplayTags (208)
[2016.11.29-16.57.38:641][198]LogModuleManager: Shutting down and abandoning module EditorWidgets (207)
[2016.11.29-16.57.38:641][198]LogModuleManager: Shutting down and abandoning module CollectionManager (206)
[2016.11.29-16.57.38:642][198]LogModuleManager: Shutting down and abandoning module StatsViewer (205)
[2016.11.29-16.57.38:658][198]LogModuleManager: Shutting down and abandoning module FoliageEdit (204)
[2016.11.29-16.57.38:658][198]LogModuleManager: Shutting down and abandoning module LandscapeEditor (203)
[2016.11.29-16.57.38:677][198]LogModuleManager: Shutting down and abandoning module SceneDepthPickerMode (202)
[2016.11.29-16.57.38:677][198]LogModuleManager: Shutting down and abandoning module ActorPickerMode (201)
[2016.11.29-16.57.38:677][198]LogModuleManager: Shutting down and abandoning module GeometryMode (200)
[2016.11.29-16.57.38:677][198]LogModuleManager: Shutting down and abandoning module TextureAlignMode (199)
[2016.11.29-16.57.38:677][198]LogModuleManager: Shutting down and abandoning module BspMode (198)
[2016.11.29-16.57.38:677][198]LogModuleManager: Shutting down and abandoning module HardwareSurvey (197)
[2016.11.29-16.57.38:677][198]LogModuleManager: Shutting down and abandoning module SequenceRecorderSections (196)
[2016.11.29-16.57.38:677][198]LogModuleManager: Shutting down and abandoning module SequenceRecorder (195)
[2016.11.29-16.57.38:685][198]LogModuleManager: Shutting down and abandoning module AutomationWorker (194)
[2016.11.29-16.57.38:685][198]LogModuleManager: Shutting down and abandoning module MatineeToLevelSequence (193)
[2016.11.29-16.57.38:685][198]LogModuleManager: Shutting down and abandoning module PlacementMode (192)
[2016.11.29-16.57.38:700][198]LogModuleManager: Shutting down and abandoning module LevelSequenceEditor (191)
[2016.11.29-16.57.38:709][198]LogModuleManager: Shutting down and abandoning module CharacterAI (190)
[2016.11.29-16.57.38:709][198]LogModuleManager: Shutting down and abandoning module SmartSnapping (189)
[2016.11.29-16.57.38:709][198]LogModuleManager: Shutting down and abandoning module SessionServices (188)
[2016.11.29-16.57.38:709][198]LogModuleManager: Shutting down and abandoning module ViewportSnapping (187)
[2016.11.29-16.57.38:709][198]LogModuleManager: Shutting down and abandoning module LogVisualizer (186)
[2016.11.29-16.57.38:726][198]LogModuleManager: Shutting down and abandoning module GameProjectGeneration (185)
[2016.11.29-16.57.38:755][198]LogModuleManager: Shutting down and abandoning module IntroTutorials (184)
[2016.11.29-16.57.38:763][198]LogModuleManager: Shutting down and abandoning module EditorLiveStreaming (183)
[2016.11.29-16.57.38:763][198]LogModuleManager: Shutting down and abandoning module IOSPlatformEditor (182)
[2016.11.29-16.57.38:774][198]LogModuleManager: Shutting down and abandoning module HTML5PlatformEditor (181)
[2016.11.29-16.57.38:774][198]LogModuleManager: Shutting down and abandoning module AndroidDeviceDetection (180)
[2016.11.29-16.57.39:750][198]LogModuleManager: Shutting down and abandoning module AndroidPlatformEditor (179)
[2016.11.29-16.57.39:770][198]LogModuleManager: Shutting down and abandoning module IOSRuntimeSettings (178)
[2016.11.29-16.57.39:770][198]LogModuleManager: Shutting down and abandoning module AndroidRuntimeSettings (177)
[2016.11.29-16.57.39:770][198]LogModuleManager: Shutting down and abandoning module MergeActors (176)
[2016.11.29-16.57.39:786][198]LogModuleManager: Shutting down and abandoning module SizeMap (175)
[2016.11.29-16.57.39:786][198]LogModuleManager: Shutting down and abandoning module TreeMap (174)
[2016.11.29-16.57.39:802][198]LogModuleManager: Shutting down and abandoning module ReferenceViewer (173)
[2016.11.29-16.57.39:816][198]LogModuleManager: Shutting down and abandoning module LocalizationService (172)
[2016.11.29-16.57.39:844][198]LogModuleManager: Shutting down and abandoning module LocalizationDashboard (171)
[2016.11.29-16.57.39:860][198]LogModuleManager: Shutting down and abandoning module HardwareTargeting (170)
[2016.11.29-16.57.39:867][198]LogModuleManager: Shutting down and abandoning module DeviceProfileEditor (169)
[2016.11.29-16.57.39:876][198]LogModuleManager: Shutting down and abandoning module UndoHistory (168)
[2016.11.29-16.57.39:894][198]LogModuleManager: Shutting down and abandoning module UserFeedback (167)
[2016.11.29-16.57.39:895][198]LogModuleManager: Shutting down and abandoning module XmlParser (166)
[2016.11.29-16.57.39:895][198]LogModuleManager: Shutting down and abandoning module Blutility (165)
[2016.11.29-16.57.39:898][198]LogModuleManager: Shutting down and abandoning module ProjectTargetPlatformEditor (164)
[2016.11.29-16.57.39:912][198]LogModuleManager: Shutting down and abandoning module ProjectSettingsViewer (163)
[2016.11.29-16.57.39:912][198]LogModuleManager: Shutting down and abandoning module InputBindingEditor (162)
[2016.11.29-16.57.39:916][198]LogModuleManager: Shutting down and abandoning module EditorSettingsViewer (161)
[2016.11.29-16.57.39:917][198]LogModuleManager: Shutting down and abandoning module SettingsEditor (160)
[2016.11.29-16.57.39:930][198]LogModuleManager: Shutting down and abandoning module ProjectLauncher (159)
[2016.11.29-16.57.39:956][198]LogModuleManager: Shutting down and abandoning module SessionFrontend (158)
[2016.11.29-16.57.39:983][198]LogModuleManager: Shutting down and abandoning module ProfilerClient (157)
[2016.11.29-16.57.39:995][198]LogModuleManager: Shutting down and abandoning module TargetDeviceServices (156)
[2016.11.29-16.57.39:995][198]LogModuleManager: Shutting down and abandoning module DeviceManager (155)
[2016.11.29-16.57.40:045][198]LogModuleManager: Shutting down and abandoning module AutomationController (154)
[2016.11.29-16.57.40:055][198]LogModuleManager: Shutting down and abandoning module AutomationWindow (153)
[2016.11.29-16.57.40:067][198]LogModuleManager: Shutting down and abandoning module Layers (152)
[2016.11.29-16.57.40:096][198]LogModuleManager: Shutting down and abandoning module ComponentVisualizers (151)
[2016.11.29-16.57.40:096][198]LogModuleManager: Shutting down and abandoning module DetailCustomizations (150)
[2016.11.29-16.57.40:116][198]LogModuleManager: Shutting down and abandoning module PackagesDialog (149)
[2016.11.29-16.57.40:116][198]LogModuleManager: Shutting down and abandoning module Persona (148)
[2016.11.29-16.57.40:116][198]LogModuleManager: Shutting down and abandoning module Kismet (147)
[2016.11.29-16.57.40:116][198]LogModuleManager: Shutting down and abandoning module GraphEditor (146)
[2016.11.29-16.57.40:116][198]LogModuleManager: Shutting down and abandoning module ClassViewer (145)
[2016.11.29-16.57.40:116][198]LogModuleManager: Shutting down and abandoning module Toolbox (144)
[2016.11.29-16.57.40:116][198]LogModuleManager: Shutting down and abandoning module ModuleUI (143)
[2016.11.29-16.57.40:132][198]LogModuleManager: Shutting down and abandoning module MovieSceneTools (142)
[2016.11.29-16.57.40:203][198]LogModuleManager: Shutting down and abandoning module OutputLog (141)
[2016.11.29-16.57.40:208][198]LogModuleManager: Shutting down and abandoning module GammaUI (140)
[2016.11.29-16.57.40:218][198]LogModuleManager: Shutting down and abandoning module Documentation (139)
[2016.11.29-16.57.40:218][198]LogModuleManager: Shutting down and abandoning module StreamingPauseRendering (138)
[2016.11.29-16.57.40:218][198]LogModuleManager: Shutting down and abandoning module AnalyticsET (137)
[2016.11.29-16.57.40:218][198]LogModuleManager: Shutting down and abandoning module Analytics (136)
[2016.11.29-16.57.40:218][198]LogModuleManager: Shutting down and abandoning module PortalServices (135)
[2016.11.29-16.57.40:218][198]LogModuleManager: Shutting down and abandoning module PortalRpc (134)
[2016.11.29-16.57.40:218][198]LogModuleManager: Shutting down and abandoning module MessagingRpc (133)
[2016.11.29-16.57.40:218][198]LogModuleManager: Shutting down and abandoning module GameplayDebugger (132)
[2016.11.29-16.57.40:218][198]LogModuleManager: Shutting down and abandoning module AITestSuite (131)
[2016.11.29-16.57.40:218][198]LogModuleManager: Shutting down and abandoning module AIModule (130)
[2016.11.29-16.57.40:218][198]LogModuleManager: Shutting down and abandoning module ProfilerService (129)
[2016.11.29-16.57.40:257][198]LogModuleManager: Shutting down and abandoning module TaskGraph (128)
[2016.11.29-16.57.40:265][198]LogModuleManager: Shutting down and abandoning module SlateRemote (127)
[2016.11.29-16.57.40:265][198]LogModuleManager: Shutting down and abandoning module SteamVRController (126)
[2016.11.29-16.57.40:265][198]LogModuleManager: Shutting down and abandoning module SteamVR (125)
[2016.11.29-16.57.40:265][198]LogModuleManager: Shutting down and abandoning module ProceduralMeshComponent (124)
[2016.11.29-16.57.40:265][198]LogModuleManager: Shutting down and abandoning module OculusLibrary (123)
[2016.11.29-16.57.40:265][198]LogModuleManager: Shutting down and abandoning module OculusInput (122)
[2016.11.29-16.57.40:265][198]LogModuleManager: Shutting down and abandoning module CustomMeshComponent (121)
[2016.11.29-16.57.40:265][198]LogModuleManager: Shutting down and abandoning module CableComponent (120)
[2016.11.29-16.57.40:265][198]LogModuleManager: Shutting down and abandoning module ArchVisCharacter (119)
[2016.11.29-16.57.40:265][198]LogModuleManager: Shutting down and abandoning module MediaPlayerEditor (118)
[2016.11.29-16.57.40:298][198]LogModuleManager: Shutting down and abandoning module HTML5Networking (117)
[2016.11.29-16.57.40:298][198]LogModuleManager: Shutting down and abandoning module SuperSearch (116)
[2016.11.29-16.57.40:298][198]LogModuleManager: Shutting down and abandoning module SuperSearchEditor (115)
[2016.11.29-16.57.40:298][198]LogModuleManager: Shutting down and abandoning module SpeedTreeImporter (114)
[2016.11.29-16.57.40:298][198]LogModuleManager: Shutting down and abandoning module PluginBrowser (113)
[2016.11.29-16.57.40:298][198]LogModuleManager: Shutting down and abandoning module EpicSurvey (112)
[2016.11.29-16.57.40:298][198]LogModuleManager: Shutting down and abandoning module DesktopPlatform (111)
[2016.11.29-16.57.40:298][198]LogModuleManager: Shutting down and abandoning module VisualStudioSourceCodeAccess (110)
[2016.11.29-16.57.40:298][198]LogModuleManager: Shutting down and abandoning module UObjectPlugin (109)
[2016.11.29-16.57.40:298][198]LogModuleManager: Shutting down and abandoning module SubversionSourceControl (108)
[2016.11.29-16.57.40:298][198]LogModuleManager: Shutting down and abandoning module PerforceSourceControl (107)
[2016.11.29-16.57.40:298][198]LogModuleManager: Shutting down and abandoning module SourceControl (106)
[2016.11.29-16.57.40:298][198]LogModuleManager: Shutting down and abandoning module GitSourceControl (105)
[2016.11.29-16.57.40:299][198]LogModuleManager: Shutting down and abandoning module LightPropagationVolumeEditor (104)
[2016.11.29-16.57.40:299][198]LogModuleManager: Shutting down and abandoning module PaperTiledImporter (103)
[2016.11.29-16.57.40:299][198]LogModuleManager: Shutting down and abandoning module PaperSpriteSheetImporter (102)
[2016.11.29-16.57.40:299][198]LogModuleManager: Shutting down and abandoning module MeshPaint (101)
[2016.11.29-16.57.40:299][198]LogModuleManager: Shutting down and abandoning module PixelInspectorModule (100)
[2016.11.29-16.57.40:299][198]LogModuleManager: Shutting down and abandoning module HotReload (99)
[2016.11.29-16.57.40:299][198]LogModuleManager: Shutting down and abandoning module MainFrame (98)
[2016.11.29-16.57.40:299][198]LogModuleManager: Shutting down and abandoning module LevelEditor (97)
[2016.11.29-16.57.40:300][198]LogModuleManager: Shutting down and abandoning module ContentBrowser (96)
[2016.11.29-16.57.40:301][198]LogModuleManager: Shutting down and abandoning module Paper2DEditor (95)
[2016.11.29-16.57.40:320][198]LogModuleManager: Shutting down and abandoning module UdpMessaging (94)
[2016.11.29-16.57.40:421][198]LogModuleManager: Shutting down and abandoning module LightPropagationVolumeRuntime (93)
[2016.11.29-16.57.40:421][198]LogModuleManager: Shutting down and abandoning module Paper2D (92)
[2016.11.29-16.57.40:421][198]LogModuleManager: Shutting down and abandoning module WindowsMoviePlayer (91)
[2016.11.29-16.57.40:421][198]LogModuleManager: Shutting down and abandoning module Media (90)
[2016.11.29-16.57.40:421][198]LogModuleManager: Shutting down and abandoning module WmfMedia (89)
[2016.11.29-16.57.40:432][198]LogModuleManager: Shutting down and abandoning module MediaAssets (88)
[2016.11.29-16.57.40:432][198]LogModuleManager: Shutting down and abandoning module GameLiveStreaming (87)
[2016.11.29-16.57.40:432][198]LogModuleManager: Shutting down and abandoning module GameplayTagsEditor (86)
[2016.11.29-16.57.40:432][198]LogModuleManager: Shutting down and abandoning module OnlineBlueprintSupport (85)
[2016.11.29-16.57.40:432][198]LogModuleManager: Shutting down and abandoning module VREditor (84)
[2016.11.29-16.57.40:451][198]LogModuleManager: Shutting down and abandoning module GameplayTasksEditor (83)
[2016.11.29-16.57.40:451][198]LogModuleManager: Shutting down and abandoning module PropertyEditor (82)
[2016.11.29-16.57.40:451][198]LogModuleManager: Shutting down and abandoning module BehaviorTreeEditor (81)
[2016.11.29-16.57.40:474][198]LogModuleManager: Shutting down and abandoning module FunctionalTesting (80)
[2016.11.29-16.57.40:486][198]LogModuleManager: Shutting down and abandoning module CollisionAnalyzer (79)
[2016.11.29-16.57.40:499][198]LogModuleManager: Shutting down and abandoning module Sequencer (78)
[2016.11.29-16.57.40:525][198]LogModuleManager: Shutting down and abandoning module WorkspaceMenuStructure (77)
[2016.11.29-16.57.40:525][198]LogModuleManager: Shutting down and abandoning module MessageLog (76)
[2016.11.29-16.57.40:525][198]LogModuleManager: Shutting down and abandoning module AssetTools (75)
[2016.11.29-16.57.40:543][198]LogModuleManager: Shutting down and abandoning module UMGEditor (74)
[2016.11.29-16.57.40:557][198]LogModuleManager: Shutting down and abandoning module UMG (73)
[2016.11.29-16.57.40:557][198]LogModuleManager: Shutting down and abandoning module SlateReflector (72)
[2016.11.29-16.57.40:574][198]LogModuleManager: Shutting down and abandoning module Slate (71)
[2016.11.29-16.57.40:574][198]LogModuleManager: Shutting down and abandoning module EditorStyle (70)
[2016.11.29-16.57.40:578][198]LogModuleManager: Shutting down and abandoning module SourceCodeAccess (69)
[2016.11.29-16.57.40:578][198]LogModuleManager: Shutting down and abandoning module HeadMountedDisplay (68)
[2016.11.29-16.57.40:578][198]LogModuleManager: Shutting down and abandoning module XAudio2 (67)
[2016.11.29-16.57.40:578][198]LogModuleManager: Shutting down and abandoning module Networking (65)
[2016.11.29-16.57.40:578][198]LogModuleManager: Shutting down and abandoning module Core (64)
[2016.11.29-16.57.40:578][198]LogModuleManager: Shutting down and abandoning module DirectoryWatcher (63)
[2016.11.29-16.57.40:579][198]LogModuleManager: Shutting down and abandoning module AssetRegistry (62)
[2016.11.29-16.57.40:719][198]LogModuleManager: Shutting down and abandoning module KismetCompiler (61)
[2016.11.29-16.57.40:719][198]LogModuleManager: Shutting down and abandoning module PhysXFormats (60)
[2016.11.29-16.57.40:719][198]LogModuleManager: Shutting down and abandoning module MeshUtilities (59)
[2016.11.29-16.57.40:725][198]LogModuleManager: Shutting down and abandoning module DerivedDataCache (58)
[2016.11.29-16.57.40:775][198]LogDerivedDataCache: Shutdown
[2016.11.29-16.57.40:775][198]LogModuleManager: Shutting down and abandoning module VulkanShaderFormat (57)
[2016.11.29-16.57.40:785][198]LogModuleManager: Shutting down and abandoning module ShaderFormatOpenGL (56)
[2016.11.29-16.57.40:801][198]LogModuleManager: Shutting down and abandoning module ShaderFormatD3D (55)
[2016.11.29-16.57.40:801][198]LogModuleManager: Shutting down and abandoning module MetalShaderFormat (54)
[2016.11.29-16.57.40:812][198]LogModuleManager: Shutting down and abandoning module TextureFormatUncompressed (53)
[2016.11.29-16.57.40:812][198]LogModuleManager: Shutting down and abandoning module TextureFormatPVR (52)
[2016.11.29-16.57.40:812][198]LogModuleManager: Shutting down and abandoning module TextureFormatIntelISPCTexComp (51)
[2016.11.29-16.57.40:812][198]LogModuleManager: Shutting down and abandoning module TextureFormatDXT (50)
[2016.11.29-16.57.40:812][198]LogModuleManager: Shutting down and abandoning module ImageWrapper (49)
[2016.11.29-16.57.40:812][198]LogModuleManager: Shutting down and abandoning module TextureFormatASTC (48)
[2016.11.29-16.57.40:812][198]LogModuleManager: Shutting down and abandoning module TextureFormatAndroid (47)
[2016.11.29-16.57.40:812][198]LogModuleManager: Shutting down and abandoning module AudioFormatOpus (46)
[2016.11.29-16.57.40:812][198]LogModuleManager: Shutting down and abandoning module AudioFormatOgg (45)
[2016.11.29-16.57.40:812][198]LogModuleManager: Shutting down and abandoning module AudioFormatADPCM (44)
[2016.11.29-16.57.40:812][198]LogModuleManager: Shutting down and abandoning module LinuxTargetPlatform (43)
[2016.11.29-16.57.40:812][198]LogModuleManager: Shutting down and abandoning module LinuxServerTargetPlatform (42)
[2016.11.29-16.57.40:812][198]LogModuleManager: Shutting down and abandoning module LinuxNoEditorTargetPlatform (41)
[2016.11.29-16.57.40:812][198]LogModuleManager: Shutting down and abandoning module TVOSTargetPlatform (40)
[2016.11.29-16.57.40:812][198]LogModuleManager: Shutting down and abandoning module Messaging (39)
[2016.11.29-16.57.40:812][198]LogModuleManager: Shutting down and abandoning module IOSTargetPlatform (38)
[2016.11.29-16.57.40:812][198]LogModuleManager: Shutting down and abandoning module HTML5TargetPlatform (37)
[2016.11.29-16.57.40:813][198]LogModuleManager: Shutting down and abandoning module Android_PVRTCTargetPlatform (36)
[2016.11.29-16.57.40:813][198]LogModuleManager: Shutting down and abandoning module Android_MultiTargetPlatform (35)
[2016.11.29-16.57.40:818][198]LogModuleManager: Shutting down and abandoning module Android_ETC2TargetPlatform (34)
[2016.11.29-16.57.40:818][198]LogModuleManager: Shutting down and abandoning module Android_ETC1TargetPlatform (33)
[2016.11.29-16.57.40:818][198]LogModuleManager: Shutting down and abandoning module Android_DXTTargetPlatform (32)
[2016.11.29-16.57.40:818][198]LogModuleManager: Shutting down and abandoning module Android_ATCTargetPlatform (31)
[2016.11.29-16.57.40:818][198]LogModuleManager: Shutting down and abandoning module Android_ASTCTargetPlatform (30)
[2016.11.29-16.57.40:818][198]LogModuleManager: Shutting down and abandoning module AndroidTargetPlatform (29)
[2016.11.29-16.57.40:818][198]LogModuleManager: Shutting down and abandoning module WindowsTargetPlatform (28)
[2016.11.29-16.57.40:819][198]LogModuleManager: Shutting down and abandoning module WindowsServerTargetPlatform (27)
[2016.11.29-16.57.40:819][198]LogModuleManager: Shutting down and abandoning module WindowsNoEditorTargetPlatform (26)
[2016.11.29-16.57.40:819][198]LogModuleManager: Shutting down and abandoning module WindowsClientTargetPlatform (25)
[2016.11.29-16.57.40:819][198]LogModuleManager: Shutting down and abandoning module AllDesktopTargetPlatform (24)
[2016.11.29-16.57.40:819][198]LogModuleManager: Shutting down and abandoning module TargetPlatform (23)
[2016.11.29-16.57.40:823][198]LogModuleManager: Shutting down and abandoning module InputCore (22)
[2016.11.29-16.57.40:823][198]LogModuleManager: Shutting down and abandoning module Settings (21)
[2016.11.29-16.57.40:823][198]LogModuleManager: Shutting down and abandoning module OnlineSubsystem (19)
[2016.11.29-16.57.40:833][198]LogModuleManager: Shutting down and abandoning module HTTP (18)
[2016.11.29-16.57.45:346][198]LogModuleManager: Shutting down and abandoning module XMPP (17)
[2016.11.29-16.57.45:364][198]LogModuleManager: Shutting down and abandoning module OculusRift (16)
[2016.11.29-16.57.45:391][198]LogModuleManager: Shutting down and abandoning module ExampleDeviceProfileSelector (15)
[2016.11.29-16.57.45:391][198]LogModuleManager: Shutting down and abandoning module TextureCompressor (14)
[2016.11.29-16.57.45:391][198]LogModuleManager: Shutting down and abandoning module ShaderCore (13)
[2016.11.29-16.57.45:391][198]LogModuleManager: Shutting down and abandoning module Landscape (12)
[2016.11.29-16.57.45:391][198]LogModuleManager: Shutting down and abandoning module SlateRHIRenderer (11)
[2016.11.29-16.57.45:416][198]LogModuleManager: Shutting down and abandoning module OpenGLDrv (10)
[2016.11.29-16.57.45:428][198]LogModuleManager: Shutting down and abandoning module D3D11RHI (9)
[2016.11.29-16.57.45:428][198]LogModuleManager: Shutting down and abandoning module AnimGraphRuntime (8)
[2016.11.29-16.57.45:428][198]LogModuleManager: Shutting down and abandoning module Renderer (7)
[2016.11.29-16.57.45:428][198]LogModuleManager: Shutting down and abandoning module Engine (6)
[2016.11.29-16.57.45:428][198]LogModuleManager: Shutting down and abandoning module CoreUObject (5)
[2016.11.29-16.57.45:428][198]LogModuleManager: Shutting down and abandoning module NetworkFile (4)
[2016.11.29-16.57.45:435][198]LogModuleManager: Shutting down and abandoning module StreamingFile (3)
[2016.11.29-16.57.45:435][198]LogModuleManager: Shutting down and abandoning module SandboxFile (2)
[2016.11.29-16.57.45:435][198]LogModuleManager: Shutting down and abandoning module PakFile (1)
[2016.11.29-16.57.45:477][198]LogExit: Exiting.
[2016.11.29-16.57.45:507][198]Log file closed, 11/30/16 00:57:45
