Log file open, 11/30/16 00:57:37
LogInit:Display: Running engine for game: PrisonBreak
LogPlatformFile: Not using cached read wrapper
LogInit:Display: RandInit(-1752657139) SRandInit(-1752657138).
LogTaskGraph: Started task graph with 4 named threads and 5 total threads with 1 sets of task threads.
LogStats: Stats thread started at 0.085221
LogInit: Version: 4.12.5-3039270+++UE4+Release-4.12
LogInit: API Version: 2992821
LogInit: Net Version: 3039270
LogDevObjectVersion: Number of dev versions registered: 13
LogDevObjectVersion:   Dev-Blueprints (B0D832E4-1F89-4F0D-ACCF-7EB736FD4AA2): 3
LogDevObjectVersion:   Dev-Build (E1C64328-A22C-4D53-A36C-8E866417BD8C): 0
LogDevObjectVersion:   Dev-Core (375EC13C-06E4-48FB-B500-84F0262A717E): 1
LogDevObjectVersion:   Dev-Editor (E4B068ED-F494-42E9-A231-DA0B2E46BB41): 2
LogDevObjectVersion:   Dev-Framework (CFFC743F-43B0-4480-9391-14DF171D2073): 6
LogDevObjectVersion:   Dev-Mobile (B02B49B5-BB20-44E9-A304-32B752E40360): 0
LogDevObjectVersion:   Dev-Networking (A4E4105C-59A1-49B5-A7C5-40C4547EDFEE): 0
LogDevObjectVersion:   Dev-Online (39C831C9-5AE6-47DC-9A44-9C173E1C8E7C): 0
LogDevObjectVersion:   Dev-Physics (78F01B33-EBEA-4F98-B9B4-84EACCB95AA2): 0
LogDevObjectVersion:   Dev-Platform (6631380F-2D4D-43E0-8009-CF276956A95A): 0
LogDevObjectVersion:   Dev-Rendering (12F88B9F-8875-4AFC-A67C-D90C383ABD29): 2
LogDevObjectVersion:   Dev-Sequencer (7B5AE74C-D270-4C10-A958-57980B212A5A): 0
LogDevObjectVersion:   Dev-VR (D7296918-1DD6-4BDD-9DE2-64A83CC13884): 0
LogInit: Compiled (64-bit): Jul  6 2016 09:09:46
LogInit: Compiled with Visual C++: 19.00.23026.00
LogInit: Build Configuration: Development
LogInit: Branch Name: ++UE4+Release-4.12
LogInit: Command line:  
LogInit: Base directory: F:/Epic Games/4.12/Engine/Binaries/Win64/
LogInit: Installed Engine Build: 1
LogInit: Using libcurl 7.41.0
LogInit:  - built for x86_64-pc-win32
LogInit:  - supports SSL with WinSSL
LogInit:  - other features:
LogInit:      CURL_VERSION_SSL
LogInit:      CURL_VERSION_IPV6
LogInit:      CURL_VERSION_ASYNCHDNS
LogInit:      CURL_VERSION_LARGEFILE
LogInit:      CURL_VERSION_IDN
LogInit:  CurlRequestOptions (configurable via config and command line):
LogInit:  - bVerifyPeer = true  - Libcurl will verify peer certificate
LogInit:  - bUseHttpProxy = false  - Libcurl will NOT use HTTP proxy
LogInit:  - bDontReuseConnections = false  - Libcurl will reuse connections
LogInit:  - CertBundlePath = nullptr  - Libcurl will use whatever was configured at build time.
LogInit: Presizing for max 8388607 objects, including 0 objects not considered by GC, pre-allocating 0 bytes for permanent pool.
LogInit: Object subsystem initialized
[2016.11.29-16.57.37:608][  0]LogInit: Selected Device Profile: [Windows]
[2016.11.29-16.57.37:608][  0]LogInit: Applying CVar settings loaded from the selected device profile: [Windows]
[2016.11.29-16.57.37:644][  0]LogInit: Computer: DESKTOP-80R6GS1
[2016.11.29-16.57.37:644][  0]LogInit: User: gelei
[2016.11.29-16.57.37:644][  0]LogInit: CPU Page size=65536, Cores=2
[2016.11.29-16.57.37:644][  0]LogInit: High frequency timer resolution =2.435868 MHz
[2016.11.29-16.57.37:644][  0]LogMemory: Memory total: Physical=7.9GB (8GB approx)
[2016.11.29-16.57.37:644][  0]LogMemory: Platform Memory Stats for Windows
[2016.11.29-16.57.37:644][  0]LogMemory: Process Physical Memory: 190.46 MB used, 190.46 MB peak
[2016.11.29-16.57.37:644][  0]LogMemory: Process Virtual Memory: 195.13 MB used, 195.13 MB peak
[2016.11.29-16.57.37:644][  0]LogMemory: Physical Memory: 3354.26 MB used, 8091.27 MB total
[2016.11.29-16.57.37:644][  0]LogMemory: Virtual Memory: 552.22 MB used, 134217728.00 MB total
[2016.11.29-16.57.38:033][  0]LogTextLocalizationManager:Warning: Loaded localization resources contain conflicting entries for (Namespace:K2Node, Key:Target):
Localization Resource: (F:/Epic Games/4.12/Engine/Content/Localization/EditorTutorials/zh-CN/EditorTutorials.locres) Source String Hash: (-1589014459) Localized String: (目标)
Localization Resource: (F:/Epic Games/4.12/Engine/Content/Localization/Engine/zh-CN/Engine.locres) Source String Hash: (-1589014459) Localized String: (对象)
[2016.11.29-16.57.38:033][  0]LogTextLocalizationManager:Warning: Loaded localization resources contain conflicting entries for (Namespace:K2Node, Key:false):
Localization Resource: (F:/Epic Games/4.12/Engine/Content/Localization/EditorTutorials/zh-CN/EditorTutorials.locres) Source String Hash: (816077464) Localized String: (假)
Localization Resource: (F:/Epic Games/4.12/Engine/Content/Localization/Engine/zh-CN/Engine.locres) Source String Hash: (816077464) Localized String: (错误)
[2016.11.29-16.57.38:033][  0]LogTextLocalizationManager:Warning: Loaded localization resources contain conflicting entries for (Namespace:K2Node, Key:true):
Localization Resource: (F:/Epic Games/4.12/Engine/Content/Localization/EditorTutorials/zh-CN/EditorTutorials.locres) Source String Hash: (-942328987) Localized String: (真)
Localization Resource: (F:/Epic Games/4.12/Engine/Content/Localization/Engine/zh-CN/Engine.locres) Source String Hash: (-942328987) Localized String: (正确)
[2016.11.29-16.57.38:033][  0]LogTextLocalizationManager:Warning: Loaded localization resources contain conflicting entries for (Namespace:UObjectToolTips, Key:AnimNode_AssetPlayerBase:InternalTimeAccumulator):
Localization Resource: (F:/Epic Games/4.12/Engine/Content/Localization/EditorTutorials/zh-CN/EditorTutorials.locres) Source String Hash: (502993589) Localized String: (用于引用此节点中的资源的累积时间)
Localization Resource: (F:/Epic Games/4.12/Engine/Content/Localization/Engine/zh-CN/Engine.locres) Source String Hash: (502993589) Localized String: (引用该节点中资源所用的累计时间)
[2016.11.29-16.57.38:033][  0]LogTextLocalizationManager:Warning: Loaded localization resources contain conflicting entries for (Namespace:UObjectToolTips, Key:AnimNode_AssetPlayerBase:bIgnoreForRelevancyTest):
Localization Resource: (F:/Epic Games/4.12/Engine/Content/Localization/EditorTutorials/zh-CN/EditorTutorials.locres) Source String Hash: (319969718) Localized String: (若为真，在状态中寻找最高权重动画的“相关动画”节点将忽视 此节点)
Localization Resource: (F:/Epic Games/4.12/Engine/Content/Localization/Engine/zh-CN/Engine.locres) Source String Hash: (319969718) Localized String: (如果为真，那么将会忽略查找最高权重动画的"相关动画"节点。
这个节点)
[2016.11.29-16.57.38:033][  0]LogTextLocalizationManager:Warning: Loaded localization resources contain conflicting entries for (Namespace:UObjectToolTips, Key:AnimNode_AssetPlayerBase:BlendWeight):
Localization Resource: (F:/Epic Games/4.12/Engine/Content/Localization/EditorTutorials/zh-CN/EditorTutorials.locres) Source String Hash: (-1232800293) Localized String: (此节点最后交会的混合权重)
Localization Resource: (F:/Epic Games/4.12/Engine/Content/Localization/Engine/zh-CN/Engine.locres) Source String Hash: (-1232800293) Localized String: (该节点上一次遇到的混合权重)
[2016.11.29-16.57.38:261][  0]LogD3D11RHI: D3D11 adapters:
[2016.11.29-16.57.38:320][  0]LogD3D11RHI:    0. 'NVIDIA GeForce GT 640M LE' (Feature Level 11_0)
[2016.11.29-16.57.38:320][  0]LogD3D11RHI:       1996/0/2047 MB DedicatedVideo/DedicatedSystem/SharedSystem, Outputs:1, VendorId:0x10de
[2016.11.29-16.57.38:342][  0]LogD3D11RHI:    1. 'NVIDIA GeForce GT 640M LE' (Feature Level 11_0)
[2016.11.29-16.57.38:342][  0]LogD3D11RHI:       1996/0/2047 MB DedicatedVideo/DedicatedSystem/SharedSystem, Outputs:0, VendorId:0x10de
[2016.11.29-16.57.38:346][  0]LogD3D11RHI:    2. 'Microsoft Basic Render Driver' (Feature Level 11_0)
[2016.11.29-16.57.38:346][  0]LogD3D11RHI:       1996/0/2047 MB DedicatedVideo/DedicatedSystem/SharedSystem, Outputs:0, VendorId:0x1414
[2016.11.29-16.57.38:346][  0]LogD3D11RHI: Chosen D3D11 Adapter: 0
[2016.11.29-16.57.38:356][  0]LogD3D11RHI: Creating new Direct3DDevice
[2016.11.29-16.57.38:356][  0]LogD3D11RHI:     GPU DeviceId: 0xde9 (for the marketing name, search the web for "GPU Device Id")
[2016.11.29-16.57.38:356][  0]LogWindows: EnumDisplayDevices:
[2016.11.29-16.57.38:356][  0]LogWindows:    0. 'Intel(R) HD Graphics 4000' (P:1 D:1)
[2016.11.29-16.57.38:356][  0]LogWindows:    1. 'Intel(R) HD Graphics 4000' (P:0 D:0)
[2016.11.29-16.57.38:356][  0]LogWindows:    2. 'Intel(R) HD Graphics 4000' (P:0 D:0)
[2016.11.29-16.57.38:357][  0]LogWindows:    3. 'NVIDIA GeForce GT 640M LE' (P:0 D:0)
[2016.11.29-16.57.38:357][  0]LogWindows: DebugString: PrimaryIsNotTheChoosenAdapter PrimaryIsNotTheChoosenAdapter PrimaryIsNotTheChoosenAdapter 
[2016.11.29-16.57.38:357][  0]LogD3D11RHI:     Adapter Name: NVIDIA GeForce GT 640M LE
[2016.11.29-16.57.38:357][  0]LogD3D11RHI:   Driver Version: 353.62 (internal:10.18.13.5362, unified:353.62)
[2016.11.29-16.57.38:357][  0]LogD3D11RHI:      Driver Date: 7-22-2015
[2016.11.29-16.57.38:357][  0]LogRHI: Texture pool is 1361 MB (70% of 1945 MB)
[2016.11.29-16.57.38:375][  0]LogD3D11RHI: Async texture creation enabled
[2016.11.29-16.57.38:398][  0]LogD3D11RHI: GPU Timing Frequency: 1000.000000 (Debug: 2 2)
[2016.11.29-16.57.38:398][  0]LogShaderCompilers: Guid format shader working directory is 12 characters bigger than the processId version (C:/Users/gelei/Desktop/PrisonBreak/Intermediate/Shaders/WorkingDirectory/6728/).
[2016.11.29-16.57.38:398][  0]LogShaderCompilers: Cleaned the shader compiler working directory 'C:/Users/gelei/AppData/Local/Temp/UnrealShaderWorkingDir/DB7174994A4DACF15C0CFF84A20AFAD5/'.
[2016.11.29-16.57.38:398][  0]LogShaderCompilers:Display: Using Local Shader Compiler.
[2016.11.29-16.57.41:065][  0]LogTemp:Display: Loaded TP AllDesktopTargetPlatform
[2016.11.29-16.57.41:077][  0]LogTemp:Display: Loaded TP WindowsClientTargetPlatform
[2016.11.29-16.57.41:088][  0]LogTemp:Display: Loaded TP WindowsNoEditorTargetPlatform
[2016.11.29-16.57.41:100][  0]LogTemp:Display: Loaded TP WindowsServerTargetPlatform
[2016.11.29-16.57.41:111][  0]LogTemp:Display: Loaded TP WindowsTargetPlatform
[2016.11.29-16.57.41:125][  0]LogTemp:Display: Loaded TP AndroidTargetPlatform
[2016.11.29-16.57.41:136][  0]LogTemp:Display: Loaded TP Android_ASTCTargetPlatform
[2016.11.29-16.57.41:146][  0]LogTemp:Display: Loaded TP Android_ATCTargetPlatform
[2016.11.29-16.57.41:156][  0]LogTemp:Display: Loaded TP Android_DXTTargetPlatform
[2016.11.29-16.57.41:166][  0]LogTemp:Display: Loaded TP Android_ETC1TargetPlatform
[2016.11.29-16.57.41:176][  0]LogTemp:Display: Loaded TP Android_ETC2TargetPlatform
[2016.11.29-16.57.41:198][  0]LogTemp:Display: Loaded TP Android_MultiTargetPlatform
[2016.11.29-16.57.41:198][  0]LogTemp:Display: Loaded TP Android_PVRTCTargetPlatform
[2016.11.29-16.57.41:199][  0]LogTemp:Display: Loaded TP HTML5TargetPlatform
[2016.11.29-16.57.41:256][  0]LogTemp:Display: Loaded TP IOSTargetPlatform
[2016.11.29-16.57.41:266][  0]LogTemp:Display: Loaded TP TVOSTargetPlatform
[2016.11.29-16.57.41:277][  0]LogTemp:Display: Loaded TP LinuxNoEditorTargetPlatform
[2016.11.29-16.57.41:287][  0]LogTemp:Display: Loaded TP LinuxServerTargetPlatform
[2016.11.29-16.57.41:302][  0]LogTemp:Display: Loaded TP LinuxTargetPlatform
[2016.11.29-16.57.41:302][  0]LogTargetPlatformManager:Display: Building Assets For Windows
[2016.11.29-16.57.41:694][  0]LogDerivedDataCache:Display: Max Cache Size: 512 MB
[2016.11.29-16.57.41:764][  0]LogDerivedDataCache: Loaded boot cache 0.07s 48MB C:/Users/gelei/AppData/Local/UnrealEngine/4.12/DerivedDataCache/Boot.ddc.
[2016.11.29-16.57.41:764][  0]LogDerivedDataCache:Display: Loaded Boot cache: C:/Users/gelei/AppData/Local/UnrealEngine/4.12/DerivedDataCache/Boot.ddc
[2016.11.29-16.57.41:765][  0]LogDerivedDataCache: FDerivedDataBackendGraph:  Pak pak cache file C:/Users/gelei/Desktop/PrisonBreak/DerivedDataCache/DDC.ddp not found, will not use a pak cache.
[2016.11.29-16.57.41:765][  0]LogDerivedDataCache: Unable to find inner node Pak for hierarchical cache Hierarchy.
[2016.11.29-16.57.41:765][  0]LogDerivedDataCache: FDerivedDataBackendGraph:  CompressedPak pak cache file C:/Users/gelei/Desktop/PrisonBreak/DerivedDataCache/Compressed.ddp not found, will not use a pak cache.
[2016.11.29-16.57.41:765][  0]LogDerivedDataCache: Unable to find inner node CompressedPak for hierarchical cache Hierarchy.
[2016.11.29-16.57.41:792][  0]LogDerivedDataCache:Display: Pak cache opened for reading ../../../Engine/DerivedDataCache/Compressed.ddp.
[2016.11.29-16.57.41:804][  0]LogDerivedDataCache: Using Local data cache path C:/Users/gelei/AppData/Local/UnrealEngine/Common/DerivedDataCache: Writable
[2016.11.29-16.57.45:131][  0]LogInit: Selected Device Profile: [Windows]
[2016.11.29-16.57.45:132][  0]LogContentStreaming: Texture pool size is 0.00 MB
[2016.11.29-16.57.45:338][  0]LogMeshUtilities: No automatic mesh reduction module available
[2016.11.29-16.57.45:338][  0]LogMeshUtilities: No automatic mesh merging module available
[2016.11.29-16.57.45:338][  0]LogMeshUtilities: No distributed automatic mesh merging module available
[2016.11.29-16.57.45:707][  0]LogAssetRegistry: FAssetRegistry took 0.0224 seconds to start up
[2016.11.29-16.57.45:789][  0]LogPackageLocalizationCache: Processed 3 localized package path(s) for 4 prioritized culture(s) in 0.078902 seconds
[2016.11.29-16.57.45:797][  0]LogUObjectArray: 28739 objects as part of root set at end of initial load.
[2016.11.29-16.57.45:797][  0]LogUObjectAllocator: 5855624 out of 0 bytes used by permanent object pool.
[2016.11.29-16.57.45:797][  0]LogUObjectArray: CloseDisregardForGC: 0/0 objects in disregard for GC pool
[2016.11.29-16.57.45:804][  0]LogInit: WinSock: version 1.1 (2.2), MaxSocks=32767, MaxUdp=65467
[2016.11.29-16.57.46:074][  0]LogSlate: SlateFontCache - WITH_FREETYPE: 1, WITH_HARFBUZZ: 1
[2016.11.29-16.57.46:074][  0]LogSlate: SlateFontCache - WITH_FREETYPE: 1, WITH_HARFBUZZ: 1
[2016.11.29-16.57.48:029][  0]LogUdpMessaging: Initializing bridge on interface 0.0.0.0:0 to multicast group 230.0.0.1:6666.
[2016.11.29-16.57.48:295][  0]SourceControl: 信息 源码控制已禁用
[2016.11.29-16.57.48:296][  0]SourceControl: 信息 源码控制已禁用
[2016.11.29-16.57.48:303][  0]SourceControl: 信息 源码控制已禁用
[2016.11.29-16.57.48:311][  0]SourceControl: 信息 源码控制已禁用
[2016.11.29-16.57.48:524][  0]LogEngine: Initializing Engine...
[2016.11.29-16.57.48:564][  0]LogHMD: SteamVR failed to initialize.  Err: 110
[2016.11.29-16.57.48:564][  0]LogHMD: SteamVR failed to initialize.  Err: 110
[2016.11.29-16.57.48:745][  0]LogAIModule: Creating AISystem for world NewWorld
[2016.11.29-16.57.48:752][  0]LogInit: XAudio2 using '扬声器 (High Definition Audio 设备)' : 2 channels at 44.1 kHz using 16 bits per sample (channel mask 0x3)
[2016.11.29-16.57.48:774][  0]LogInit: FAudioDevice initialized.
[2016.11.29-16.57.48:805][  0]LogDerivedDataCache: Saved boot cache 0.03s 48MB C:/Users/gelei/AppData/Local/UnrealEngine/4.12/DerivedDataCache/Boot.ddc.
[2016.11.29-16.57.48:815][  0]LogInit: Texture streaming: Enabled
[2016.11.29-16.57.48:835][  0]LogInit: Transaction tracking system initialized
[2016.11.29-16.57.48:854][  0]BlueprintLog: New page: 编辑器加载
[2016.11.29-16.57.48:923][  0]LocalizationService: 信息 本地化服务已被禁用
[2016.11.29-16.57.49:209][  0]LogConsoleResponse:Display: 
[2016.11.29-16.57.49:509][  0]LogCook:Display: Max memory allowance for cook 8192mb
[2016.11.29-16.57.49:509][  0]LogCook:Display: Mobile HDR setting 1
[2016.11.29-16.57.49:643][  0]LogFileCache: Scanning file cache for directory 'C:/Users/gelei/Desktop/PrisonBreak/Content/' took 0.05s
[2016.11.29-16.57.49:643][  0]SourceControl: 信息 源码控制已禁用
[2016.11.29-16.57.49:643][  0]Cmd: MAP LOAD FILE="C:/Users/gelei/Desktop/PrisonBreak/Content/ThirdPersonBP/Maps/ThirdPersonExampleMap.umap" TEMPLATE=0 SHOWPROGRESS=1 FEATURELEVEL=3
[2016.11.29-16.57.49:644][  0]LightingResults: New page: 光照构建
[2016.11.29-16.57.49:646][  0]MapCheck: New page: 地图检测
[2016.11.29-16.57.49:646][  0]LightingResults: New page: 光照构建
[2016.11.29-16.57.49:854][  0]LogLinker:Warning: 无法寻找到文件'/Game/Materials/_Base_Mat/M_Particles/M_SquareParticle'
[2016.11.29-16.57.49:854][  0]LogLinker:Warning: 无法在加载C:/Users/gelei/Desktop/PrisonBreak/Content/StarterContent/Effects/Particles/Explosion/P_NeonExplosion_Tiny.uasset时寻找到资源'/Game/Materials/_Base_Mat/M_Particles/M_SquareParticle'的文件。
[2016.11.29-16.57.49:854][  0]LoadErrors:Error: 错误 /Game/StarterContent/Effects/Particles/Explosion/P_NeonExplosion_Tiny : 无法寻找到资源的文件。 /Game/Materials/_Base_Mat/M_Particles/M_SquareParticle
[2016.11.29-16.57.49:854][  0]LogLinker:Warning: 无法寻找到文件'/Game/Particles/M_Burst'
[2016.11.29-16.57.49:854][  0]LogLinker:Warning: 无法在加载C:/Users/gelei/Desktop/PrisonBreak/Content/StarterContent/Effects/Particles/Explosion/P_NeonExplosion_Tiny.uasset时寻找到资源'/Game/Particles/M_Burst'的文件。
[2016.11.29-16.57.49:855][  0]LoadErrors:Error: 错误 /Game/StarterContent/Effects/Particles/Explosion/P_NeonExplosion_Tiny : 无法寻找到资源的文件。 /Game/Particles/M_Burst
[2016.11.29-16.57.49:855][  0]LogLinker:Warning: 无法寻找到文件'/Game/Particles/M_flare_01'
[2016.11.29-16.57.49:855][  0]LogLinker:Warning: 无法在加载C:/Users/gelei/Desktop/PrisonBreak/Content/StarterContent/Effects/Particles/Explosion/P_NeonExplosion_Tiny.uasset时寻找到资源'/Game/Particles/M_flare_01'的文件。
[2016.11.29-16.57.49:855][  0]LoadErrors:Error: 错误 /Game/StarterContent/Effects/Particles/Explosion/P_NeonExplosion_Tiny : 无法寻找到资源的文件。 /Game/Particles/M_flare_01
[2016.11.29-16.57.49:855][  0]LogLinker:Warning: 无法寻找到文件'/Game/Materials/_Base_Mat/M_Particles/M_SquareParticle'
[2016.11.29-16.57.49:855][  0]LogLinker:Warning: 无法在加载C:/Users/gelei/Desktop/PrisonBreak/Content/StarterContent/Effects/Particles/Explosion/P_NeonExplosion_Tiny.uasset时寻找到资源'/Game/Materials/_Base_Mat/M_Particles/M_SquareParticle'的文件。
[2016.11.29-16.57.49:855][  0]LoadErrors:Error: 错误 /Game/StarterContent/Effects/Particles/Explosion/P_NeonExplosion_Tiny : 无法寻找到资源的文件。 /Game/Materials/_Base_Mat/M_Particles/M_SquareParticle
[2016.11.29-16.57.49:855][  0]LogLinker:Warning: 无法寻找到文件'/Game/Particles/M_Burst'
[2016.11.29-16.57.49:855][  0]LogLinker:Warning: 无法在加载C:/Users/gelei/Desktop/PrisonBreak/Content/StarterContent/Effects/Particles/Explosion/P_NeonExplosion_Tiny.uasset时寻找到资源'/Game/Particles/M_Burst'的文件。
[2016.11.29-16.57.49:855][  0]LoadErrors:Error: 错误 /Game/StarterContent/Effects/Particles/Explosion/P_NeonExplosion_Tiny : 无法寻找到资源的文件。 /Game/Particles/M_Burst
[2016.11.29-16.57.49:855][  0]LogLinker:Warning: 无法寻找到文件'/Game/Particles/M_flare_01'
[2016.11.29-16.57.49:856][  0]LogLinker:Warning: 无法在加载C:/Users/gelei/Desktop/PrisonBreak/Content/StarterContent/Effects/Particles/Explosion/P_NeonExplosion_Tiny.uasset时寻找到资源'/Game/Particles/M_flare_01'的文件。
[2016.11.29-16.57.49:856][  0]LoadErrors:Error: 错误 /Game/StarterContent/Effects/Particles/Explosion/P_NeonExplosion_Tiny : 无法寻找到资源的文件。 /Game/Particles/M_flare_01
[2016.11.29-16.57.50:124][  0]LogLinker:Warning: 无法寻找到文件'/Game/Materials/_Base_Mat/M_Particles/M_SquareParticle'
[2016.11.29-16.57.50:124][  0]LoadErrors: 信息 加载失败 /Game/Materials/_Base_Mat/M_Particles/M_SquareParticle.M_SquareParticle 引用者 ParticleModuleRequired_3
[2016.11.29-16.57.50:125][  0]LogLinker:Warning: 无法在加载NULL时寻找到资源'/Game/Materials/_Base_Mat/M_Particles/M_SquareParticle'的文件。
[2016.11.29-16.57.50:125][  0]LoadErrors: 信息 加载失败 /Game/Materials/_Base_Mat/M_Particles/M_SquareParticle.M_SquareParticle 引用者 ParticleModuleRequired_3
[2016.11.29-16.57.50:125][  0]LogLinker:Warning: 无法寻找到文件'/Game/Particles/M_flare_01'
[2016.11.29-16.57.50:125][  0]LoadErrors: 信息 加载失败 /Game/Particles/M_flare_01.M_flare_01 引用者 ParticleModuleRequired_4
[2016.11.29-16.57.50:125][  0]LogLinker:Warning: 无法在加载NULL时寻找到资源'/Game/Particles/M_flare_01'的文件。
[2016.11.29-16.57.50:125][  0]LoadErrors: 信息 加载失败 /Game/Particles/M_flare_01.M_flare_01 引用者 ParticleModuleRequired_4
[2016.11.29-16.57.50:125][  0]LogLinker:Warning: 无法寻找到文件'/Game/Particles/M_Burst'
[2016.11.29-16.57.50:125][  0]LoadErrors: 信息 加载失败 /Game/Particles/M_Burst.M_Burst 引用者 ParticleModuleRequired_8
[2016.11.29-16.57.50:125][  0]LogLinker:Warning: 无法在加载NULL时寻找到资源'/Game/Particles/M_Burst'的文件。
[2016.11.29-16.57.50:125][  0]LoadErrors: 信息 加载失败 /Game/Particles/M_Burst.M_Burst 引用者 ParticleModuleRequired_8
[2016.11.29-16.57.50:404][  0]LogAIModule: Creating AISystem for world ThirdPersonExampleMap
[2016.11.29-16.57.50:590][  0]LogEditorServer: Finished looking for orphan Actors (0.000 secs)
[2016.11.29-16.57.50:591][  0]Cmd: MAP CHECKDEP NOCLEARLOG
[2016.11.29-16.57.50:643][  0]MapCheck: 信息 地图检测完成：0个错误，0 个警告，用时51.559毫秒完成。
[2016.11.29-16.57.50:643][  0]LogFileHelpers: Loading map 'ThirdPersonExampleMap' took 0.999
[2016.11.29-16.57.50:837][  0]LogCollectionManager: Loaded 1 collections in 0.004776 seconds
[2016.11.29-16.57.50:876][  0]LogFileCache: Scanning file cache for directory 'C:/Users/gelei/Desktop/PrisonBreak/Saved/Collections/' took 0.01s
[2016.11.29-16.57.50:876][  0]LogFileCache: Scanning file cache for directory 'C:/Users/gelei/Desktop/PrisonBreak/Content/Developers/gelei/Collections/' took 0.01s
[2016.11.29-16.57.50:876][  0]LogFileCache: Scanning file cache for directory 'C:/Users/gelei/Desktop/PrisonBreak/Content/Collections/' took 0.01s
[2016.11.29-16.57.50:876][  0]LogCollectionManager: Rebuilt the GUID cache for 1 collections in 0.000007 seconds
[2016.11.29-16.57.50:876][  0]LogCollectionManager: Rebuilt the hierarchy cache for 1 collections in 0.000001 seconds
[2016.11.29-16.57.50:887][  0]LogContentBrowser: Native class hierarchy populated in 0.0111 seconds. Added 2047 classes and 369 folders.
[2016.11.29-16.57.50:891][  0]LogStats: UGameplayTagsManager::ConstructGameplayTagTree: Construct from data asset -  0.000 s
[2016.11.29-16.57.50:891][  0]LogStats: UGameplayTagsManager::ConstructGameplayTagTree: GameplayTagTreeChangedEvent.Broadcast -  0.000 s
[2016.11.29-16.57.50:892][  0]LogContentBrowser: Native class hierarchy updated for 'GameplayTags' in 0.0006 seconds. Added 12 classes and 0 folders.
[2016.11.29-16.57.50:896][  0]LogContentBrowser: Native class hierarchy updated for 'WidgetCarousel' in 0.0005 seconds. Added 0 classes and 0 folders.
[2016.11.29-16.57.51:217][  0]LogContentBrowser: Native class hierarchy updated for 'AddContentDialog' in 0.0005 seconds. Added 0 classes and 0 folders.
[2016.11.29-16.57.51:221][  0]LogContentBrowser: Native class hierarchy updated for 'SceneOutliner' in 0.0005 seconds. Added 1 classes and 2 folders.
[2016.11.29-16.57.51:242][  0]LogCrashTracker: Crashtracker disabled due to settings.
[2016.11.29-16.57.51:247][  0]LogUObjectGlobals:Warning: 寻找对象'Class 无.'失败
[2016.11.29-16.57.51:273][  0]LogContentBrowser: Native class hierarchy updated for 'HierarchicalLODOutliner' in 0.0005 seconds. Added 1 classes and 2 folders.
[2016.11.29-16.57.51:273][  0]LogLoad: Full Startup: 15.75 seconds (BP compile: 0.17 seconds)
[2016.11.29-16.57.51:273][  0]LogExternalProfiler: No external profilers were discovered.  External profiling features will not be available.
[2016.11.29-16.57.51:291][  0]LogOcInput: OculusInput pre-init called
[2016.11.29-16.57.51:314][  0]LogContentStreaming: Texture pool size now 200 MB
[2016.11.29-16.57.51:588][  0]LogRenderer: Reallocating scene render targets to support 856x128 (Frame:2).
[2016.11.29-16.57.51:860][  4]LogAssetRegistry: Asset discovery search completed in 6.1760 seconds
[2016.11.29-16.57.51:861][  4]LogCollectionManager: Rebuilt the object cache for 1 collections in 0.000012 seconds (found 0 objects)
[2016.11.29-16.57.51:861][  4]LogCollectionManager: Fixed up redirectors for 1 collections in 0.000050 seconds (updated 0 objects)
[2016.11.29-16.58.24:922][787]LogLinker:Warning: 无法寻找到文件'/Game/Materials/_Base_Mat/M_Particles/M_SquareParticle'
[2016.11.29-16.58.24:922][787]LogLinker:Warning: 无法在加载C:/Users/gelei/Desktop/PrisonBreak/Content/StarterContent/Effects/Particles/Explosion/P_NeonExplosion.uasset时寻找到资源'/Game/Materials/_Base_Mat/M_Particles/M_SquareParticle'的文件。
[2016.11.29-16.58.24:922][787]LoadErrors:Error: 错误 /Game/StarterContent/Effects/Particles/Explosion/P_NeonExplosion : 无法寻找到资源的文件。 /Game/Materials/_Base_Mat/M_Particles/M_SquareParticle
[2016.11.29-16.58.24:922][787]LogLinker:Warning: 无法寻找到文件'/Game/Particles/M_Burst'
[2016.11.29-16.58.24:922][787]LogLinker:Warning: 无法在加载C:/Users/gelei/Desktop/PrisonBreak/Content/StarterContent/Effects/Particles/Explosion/P_NeonExplosion.uasset时寻找到资源'/Game/Particles/M_Burst'的文件。
[2016.11.29-16.58.24:922][787]LoadErrors:Error: 错误 /Game/StarterContent/Effects/Particles/Explosion/P_NeonExplosion : 无法寻找到资源的文件。 /Game/Particles/M_Burst
[2016.11.29-16.58.24:923][787]LogLinker:Warning: 无法寻找到文件'/Game/Particles/M_flare_01'
[2016.11.29-16.58.24:923][787]LogLinker:Warning: 无法在加载C:/Users/gelei/Desktop/PrisonBreak/Content/StarterContent/Effects/Particles/Explosion/P_NeonExplosion.uasset时寻找到资源'/Game/Particles/M_flare_01'的文件。
[2016.11.29-16.58.24:923][787]LoadErrors:Error: 错误 /Game/StarterContent/Effects/Particles/Explosion/P_NeonExplosion : 无法寻找到资源的文件。 /Game/Particles/M_flare_01
[2016.11.29-16.58.24:923][787]LogLinker:Warning: 无法寻找到文件'/Game/Materials/_Base_Mat/M_Particles/M_SquareParticle'
[2016.11.29-16.58.24:923][787]LogLinker:Warning: 无法在加载C:/Users/gelei/Desktop/PrisonBreak/Content/StarterContent/Effects/Particles/Explosion/P_NeonExplosion.uasset时寻找到资源'/Game/Materials/_Base_Mat/M_Particles/M_SquareParticle'的文件。
[2016.11.29-16.58.24:923][787]LogLinker:Warning: 无法寻找到文件'/Game/Particles/M_Burst'
[2016.11.29-16.58.24:923][787]LogLinker:Warning: 无法在加载C:/Users/gelei/Desktop/PrisonBreak/Content/StarterContent/Effects/Particles/Explosion/P_NeonExplosion.uasset时寻找到资源'/Game/Particles/M_Burst'的文件。
[2016.11.29-16.58.24:923][787]LogLinker:Warning: 无法寻找到文件'/Game/Particles/M_flare_01'
[2016.11.29-16.58.24:923][787]LogLinker:Warning: 无法在加载C:/Users/gelei/Desktop/PrisonBreak/Content/StarterContent/Effects/Particles/Explosion/P_NeonExplosion.uasset时寻找到资源'/Game/Particles/M_flare_01'的文件。
[2016.11.29-16.58.24:927][787]LogLinker:Warning: 无法寻找到文件'/Game/Materials/_Base_Mat/M_Particles/M_SquareParticle'
[2016.11.29-16.58.24:927][787]LogLinker:Warning: 无法在加载NULL时寻找到资源'/Game/Materials/_Base_Mat/M_Particles/M_SquareParticle'的文件。
[2016.11.29-16.58.24:928][787]LogLinker:Warning: 无法寻找到文件'/Game/Particles/M_flare_01'
[2016.11.29-16.58.24:928][787]LogLinker:Warning: 无法在加载NULL时寻找到资源'/Game/Particles/M_flare_01'的文件。
[2016.11.29-16.58.24:928][787]LogLinker:Warning: 无法寻找到文件'/Game/Particles/M_Burst'
[2016.11.29-16.58.24:928][787]LogLinker:Warning: 无法在加载NULL时寻找到资源'/Game/Particles/M_Burst'的文件。
[2016.11.29-16.58.27:534][787]LogSavePackage: Save=5.88ms
[2016.11.29-16.58.27:534][787]LogSavePackage: Moving 'C:/Users/gelei/Desktop/PrisonBreak/Saved/P_NeonExplosion_TinyE16DBCFD4E3F92680AF7E38E23E91400.tmp' to 'C:/Users/gelei/Desktop/PrisonBreak/Content/StarterContent/Effects/Particles/Explosion/P_NeonExplosion_Tiny.uasset'
[2016.11.29-16.58.27:537][787]LogSavePackage:Display: Finished SavePackage C:/Users/gelei/Desktop/PrisonBreak/Content/StarterContent/Effects/Particles/Explosion/P_NeonExplosion_Tiny.uasset
[2016.11.29-16.58.27:552][787]LogRenderer: Reallocating scene render targets to support 856x256 (Frame:709).
[2016.11.29-16.58.27:601][787]Cmd: OBJ SAVEPACKAGE PACKAGE="/Game/ThirdPersonBP/Blueprints/RunCharacter" FILE="C:/Users/gelei/Desktop/PrisonBreak/Content/ThirdPersonBP/Blueprints/RunCharacter.uasset" SILENT=true
[2016.11.29-16.58.27:709][787]LogSavePackage: Save=98.90ms
[2016.11.29-16.58.27:709][787]LogSavePackage: Moving 'C:/Users/gelei/Desktop/PrisonBreak/Saved/RunCharacterAD10463C4F5A966C8948D68F03CBD9FE.tmp' to 'C:/Users/gelei/Desktop/PrisonBreak/Content/ThirdPersonBP/Blueprints/RunCharacter.uasset'
[2016.11.29-16.58.27:712][787]LogSavePackage:Display: Finished SavePackage C:/Users/gelei/Desktop/PrisonBreak/Content/ThirdPersonBP/Blueprints/RunCharacter.uasset
[2016.11.29-16.58.35:275][229]Cmd: MAP LOAD FILE="C:/Users/gelei/Desktop/PrisonBreak/Content/ThirdPersonBP/Maps/ThirdPersonExampleMap.umap" TEMPLATE=0 SHOWPROGRESS=1 FEATURELEVEL=3
[2016.11.29-16.58.35:275][229]LightingResults: New page: 光照构建
[2016.11.29-16.58.35:276][229]LoadErrors: New page: 正在加载地图： ThirdPersonExampleMap.umap
[2016.11.29-16.58.35:278][229]MapCheck: New page: 地图检测
[2016.11.29-16.58.35:278][229]LightingResults: New page: 光照构建
[2016.11.29-16.58.35:354][229]LogLinker:Warning: 无法寻找到文件'/Game/Materials/_Base_Mat/M_Particles/M_SquareParticle'
[2016.11.29-16.58.35:354][229]LogLinker:Warning: 无法在加载C:/Users/gelei/Desktop/PrisonBreak/Content/StarterContent/Effects/Particles/Explosion/P_NeonExplosion.uasset时寻找到资源'/Game/Materials/_Base_Mat/M_Particles/M_SquareParticle'的文件。
[2016.11.29-16.58.35:354][229]LoadErrors:Error: 错误 /Game/StarterContent/Effects/Particles/Explosion/P_NeonExplosion : 无法寻找到资源的文件。 /Game/Materials/_Base_Mat/M_Particles/M_SquareParticle
[2016.11.29-16.58.35:354][229]LogLinker:Warning: 无法寻找到文件'/Game/Particles/M_Burst'
[2016.11.29-16.58.35:354][229]LogLinker:Warning: 无法在加载C:/Users/gelei/Desktop/PrisonBreak/Content/StarterContent/Effects/Particles/Explosion/P_NeonExplosion.uasset时寻找到资源'/Game/Particles/M_Burst'的文件。
[2016.11.29-16.58.35:354][229]LoadErrors:Error: 错误 /Game/StarterContent/Effects/Particles/Explosion/P_NeonExplosion : 无法寻找到资源的文件。 /Game/Particles/M_Burst
[2016.11.29-16.58.35:354][229]LogLinker:Warning: 无法寻找到文件'/Game/Particles/M_flare_01'
[2016.11.29-16.58.35:354][229]LogLinker:Warning: 无法在加载C:/Users/gelei/Desktop/PrisonBreak/Content/StarterContent/Effects/Particles/Explosion/P_NeonExplosion.uasset时寻找到资源'/Game/Particles/M_flare_01'的文件。
[2016.11.29-16.58.35:354][229]LoadErrors:Error: 错误 /Game/StarterContent/Effects/Particles/Explosion/P_NeonExplosion : 无法寻找到资源的文件。 /Game/Particles/M_flare_01
[2016.11.29-16.58.35:355][229]LogLinker:Warning: 无法寻找到文件'/Game/Materials/_Base_Mat/M_Particles/M_SquareParticle'
[2016.11.29-16.58.35:355][229]LogLinker:Warning: 无法在加载C:/Users/gelei/Desktop/PrisonBreak/Content/StarterContent/Effects/Particles/Explosion/P_NeonExplosion.uasset时寻找到资源'/Game/Materials/_Base_Mat/M_Particles/M_SquareParticle'的文件。
[2016.11.29-16.58.35:355][229]LogLinker:Warning: 无法寻找到文件'/Game/Particles/M_Burst'
[2016.11.29-16.58.35:355][229]LogLinker:Warning: 无法在加载C:/Users/gelei/Desktop/PrisonBreak/Content/StarterContent/Effects/Particles/Explosion/P_NeonExplosion.uasset时寻找到资源'/Game/Particles/M_Burst'的文件。
[2016.11.29-16.58.35:355][229]LogLinker:Warning: 无法寻找到文件'/Game/Particles/M_flare_01'
[2016.11.29-16.58.35:355][229]LogLinker:Warning: 无法在加载C:/Users/gelei/Desktop/PrisonBreak/Content/StarterContent/Effects/Particles/Explosion/P_NeonExplosion.uasset时寻找到资源'/Game/Particles/M_flare_01'的文件。
[2016.11.29-16.58.35:442][229]LogAIModule: Creating AISystem for world ThirdPersonExampleMap
[2016.11.29-16.58.35:459][229]LogEditorServer: Finished looking for orphan Actors (0.000 secs)
[2016.11.29-16.58.35:515][229]Cmd: MAP CHECKDEP NOCLEARLOG
[2016.11.29-16.58.35:582][229]MapCheck: 信息 地图检测完成：0个错误，0 个警告，用时66.281毫秒完成。
[2016.11.29-16.58.35:583][229]LogFileHelpers: Loading map 'ThirdPersonExampleMap' took 0.307
[2016.11.29-16.58.38:334][385]Cmd: MAP LOAD FILE="C:/Users/gelei/Desktop/PrisonBreak/Content/ThirdPersonBP/Maps/ThirdPersonExampleMap.umap" TEMPLATE=0 SHOWPROGRESS=1 FEATURELEVEL=3
[2016.11.29-16.58.38:334][385]LightingResults: New page: 光照构建
[2016.11.29-16.58.38:335][385]LoadErrors: New page: 正在加载地图： ThirdPersonExampleMap.umap
[2016.11.29-16.58.38:336][385]MapCheck: New page: 地图检测
[2016.11.29-16.58.38:336][385]LightingResults: New page: 光照构建
[2016.11.29-16.58.38:407][385]LogAIModule: Creating AISystem for world ThirdPersonExampleMap
[2016.11.29-16.58.38:415][385]LogEditorServer: Finished looking for orphan Actors (0.000 secs)
[2016.11.29-16.58.38:464][385]Cmd: MAP CHECKDEP NOCLEARLOG
[2016.11.29-16.58.38:519][385]MapCheck: 信息 地图检测完成：0个错误，0 个警告，用时54.874毫秒完成。
[2016.11.29-16.58.38:520][385]LogFileHelpers: Loading map 'ThirdPersonExampleMap' took 0.187
[2016.11.29-16.58.40:362][488]LogBlueprintUserMessages: Early PlayInEditor Detection: Level '/Game/ThirdPersonBP/Maps/ThirdPersonExampleMap.ThirdPersonExampleMap:PersistentLevel' has LevelScriptBlueprint '/Game/ThirdPersonBP/Maps/ThirdPersonExampleMap.ThirdPersonExampleMap:PersistentLevel.ThirdPersonExampleMap' with GeneratedClass '/Game/ThirdPersonBP/Maps/ThirdPersonExampleMap.ThirdPersonExampleMap_C' with ClassGeneratedBy '/Game/ThirdPersonBP/Maps/ThirdPersonExampleMap.ThirdPersonExampleMap:PersistentLevel.ThirdPersonExampleMap'
[2016.11.29-16.58.40:362][488]LogPlayLevel: PlayLevel: No blueprints needed recompiling
[2016.11.29-16.58.40:362][488]PIE: New page: PIE会话: ThirdPersonExampleMap (2016年11月30日 上午8:58:40)
[2016.11.29-16.58.40:362][488]LogPlayLevel: Creating play world package: /Game/ThirdPersonBP/Maps/UEDPIE_0_ThirdPersonExampleMap
[2016.11.29-16.58.40:408][488]LogPlayLevel: PIE: StaticDuplicateObject took: (0.045404s)
[2016.11.29-16.58.40:409][488]LogAIModule: Creating AISystem for world ThirdPersonExampleMap
[2016.11.29-16.58.40:409][488]LogPlayLevel: PIE: World Init took: (0.001239s)
[2016.11.29-16.58.40:409][488]LogPlayLevel: PIE: Created PIE world by copying editor world from /Game/ThirdPersonBP/Maps/ThirdPersonExampleMap.ThirdPersonExampleMap to /Game/ThirdPersonBP/Maps/UEDPIE_0_ThirdPersonExampleMap.ThirdPersonExampleMap (0.047095s)
[2016.11.29-16.58.40:444][488]LogInit: XAudio2 using '扬声器 (High Definition Audio 设备)' : 2 channels at 44.1 kHz using 16 bits per sample (channel mask 0x3)
[2016.11.29-16.58.40:453][488]LogInit: FAudioDevice initialized.
[2016.11.29-16.58.40:519][488]LogLinker:Warning: 无法寻找到文件'/Game/Materials/InteriorArchVis/Base_Mat/M_Wood_Floors'
[2016.11.29-16.58.40:519][488]LogLinker:Warning: 无法在加载C:/Users/gelei/Desktop/PrisonBreak/Content/StarterContent/Materials/InteriorArchVis/Floors/Wood/MI_Oak_Light.uasset时寻找到资源'/Game/Materials/InteriorArchVis/Base_Mat/M_Wood_Floors'的文件。
[2016.11.29-16.58.40:519][488]LoadErrors:Error: 错误 /Game/StarterContent/Materials/InteriorArchVis/Floors/Wood/MI_Oak_Light : 无法寻找到资源的文件。 /Game/Materials/InteriorArchVis/Base_Mat/M_Wood_Floors
[2016.11.29-16.58.40:519][488]LogLinker:Warning: 无法寻找到文件'/Game/Materials/InteriorArchVis/Base_Mat/M_Wood_Floors'
[2016.11.29-16.58.40:519][488]LogLinker:Warning: 无法在加载C:/Users/gelei/Desktop/PrisonBreak/Content/StarterContent/Materials/InteriorArchVis/Floors/Wood/MI_Oak_Light.uasset时寻找到资源'/Game/Materials/InteriorArchVis/Base_Mat/M_Wood_Floors'的文件。
[2016.11.29-16.58.40:519][488]LogLinker:Warning: 无法寻找到文件'/Game/Textures/InteriorArchVis/Wood/T_Oak_002'
[2016.11.29-16.58.40:519][488]LogLinker:Warning: 无法在加载C:/Users/gelei/Desktop/PrisonBreak/Content/StarterContent/Materials/InteriorArchVis/Floors/Wood/MI_Oak_Light.uasset时寻找到资源'/Game/Textures/InteriorArchVis/Wood/T_Oak_002'的文件。
[2016.11.29-16.58.40:520][488]LoadErrors:Error: 错误 /Game/StarterContent/Materials/InteriorArchVis/Floors/Wood/MI_Oak_Light : 无法寻找到资源的文件。 /Game/Textures/InteriorArchVis/Wood/T_Oak_002
[2016.11.29-16.58.40:520][488]LogLinker:Warning: 无法寻找到文件'/Game/Textures/InteriorArchVis/Wood/T_Oak_002'
[2016.11.29-16.58.40:520][488]LogLinker:Warning: 无法在加载C:/Users/gelei/Desktop/PrisonBreak/Content/StarterContent/Materials/InteriorArchVis/Floors/Wood/MI_Oak_Light.uasset时寻找到资源'/Game/Textures/InteriorArchVis/Wood/T_Oak_002'的文件。
[2016.11.29-16.58.40:579][488]LogLinker:Warning: 无法寻找到文件'/Game/Materials/Props/Combat/Explosives/MI_RocketStick'
[2016.11.29-16.58.40:579][488]LogLinker:Warning: 无法在加载C:/Users/gelei/Desktop/PrisonBreak/Content/StarterContent/Meshes/Props/Combat/Explosives/SM_RocketStick.uasset时寻找到资源'/Game/Materials/Props/Combat/Explosives/MI_RocketStick'的文件。
[2016.11.29-16.58.40:579][488]LoadErrors:Error: 错误 /Game/StarterContent/Meshes/Props/Combat/Explosives/SM_RocketStick : 无法寻找到资源的文件。 /Game/Materials/Props/Combat/Explosives/MI_RocketStick
[2016.11.29-16.58.40:580][488]LogLinker:Warning: 无法寻找到文件'/Game/Materials/Props/Combat/Explosives/MI_RocketStick'
[2016.11.29-16.58.40:580][488]LogLinker:Warning: 无法在加载C:/Users/gelei/Desktop/PrisonBreak/Content/StarterContent/Meshes/Props/Combat/Explosives/SM_RocketStick.uasset时寻找到资源'/Game/Materials/Props/Combat/Explosives/MI_RocketStick'的文件。
[2016.11.29-16.58.40:614][488]LogLinker:Warning: 无法寻找到文件'/Game/Materials/Props/Household/Bathroom/MI_Plunger'
[2016.11.29-16.58.40:614][488]LogLinker:Warning: 无法在加载C:/Users/gelei/Desktop/PrisonBreak/Content/StarterContent/Meshes/Props/Household/Bathroom/SM_Plunger.uasset时寻找到资源'/Game/Materials/Props/Household/Bathroom/MI_Plunger'的文件。
[2016.11.29-16.58.40:614][488]LoadErrors:Error: 错误 /Game/StarterContent/Meshes/Props/Household/Bathroom/SM_Plunger : 无法寻找到资源的文件。 /Game/Materials/Props/Household/Bathroom/MI_Plunger
[2016.11.29-16.58.40:614][488]LogLinker:Warning: 无法寻找到文件'/Game/Materials/Props/Household/Bathroom/MI_Plunger'
[2016.11.29-16.58.40:614][488]LogLinker:Warning: 无法在加载C:/Users/gelei/Desktop/PrisonBreak/Content/StarterContent/Meshes/Props/Household/Bathroom/SM_Plunger.uasset时寻找到资源'/Game/Materials/Props/Household/Bathroom/MI_Plunger'的文件。
[2016.11.29-16.58.40:882][488]LogLinker:Warning: 无法寻找到文件'/Game/Materials/Props/Household/Bathroom/MI_Plunger'
[2016.11.29-16.58.40:882][488]LoadErrors: 信息 加载失败 /Game/Materials/Props/Household/Bathroom/MI_Plunger.MI_Plunger 引用者 SM_Plunger
[2016.11.29-16.58.40:883][488]LogLinker:Warning: 无法在加载NULL时寻找到资源'/Game/Materials/Props/Household/Bathroom/MI_Plunger'的文件。
[2016.11.29-16.58.40:883][488]LogLinker:Warning: 无法寻找到文件'/Game/Materials/Props/Combat/Explosives/MI_RocketStick'
[2016.11.29-16.58.40:883][488]LoadErrors: 信息 加载失败 /Game/Materials/Props/Combat/Explosives/MI_RocketStick.MI_RocketStick 引用者 SM_RocketStick
[2016.11.29-16.58.40:883][488]LogLinker:Warning: 无法在加载NULL时寻找到资源'/Game/Materials/Props/Combat/Explosives/MI_RocketStick'的文件。
[2016.11.29-16.58.40:887][488]LogLinker:Warning: 无法寻找到文件'/Game/Materials/InteriorArchVis/Base_Mat/M_Wood_Floors'
[2016.11.29-16.58.40:887][488]LoadErrors: 信息 加载失败 /Game/Materials/InteriorArchVis/Base_Mat/M_Wood_Floors.M_Wood_Floors 引用者 MI_Oak_Light
[2016.11.29-16.58.40:887][488]LogLinker:Warning: 无法在加载NULL时寻找到资源'/Game/Materials/InteriorArchVis/Base_Mat/M_Wood_Floors'的文件。
[2016.11.29-16.58.40:887][488]LogLinker:Warning: 无法寻找到文件'/Game/Textures/InteriorArchVis/Wood/T_Oak_002'
[2016.11.29-16.58.40:887][488]LoadErrors: 信息 加载失败 /Game/Textures/InteriorArchVis/Wood/T_Oak_002.T_Oak_002 引用者 MI_Oak_Light
[2016.11.29-16.58.40:887][488]LogLinker:Warning: 无法在加载NULL时寻找到资源'/Game/Textures/InteriorArchVis/Wood/T_Oak_002'的文件。
[2016.11.29-16.58.41:026][488]LogWorld: Game class is 'RunGameNode_C'
[2016.11.29-16.58.41:033][488]LogWorld: Bringing World /Game/ThirdPersonBP/Maps/UEDPIE_0_ThirdPersonExampleMap.ThirdPersonExampleMap up for play (max tick rate 60) at 2016.11.30-00.58.41
[2016.11.29-16.58.41:034][488]LogWorld: Bringing up level for play took: 0.006229
[2016.11.29-16.58.41:070][488]LogContentBrowser: Native class hierarchy updated for 'MovieSceneCapture' in 0.0007 seconds. Added 11 classes and 0 folders.
[2016.11.29-16.58.41:187][488]PIE: 信息 /Game/ThirdPersonBP/Maps/UEDPIE_0_ThirdPersonExampleMap的‘在编辑器中播放’的起始时间1.295
[2016.11.29-16.58.41:187][488]LogBlueprintUserMessages: Late PlayInEditor Detection: Level '/Game/ThirdPersonBP/Maps/ThirdPersonExampleMap.ThirdPersonExampleMap:PersistentLevel' has LevelScriptBlueprint '/Game/ThirdPersonBP/Maps/ThirdPersonExampleMap.ThirdPersonExampleMap:PersistentLevel.ThirdPersonExampleMap' with GeneratedClass '/Game/ThirdPersonBP/Maps/ThirdPersonExampleMap.ThirdPersonExampleMap_C' with ClassGeneratedBy '/Game/ThirdPersonBP/Maps/ThirdPersonExampleMap.ThirdPersonExampleMap:PersistentLevel.ThirdPersonExampleMap'
[2016.11.29-16.58.41:239][488]LogRenderer: Reallocating scene render targets to support 856x380 (Frame:1369).
[2016.11.29-16.58.45:229][721]LogBlueprintUserMessages: Early EndPlayMap Detection: Level '/Game/ThirdPersonBP/Maps/ThirdPersonExampleMap.ThirdPersonExampleMap:PersistentLevel' has LevelScriptBlueprint '/Game/ThirdPersonBP/Maps/ThirdPersonExampleMap.ThirdPersonExampleMap:PersistentLevel.ThirdPersonExampleMap' with GeneratedClass '/Game/ThirdPersonBP/Maps/ThirdPersonExampleMap.ThirdPersonExampleMap_C' with ClassGeneratedBy '/Game/ThirdPersonBP/Maps/ThirdPersonExampleMap.ThirdPersonExampleMap:PersistentLevel.ThirdPersonExampleMap'
[2016.11.29-16.58.45:295][721]LogBlueprintUserMessages: Late EndPlayMap Detection: Level '/Game/ThirdPersonBP/Maps/ThirdPersonExampleMap.ThirdPersonExampleMap:PersistentLevel' has LevelScriptBlueprint '/Game/ThirdPersonBP/Maps/ThirdPersonExampleMap.ThirdPersonExampleMap:PersistentLevel.ThirdPersonExampleMap' with GeneratedClass '/Game/ThirdPersonBP/Maps/ThirdPersonExampleMap.ThirdPersonExampleMap_C' with ClassGeneratedBy '/Game/ThirdPersonBP/Maps/ThirdPersonExampleMap.ThirdPersonExampleMap:PersistentLevel.ThirdPersonExampleMap'
[2016.11.29-16.58.51:736][942]LightingResults: New page: 光照构建
[2016.11.29-16.58.51:737][942]MapCheck: New page: 地图检测
[2016.11.29-16.58.51:737][942]LightingResults: New page: 光照构建
[2016.11.29-16.58.51:772][942]LogAIModule: Creating AISystem for world NewWorld
[2016.11.29-16.58.51:792][942]LoadErrors: New page: 新建地图
[2016.11.29-16.58.51:849][942]LogAIModule: Creating AISystem for world ThirdPersonExampleMap
[2016.11.29-16.59.00:546][352]LogAIModule: Creating AISystem for world NewMap
[2016.11.29-16.59.07:542][742]LogMetaData: Removing '/Game/ThirdPerson/NewMap.NewMap_C' ref from Metadata '/Game/ThirdPersonBP/Blueprints/NewMap.PackageMetaData'
[2016.11.29-16.59.07:542][742]LogMetaData: Removing '/Game/ThirdPerson/NewMap.NewMap:PersistentLevel.NewMap.EventGraph.K2Node_Event_0' ref from Metadata '/Game/ThirdPersonBP/Blueprints/NewMap.PackageMetaData'
[2016.11.29-16.59.07:542][742]LogMetaData: Removing '/Game/ThirdPerson/NewMap.NewMap:PersistentLevel.NewMap.EventGraph.K2Node_Event_1' ref from Metadata '/Game/ThirdPersonBP/Blueprints/NewMap.PackageMetaData'
[2016.11.29-16.59.07:542][742]LogMetaData: Removing '/Game/ThirdPerson/NewMap.SKEL_NewMap_C' ref from Metadata '/Game/ThirdPersonBP/Blueprints/NewMap.PackageMetaData'
[2016.11.29-16.59.07:636][742]Cmd: OBJ SAVEPACKAGE PACKAGE="/Game/ThirdPerson/NewMap" FILE="C:/Users/gelei/Desktop/PrisonBreak/Content/ThirdPerson/NewMap.umap" SILENT=true AUTOSAVING=false KEEPDIRTY=false
[2016.11.29-16.59.07:748][742]LogSavePackage: Save=82.84ms
[2016.11.29-16.59.07:748][742]LogSavePackage: Moving 'C:/Users/gelei/Desktop/PrisonBreak/Saved/NewMap1AA04D1140C13DC3EF9D44BF9E87219A.tmp' to 'C:/Users/gelei/Desktop/PrisonBreak/Content/ThirdPerson/NewMap.umap'
[2016.11.29-16.59.07:751][742]LogSavePackage:Display: Finished SavePackage C:/Users/gelei/Desktop/PrisonBreak/Content/ThirdPerson/NewMap.umap
[2016.11.29-16.59.07:753][742]LogFileHelpers: Saving map 'NewMap' took 0.184
[2016.11.29-16.59.10:369][883]Cmd: MAP LOAD FILE="C:/Users/gelei/Desktop/PrisonBreak/Content/ThirdPerson/NewMap.umap" TEMPLATE=0 SHOWPROGRESS=1 FEATURELEVEL=3
[2016.11.29-16.59.10:369][883]LightingResults: New page: 光照构建
[2016.11.29-16.59.10:370][883]LoadErrors: New page: 正在加载地图： NewMap.umap
[2016.11.29-16.59.10:371][883]MapCheck: New page: 地图检测
[2016.11.29-16.59.10:371][883]LightingResults: New page: 光照构建
[2016.11.29-16.59.10:399][883]LogEditorServer: Finished looking for orphan Actors (0.000 secs)
[2016.11.29-16.59.10:450][883]Cmd: MAP CHECKDEP NOCLEARLOG
[2016.11.29-16.59.10:512][883]MapCheck: 信息 地图检测完成：0个错误，0 个警告，用时61.704毫秒完成。
[2016.11.29-16.59.10:513][883]LogFileHelpers: Loading map 'NewMap' took 0.144
[2016.11.29-16.59.11:674][951]LogBlueprintUserMessages: Early PlayInEditor Detection: Level '/Game/ThirdPerson/NewMap.NewMap:PersistentLevel' has LevelScriptBlueprint '/Game/ThirdPerson/NewMap.NewMap:PersistentLevel.NewMap' with GeneratedClass '/Game/ThirdPerson/NewMap.NewMap_C' with ClassGeneratedBy '/Game/ThirdPerson/NewMap.NewMap:PersistentLevel.NewMap'
[2016.11.29-16.59.11:674][951]LogPlayLevel: PlayLevel: No blueprints needed recompiling
[2016.11.29-16.59.11:674][951]PIE: New page: PIE会话: NewMap (2016年11月30日 上午8:59:11)
[2016.11.29-16.59.11:674][951]LogPlayLevel: Creating play world package: /Game/ThirdPerson/UEDPIE_0_NewMap
[2016.11.29-16.59.11:677][951]LogPlayLevel: PIE: StaticDuplicateObject took: (0.002884s)
[2016.11.29-16.59.11:678][951]LogAIModule: Creating AISystem for world NewMap
[2016.11.29-16.59.11:678][951]LogPlayLevel: PIE: World Init took: (0.001265s)
[2016.11.29-16.59.11:678][951]LogPlayLevel: PIE: Created PIE world by copying editor world from /Game/ThirdPerson/NewMap.NewMap to /Game/ThirdPerson/UEDPIE_0_NewMap.NewMap (0.004497s)
[2016.11.29-16.59.11:712][951]LogInit: XAudio2 using '扬声器 (High Definition Audio 设备)' : 2 channels at 44.1 kHz using 16 bits per sample (channel mask 0x3)
[2016.11.29-16.59.11:722][951]LogInit: FAudioDevice initialized.
[2016.11.29-16.59.11:764][951]LogWorld: Game class is 'RunGameNode_C'
[2016.11.29-16.59.11:767][951]LogWorld: Bringing World /Game/ThirdPerson/UEDPIE_0_NewMap.NewMap up for play (max tick rate 60) at 2016.11.30-00.59.11
[2016.11.29-16.59.11:767][951]LogWorld: Bringing up level for play took: 0.002427
[2016.11.29-16.59.11:875][951]PIE: 信息 /Game/ThirdPerson/UEDPIE_0_NewMap的‘在编辑器中播放’的起始时间-0.016
[2016.11.29-16.59.11:875][951]LogBlueprintUserMessages: Late PlayInEditor Detection: Level '/Game/ThirdPerson/NewMap.NewMap:PersistentLevel' has LevelScriptBlueprint '/Game/ThirdPerson/NewMap.NewMap:PersistentLevel.NewMap' with GeneratedClass '/Game/ThirdPerson/NewMap.NewMap_C' with ClassGeneratedBy '/Game/ThirdPerson/NewMap.NewMap:PersistentLevel.NewMap'
[2016.11.29-16.59.14:627][112]LogBlueprintUserMessages: Early EndPlayMap Detection: Level '/Game/ThirdPerson/NewMap.NewMap:PersistentLevel' has LevelScriptBlueprint '/Game/ThirdPerson/NewMap.NewMap:PersistentLevel.NewMap' with GeneratedClass '/Game/ThirdPerson/NewMap.NewMap_C' with ClassGeneratedBy '/Game/ThirdPerson/NewMap.NewMap:PersistentLevel.NewMap'
[2016.11.29-16.59.14:692][112]LogBlueprintUserMessages: Late EndPlayMap Detection: Level '/Game/ThirdPerson/NewMap.NewMap:PersistentLevel' has LevelScriptBlueprint '/Game/ThirdPerson/NewMap.NewMap:PersistentLevel.NewMap' with GeneratedClass '/Game/ThirdPerson/NewMap.NewMap_C' with ClassGeneratedBy '/Game/ThirdPerson/NewMap.NewMap:PersistentLevel.NewMap'
[2016.11.29-16.59.15:985][178]LogWindowsTextInputMethodSystem:Display: IME system now activated using TSF (微软拼音).
[2016.11.29-16.59.16:155][179]Cmd: QUIT_EDITOR
[2016.11.29-16.59.16:633][179]LogExit: Preparing to exit.
[2016.11.29-16.59.17:190][179]LogExit: Editor shut down
[2016.11.29-16.59.17:190][179]LogExit: Transaction tracking system shut down
[2016.11.29-16.59.17:445][179]LogObj: Freed 0b from 0 cluster array pools.
[2016.11.29-16.59.17:445][179]LogExit: Object subsystem successfully closed.
[2016.11.29-16.59.17:463][179]LogD3D11RHI: Shutdown
[2016.11.29-16.59.17:463][179]LogD3D11RHI: CleanupD3DDevice
[2016.11.29-16.59.17:571][179]LogD3D11RHI: ~FD3D11DynamicRHI
[2016.11.29-16.59.17:589][179]LogModuleManager: Shutting down and abandoning module MovieSceneCapture (214)
[2016.11.29-16.59.17:589][179]LogModuleManager: Shutting down and abandoning module HierarchicalLODOutliner (213)
[2016.11.29-16.59.17:589][179]LogModuleManager: Shutting down and abandoning module CrashTracker (212)
[2016.11.29-16.59.17:590][179]LogModuleManager: Shutting down and abandoning module SceneOutliner (211)
[2016.11.29-16.59.17:590][179]LogModuleManager: Shutting down and abandoning module WidgetCarousel (210)
[2016.11.29-16.59.17:590][179]LogModuleManager: Shutting down and abandoning module AddContentDialog (209)
[2016.11.29-16.59.17:591][179]LogModuleManager: Shutting down and abandoning module GameplayTags (208)
[2016.11.29-16.59.17:591][179]LogModuleManager: Shutting down and abandoning module EditorWidgets (207)
[2016.11.29-16.59.17:591][179]LogModuleManager: Shutting down and abandoning module CollectionManager (206)
[2016.11.29-16.59.17:591][179]LogModuleManager: Shutting down and abandoning module StatsViewer (205)
[2016.11.29-16.59.17:591][179]LogModuleManager: Shutting down and abandoning module FoliageEdit (204)
[2016.11.29-16.59.17:591][179]LogModuleManager: Shutting down and abandoning module LandscapeEditor (203)
[2016.11.29-16.59.17:592][179]LogModuleManager: Shutting down and abandoning module SceneDepthPickerMode (202)
[2016.11.29-16.59.17:592][179]LogModuleManager: Shutting down and abandoning module ActorPickerMode (201)
[2016.11.29-16.59.17:592][179]LogModuleManager: Shutting down and abandoning module GeometryMode (200)
[2016.11.29-16.59.17:592][179]LogModuleManager: Shutting down and abandoning module TextureAlignMode (199)
[2016.11.29-16.59.17:592][179]LogModuleManager: Shutting down and abandoning module BspMode (198)
[2016.11.29-16.59.17:592][179]LogModuleManager: Shutting down and abandoning module HardwareSurvey (197)
[2016.11.29-16.59.17:592][179]LogModuleManager: Shutting down and abandoning module SequenceRecorderSections (196)
[2016.11.29-16.59.17:592][179]LogModuleManager: Shutting down and abandoning module SequenceRecorder (195)
[2016.11.29-16.59.17:592][179]LogModuleManager: Shutting down and abandoning module AutomationWorker (194)
[2016.11.29-16.59.17:592][179]LogModuleManager: Shutting down and abandoning module MatineeToLevelSequence (193)
[2016.11.29-16.59.17:592][179]LogModuleManager: Shutting down and abandoning module PlacementMode (192)
[2016.11.29-16.59.17:593][179]LogModuleManager: Shutting down and abandoning module LevelSequenceEditor (191)
[2016.11.29-16.59.17:593][179]LogModuleManager: Shutting down and abandoning module CharacterAI (190)
[2016.11.29-16.59.17:593][179]LogModuleManager: Shutting down and abandoning module SmartSnapping (189)
[2016.11.29-16.59.17:593][179]LogModuleManager: Shutting down and abandoning module SessionServices (188)
[2016.11.29-16.59.17:593][179]LogModuleManager: Shutting down and abandoning module ViewportSnapping (187)
[2016.11.29-16.59.17:593][179]LogModuleManager: Shutting down and abandoning module LogVisualizer (186)
[2016.11.29-16.59.17:593][179]LogModuleManager: Shutting down and abandoning module GameProjectGeneration (185)
[2016.11.29-16.59.17:593][179]LogModuleManager: Shutting down and abandoning module IntroTutorials (184)
[2016.11.29-16.59.17:594][179]LogModuleManager: Shutting down and abandoning module EditorLiveStreaming (183)
[2016.11.29-16.59.17:594][179]LogModuleManager: Shutting down and abandoning module IOSPlatformEditor (182)
[2016.11.29-16.59.17:594][179]LogModuleManager: Shutting down and abandoning module HTML5PlatformEditor (181)
[2016.11.29-16.59.17:594][179]LogModuleManager: Shutting down and abandoning module AndroidDeviceDetection (180)
[2016.11.29-16.59.17:985][179]LogModuleManager: Shutting down and abandoning module AndroidPlatformEditor (179)
[2016.11.29-16.59.17:986][179]LogModuleManager: Shutting down and abandoning module IOSRuntimeSettings (178)
[2016.11.29-16.59.17:986][179]LogModuleManager: Shutting down and abandoning module AndroidRuntimeSettings (177)
[2016.11.29-16.59.17:986][179]LogModuleManager: Shutting down and abandoning module MergeActors (176)
[2016.11.29-16.59.17:986][179]LogModuleManager: Shutting down and abandoning module SizeMap (175)
[2016.11.29-16.59.17:986][179]LogModuleManager: Shutting down and abandoning module TreeMap (174)
[2016.11.29-16.59.17:986][179]LogModuleManager: Shutting down and abandoning module ReferenceViewer (173)
[2016.11.29-16.59.17:986][179]LogModuleManager: Shutting down and abandoning module LocalizationService (172)
[2016.11.29-16.59.17:986][179]LogModuleManager: Shutting down and abandoning module LocalizationDashboard (171)
[2016.11.29-16.59.17:986][179]LogModuleManager: Shutting down and abandoning module HardwareTargeting (170)
[2016.11.29-16.59.17:986][179]LogModuleManager: Shutting down and abandoning module DeviceProfileEditor (169)
[2016.11.29-16.59.17:986][179]LogModuleManager: Shutting down and abandoning module UndoHistory (168)
[2016.11.29-16.59.17:986][179]LogModuleManager: Shutting down and abandoning module UserFeedback (167)
[2016.11.29-16.59.17:986][179]LogModuleManager: Shutting down and abandoning module XmlParser (166)
[2016.11.29-16.59.17:986][179]LogModuleManager: Shutting down and abandoning module Blutility (165)
[2016.11.29-16.59.17:986][179]LogModuleManager: Shutting down and abandoning module ProjectTargetPlatformEditor (164)
[2016.11.29-16.59.17:986][179]LogModuleManager: Shutting down and abandoning module ProjectSettingsViewer (163)
[2016.11.29-16.59.17:986][179]LogModuleManager: Shutting down and abandoning module InputBindingEditor (162)
[2016.11.29-16.59.17:987][179]LogModuleManager: Shutting down and abandoning module EditorSettingsViewer (161)
[2016.11.29-16.59.17:987][179]LogModuleManager: Shutting down and abandoning module SettingsEditor (160)
[2016.11.29-16.59.17:987][179]LogModuleManager: Shutting down and abandoning module ProjectLauncher (159)
[2016.11.29-16.59.17:987][179]LogModuleManager: Shutting down and abandoning module SessionFrontend (158)
[2016.11.29-16.59.17:987][179]LogModuleManager: Shutting down and abandoning module ProfilerClient (157)
[2016.11.29-16.59.17:987][179]LogModuleManager: Shutting down and abandoning module TargetDeviceServices (156)
[2016.11.29-16.59.17:987][179]LogModuleManager: Shutting down and abandoning module DeviceManager (155)
[2016.11.29-16.59.18:030][179]LogModuleManager: Shutting down and abandoning module AutomationController (154)
[2016.11.29-16.59.18:030][179]LogModuleManager: Shutting down and abandoning module AutomationWindow (153)
[2016.11.29-16.59.18:030][179]LogModuleManager: Shutting down and abandoning module Layers (152)
[2016.11.29-16.59.18:030][179]LogModuleManager: Shutting down and abandoning module ComponentVisualizers (151)
[2016.11.29-16.59.18:030][179]LogModuleManager: Shutting down and abandoning module DetailCustomizations (150)
[2016.11.29-16.59.18:030][179]LogModuleManager: Shutting down and abandoning module PackagesDialog (149)
[2016.11.29-16.59.18:030][179]LogModuleManager: Shutting down and abandoning module Persona (148)
[2016.11.29-16.59.18:030][179]LogModuleManager: Shutting down and abandoning module Kismet (147)
[2016.11.29-16.59.18:030][179]LogModuleManager: Shutting down and abandoning module GraphEditor (146)
[2016.11.29-16.59.18:030][179]LogModuleManager: Shutting down and abandoning module ClassViewer (145)
[2016.11.29-16.59.18:030][179]LogModuleManager: Shutting down and abandoning module Toolbox (144)
[2016.11.29-16.59.18:030][179]LogModuleManager: Shutting down and abandoning module ModuleUI (143)
[2016.11.29-16.59.18:030][179]LogModuleManager: Shutting down and abandoning module MovieSceneTools (142)
[2016.11.29-16.59.18:030][179]LogModuleManager: Shutting down and abandoning module OutputLog (141)
[2016.11.29-16.59.18:030][179]LogModuleManager: Shutting down and abandoning module GammaUI (140)
[2016.11.29-16.59.18:030][179]LogModuleManager: Shutting down and abandoning module Documentation (139)
[2016.11.29-16.59.18:030][179]LogModuleManager: Shutting down and abandoning module StreamingPauseRendering (138)
[2016.11.29-16.59.18:030][179]LogModuleManager: Shutting down and abandoning module AnalyticsET (137)
[2016.11.29-16.59.18:030][179]LogModuleManager: Shutting down and abandoning module Analytics (136)
[2016.11.29-16.59.18:030][179]LogModuleManager: Shutting down and abandoning module PortalServices (135)
[2016.11.29-16.59.18:031][179]LogModuleManager: Shutting down and abandoning module PortalRpc (134)
[2016.11.29-16.59.18:031][179]LogModuleManager: Shutting down and abandoning module MessagingRpc (133)
[2016.11.29-16.59.18:031][179]LogModuleManager: Shutting down and abandoning module GameplayDebugger (132)
[2016.11.29-16.59.18:031][179]LogModuleManager: Shutting down and abandoning module AITestSuite (131)
[2016.11.29-16.59.18:031][179]LogModuleManager: Shutting down and abandoning module AIModule (130)
[2016.11.29-16.59.18:031][179]LogModuleManager: Shutting down and abandoning module ProfilerService (129)
[2016.11.29-16.59.18:071][179]LogModuleManager: Shutting down and abandoning module TaskGraph (128)
[2016.11.29-16.59.18:071][179]LogModuleManager: Shutting down and abandoning module SlateRemote (127)
[2016.11.29-16.59.18:071][179]LogModuleManager: Shutting down and abandoning module SteamVRController (126)
[2016.11.29-16.59.18:071][179]LogModuleManager: Shutting down and abandoning module SteamVR (125)
[2016.11.29-16.59.18:071][179]LogModuleManager: Shutting down and abandoning module ProceduralMeshComponent (124)
[2016.11.29-16.59.18:071][179]LogModuleManager: Shutting down and abandoning module OculusLibrary (123)
[2016.11.29-16.59.18:071][179]LogModuleManager: Shutting down and abandoning module OculusInput (122)
[2016.11.29-16.59.18:072][179]LogModuleManager: Shutting down and abandoning module CustomMeshComponent (121)
[2016.11.29-16.59.18:072][179]LogModuleManager: Shutting down and abandoning module CableComponent (120)
[2016.11.29-16.59.18:072][179]LogModuleManager: Shutting down and abandoning module ArchVisCharacter (119)
[2016.11.29-16.59.18:072][179]LogModuleManager: Shutting down and abandoning module MediaPlayerEditor (118)
[2016.11.29-16.59.18:072][179]LogModuleManager: Shutting down and abandoning module HTML5Networking (117)
[2016.11.29-16.59.18:072][179]LogModuleManager: Shutting down and abandoning module SuperSearch (116)
[2016.11.29-16.59.18:072][179]LogModuleManager: Shutting down and abandoning module SuperSearchEditor (115)
[2016.11.29-16.59.18:072][179]LogModuleManager: Shutting down and abandoning module SpeedTreeImporter (114)
[2016.11.29-16.59.18:072][179]LogModuleManager: Shutting down and abandoning module PluginBrowser (113)
[2016.11.29-16.59.18:072][179]LogModuleManager: Shutting down and abandoning module EpicSurvey (112)
[2016.11.29-16.59.18:072][179]LogModuleManager: Shutting down and abandoning module DesktopPlatform (111)
[2016.11.29-16.59.18:072][179]LogModuleManager: Shutting down and abandoning module VisualStudioSourceCodeAccess (110)
[2016.11.29-16.59.18:072][179]LogModuleManager: Shutting down and abandoning module UObjectPlugin (109)
[2016.11.29-16.59.18:072][179]LogModuleManager: Shutting down and abandoning module SubversionSourceControl (108)
[2016.11.29-16.59.18:072][179]LogModuleManager: Shutting down and abandoning module PerforceSourceControl (107)
[2016.11.29-16.59.18:072][179]LogModuleManager: Shutting down and abandoning module SourceControl (106)
[2016.11.29-16.59.18:072][179]LogModuleManager: Shutting down and abandoning module GitSourceControl (105)
[2016.11.29-16.59.18:072][179]LogModuleManager: Shutting down and abandoning module LightPropagationVolumeEditor (104)
[2016.11.29-16.59.18:072][179]LogModuleManager: Shutting down and abandoning module PaperTiledImporter (103)
[2016.11.29-16.59.18:072][179]LogModuleManager: Shutting down and abandoning module PaperSpriteSheetImporter (102)
[2016.11.29-16.59.18:072][179]LogModuleManager: Shutting down and abandoning module MeshPaint (101)
[2016.11.29-16.59.18:072][179]LogModuleManager: Shutting down and abandoning module PixelInspectorModule (100)
[2016.11.29-16.59.18:072][179]LogModuleManager: Shutting down and abandoning module HotReload (99)
[2016.11.29-16.59.18:073][179]LogModuleManager: Shutting down and abandoning module MainFrame (98)
[2016.11.29-16.59.18:073][179]LogModuleManager: Shutting down and abandoning module LevelEditor (97)
[2016.11.29-16.59.18:073][179]LogModuleManager: Shutting down and abandoning module ContentBrowser (96)
[2016.11.29-16.59.18:074][179]LogModuleManager: Shutting down and abandoning module Paper2DEditor (95)
[2016.11.29-16.59.18:074][179]LogModuleManager: Shutting down and abandoning module UdpMessaging (94)
[2016.11.29-16.59.18:175][179]LogModuleManager: Shutting down and abandoning module LightPropagationVolumeRuntime (93)
[2016.11.29-16.59.18:175][179]LogModuleManager: Shutting down and abandoning module Paper2D (92)
[2016.11.29-16.59.18:175][179]LogModuleManager: Shutting down and abandoning module WindowsMoviePlayer (91)
[2016.11.29-16.59.18:175][179]LogModuleManager: Shutting down and abandoning module Media (90)
[2016.11.29-16.59.18:175][179]LogModuleManager: Shutting down and abandoning module WmfMedia (89)
[2016.11.29-16.59.18:175][179]LogModuleManager: Shutting down and abandoning module MediaAssets (88)
[2016.11.29-16.59.18:175][179]LogModuleManager: Shutting down and abandoning module GameLiveStreaming (87)
[2016.11.29-16.59.18:175][179]LogModuleManager: Shutting down and abandoning module GameplayTagsEditor (86)
[2016.11.29-16.59.18:175][179]LogModuleManager: Shutting down and abandoning module OnlineBlueprintSupport (85)
[2016.11.29-16.59.18:175][179]LogModuleManager: Shutting down and abandoning module VREditor (84)
[2016.11.29-16.59.18:175][179]LogModuleManager: Shutting down and abandoning module GameplayTasksEditor (83)
[2016.11.29-16.59.18:175][179]LogModuleManager: Shutting down and abandoning module PropertyEditor (82)
[2016.11.29-16.59.18:175][179]LogModuleManager: Shutting down and abandoning module BehaviorTreeEditor (81)
[2016.11.29-16.59.18:175][179]LogModuleManager: Shutting down and abandoning module FunctionalTesting (80)
[2016.11.29-16.59.18:175][179]LogModuleManager: Shutting down and abandoning module CollisionAnalyzer (79)
[2016.11.29-16.59.18:175][179]LogModuleManager: Shutting down and abandoning module Sequencer (78)
[2016.11.29-16.59.18:175][179]LogModuleManager: Shutting down and abandoning module WorkspaceMenuStructure (77)
[2016.11.29-16.59.18:176][179]LogModuleManager: Shutting down and abandoning module MessageLog (76)
[2016.11.29-16.59.18:176][179]LogModuleManager: Shutting down and abandoning module AssetTools (75)
[2016.11.29-16.59.18:176][179]LogModuleManager: Shutting down and abandoning module UMGEditor (74)
[2016.11.29-16.59.18:176][179]LogModuleManager: Shutting down and abandoning module UMG (73)
[2016.11.29-16.59.18:176][179]LogModuleManager: Shutting down and abandoning module SlateReflector (72)
[2016.11.29-16.59.18:176][179]LogModuleManager: Shutting down and abandoning module Slate (71)
[2016.11.29-16.59.18:176][179]LogModuleManager: Shutting down and abandoning module EditorStyle (70)
[2016.11.29-16.59.18:179][179]LogModuleManager: Shutting down and abandoning module SourceCodeAccess (69)
[2016.11.29-16.59.18:180][179]LogModuleManager: Shutting down and abandoning module HeadMountedDisplay (68)
[2016.11.29-16.59.18:180][179]LogModuleManager: Shutting down and abandoning module XAudio2 (67)
[2016.11.29-16.59.18:180][179]LogModuleManager: Shutting down and abandoning module Networking (65)
[2016.11.29-16.59.18:180][179]LogModuleManager: Shutting down and abandoning module Core (64)
[2016.11.29-16.59.18:180][179]LogModuleManager: Shutting down and abandoning module DirectoryWatcher (63)
[2016.11.29-16.59.18:180][179]LogModuleManager: Shutting down and abandoning module AssetRegistry (62)
[2016.11.29-16.59.18:360][179]LogModuleManager: Shutting down and abandoning module KismetCompiler (61)
[2016.11.29-16.59.18:360][179]LogModuleManager: Shutting down and abandoning module PhysXFormats (60)
[2016.11.29-16.59.18:360][179]LogModuleManager: Shutting down and abandoning module MeshUtilities (59)
[2016.11.29-16.59.18:360][179]LogModuleManager: Shutting down and abandoning module DerivedDataCache (58)
[2016.11.29-16.59.18:858][179]LogDerivedDataCache: Shutdown
[2016.11.29-16.59.18:858][179]LogModuleManager: Shutting down and abandoning module VulkanShaderFormat (57)
[2016.11.29-16.59.18:858][179]LogModuleManager: Shutting down and abandoning module ShaderFormatOpenGL (56)
[2016.11.29-16.59.18:858][179]LogModuleManager: Shutting down and abandoning module ShaderFormatD3D (55)
[2016.11.29-16.59.18:858][179]LogModuleManager: Shutting down and abandoning module MetalShaderFormat (54)
[2016.11.29-16.59.18:858][179]LogModuleManager: Shutting down and abandoning module TextureFormatUncompressed (53)
[2016.11.29-16.59.18:858][179]LogModuleManager: Shutting down and abandoning module TextureFormatPVR (52)
[2016.11.29-16.59.18:858][179]LogModuleManager: Shutting down and abandoning module TextureFormatIntelISPCTexComp (51)
[2016.11.29-16.59.18:858][179]LogModuleManager: Shutting down and abandoning module TextureFormatDXT (50)
[2016.11.29-16.59.18:858][179]LogModuleManager: Shutting down and abandoning module ImageWrapper (49)
[2016.11.29-16.59.18:858][179]LogModuleManager: Shutting down and abandoning module TextureFormatASTC (48)
[2016.11.29-16.59.18:858][179]LogModuleManager: Shutting down and abandoning module TextureFormatAndroid (47)
[2016.11.29-16.59.18:858][179]LogModuleManager: Shutting down and abandoning module AudioFormatOpus (46)
[2016.11.29-16.59.18:858][179]LogModuleManager: Shutting down and abandoning module AudioFormatOgg (45)
[2016.11.29-16.59.18:858][179]LogModuleManager: Shutting down and abandoning module AudioFormatADPCM (44)
[2016.11.29-16.59.18:858][179]LogModuleManager: Shutting down and abandoning module LinuxTargetPlatform (43)
[2016.11.29-16.59.18:858][179]LogModuleManager: Shutting down and abandoning module LinuxServerTargetPlatform (42)
[2016.11.29-16.59.18:858][179]LogModuleManager: Shutting down and abandoning module LinuxNoEditorTargetPlatform (41)
[2016.11.29-16.59.18:858][179]LogModuleManager: Shutting down and abandoning module TVOSTargetPlatform (40)
[2016.11.29-16.59.18:858][179]LogModuleManager: Shutting down and abandoning module Messaging (39)
[2016.11.29-16.59.18:858][179]LogModuleManager: Shutting down and abandoning module IOSTargetPlatform (38)
[2016.11.29-16.59.18:858][179]LogModuleManager: Shutting down and abandoning module HTML5TargetPlatform (37)
[2016.11.29-16.59.18:858][179]LogModuleManager: Shutting down and abandoning module Android_PVRTCTargetPlatform (36)
[2016.11.29-16.59.18:858][179]LogModuleManager: Shutting down and abandoning module Android_MultiTargetPlatform (35)
[2016.11.29-16.59.18:858][179]LogModuleManager: Shutting down and abandoning module Android_ETC2TargetPlatform (34)
[2016.11.29-16.59.18:858][179]LogModuleManager: Shutting down and abandoning module Android_ETC1TargetPlatform (33)
[2016.11.29-16.59.18:858][179]LogModuleManager: Shutting down and abandoning module Android_DXTTargetPlatform (32)
[2016.11.29-16.59.18:858][179]LogModuleManager: Shutting down and abandoning module Android_ATCTargetPlatform (31)
[2016.11.29-16.59.18:858][179]LogModuleManager: Shutting down and abandoning module Android_ASTCTargetPlatform (30)
[2016.11.29-16.59.18:858][179]LogModuleManager: Shutting down and abandoning module AndroidTargetPlatform (29)
[2016.11.29-16.59.18:858][179]LogModuleManager: Shutting down and abandoning module WindowsTargetPlatform (28)
[2016.11.29-16.59.18:859][179]LogModuleManager: Shutting down and abandoning module WindowsServerTargetPlatform (27)
[2016.11.29-16.59.18:859][179]LogModuleManager: Shutting down and abandoning module WindowsNoEditorTargetPlatform (26)
[2016.11.29-16.59.18:859][179]LogModuleManager: Shutting down and abandoning module WindowsClientTargetPlatform (25)
[2016.11.29-16.59.18:859][179]LogModuleManager: Shutting down and abandoning module AllDesktopTargetPlatform (24)
[2016.11.29-16.59.18:859][179]LogModuleManager: Shutting down and abandoning module TargetPlatform (23)
[2016.11.29-16.59.18:859][179]LogModuleManager: Shutting down and abandoning module InputCore (22)
[2016.11.29-16.59.18:859][179]LogModuleManager: Shutting down and abandoning module Settings (21)
[2016.11.29-16.59.18:859][179]LogModuleManager: Shutting down and abandoning module OnlineSubsystem (19)
[2016.11.29-16.59.18:859][179]LogModuleManager: Shutting down and abandoning module HTTP (18)
[2016.11.29-16.59.20:361][179]LogModuleManager: Shutting down and abandoning module XMPP (17)
[2016.11.29-16.59.20:361][179]LogModuleManager: Shutting down and abandoning module OculusRift (16)
[2016.11.29-16.59.20:361][179]LogModuleManager: Shutting down and abandoning module ExampleDeviceProfileSelector (15)
[2016.11.29-16.59.20:361][179]LogModuleManager: Shutting down and abandoning module TextureCompressor (14)
[2016.11.29-16.59.20:362][179]LogModuleManager: Shutting down and abandoning module ShaderCore (13)
[2016.11.29-16.59.20:362][179]LogModuleManager: Shutting down and abandoning module Landscape (12)
[2016.11.29-16.59.20:362][179]LogModuleManager: Shutting down and abandoning module SlateRHIRenderer (11)
[2016.11.29-16.59.20:363][179]LogModuleManager: Shutting down and abandoning module OpenGLDrv (10)
[2016.11.29-16.59.20:363][179]LogModuleManager: Shutting down and abandoning module D3D11RHI (9)
[2016.11.29-16.59.20:363][179]LogModuleManager: Shutting down and abandoning module AnimGraphRuntime (8)
[2016.11.29-16.59.20:363][179]LogModuleManager: Shutting down and abandoning module Renderer (7)
[2016.11.29-16.59.20:363][179]LogModuleManager: Shutting down and abandoning module Engine (6)
[2016.11.29-16.59.20:363][179]LogModuleManager: Shutting down and abandoning module CoreUObject (5)
[2016.11.29-16.59.20:363][179]LogModuleManager: Shutting down and abandoning module NetworkFile (4)
[2016.11.29-16.59.20:363][179]LogModuleManager: Shutting down and abandoning module StreamingFile (3)
[2016.11.29-16.59.20:363][179]LogModuleManager: Shutting down and abandoning module SandboxFile (2)
[2016.11.29-16.59.20:363][179]LogModuleManager: Shutting down and abandoning module PakFile (1)
[2016.11.29-16.59.20:365][179]LogExit: Exiting.
[2016.11.29-16.59.20:392][179]Log file closed, 11/30/16 00:59:20
