Log file open, 11/29/16 10:51:32
LogInit:Display: Running engine for game: PrisonBreak
LogPlatformFile: Not using cached read wrapper
LogInit:Display: RandInit(1740838004) SRandInit(1740838006).
LogTaskGraph: Started task graph with 4 named threads and 7 total threads with 1 sets of task threads.
LogStats: Stats thread started at 0.071147
OCULUS: Info: [CAPI] LibOVR module is located at C:\Program Files\Oculus\Support\oculus-runtime\LibOVRRT64_1.dll
OCULUS: Info: [HMDState] Requested to SetForegroundWindow(4037all)
OCULUS: Debug: Connected to the server running version (prod = 1).1.7.0(build = 270909) feature version = 0. Client runs version (prod = 1).1.7.0(build = 270909) feature version = 0
OCULUS: Debug: Failed to open file: C:\Users\zeng40\AppData\Local\Oculus/ProfileDB.json
OCULUS: Debug: Failed to open file: C:\Users\zeng40\AppData\Local\Oculus/Profiles.json
OCULUS: Debug: Failed to open file: C:\Users\zeng40\AppData\Local\Oculus/ProfileDB.json
OCULUS: Debug: Failed to open file: C:\Users\zeng40\AppData\Local\Oculus/Profiles.json
OCULUS: Debug: [HMDState] Using default profile default
OCULUS: Info: IAD changed to 63.5mm
OCULUS: Debug: [SharedMemory] Creating factory
OCULUS: Info: [HMDState] Requested to SetForegroundWindow(4037all)
LogInit: Version: 4.12.5-3039270+++UE4+Release-4.12
LogInit: API Version: 2992821
LogInit: Net Version: 3039270
LogDevObjectVersion: Number of dev versions registered: 13
LogDevObjectVersion:   Dev-Blueprints (B0D832E4-1F89-4F0D-ACCF-7EB736FD4AA2): 3
LogDevObjectVersion:   Dev-Build (E1C64328-A22C-4D53-A36C-8E866417BD8C): 0
LogDevObjectVersion:   Dev-Core (375EC13C-06E4-48FB-B500-84F0262A717E): 1
LogDevObjectVersion:   Dev-Editor (E4B068ED-F494-42E9-A231-DA0B2E46BB41): 2
LogDevObjectVersion:   Dev-Framework (CFFC743F-43B0-4480-9391-14DF171D2073): 6
LogDevObjectVersion:   Dev-Mobile (B02B49B5-BB20-44E9-A304-32B752E40360): 0
LogDevObjectVersion:   Dev-Networking (A4E4105C-59A1-49B5-A7C5-40C4547EDFEE): 0
LogDevObjectVersion:   Dev-Online (39C831C9-5AE6-47DC-9A44-9C173E1C8E7C): 0
LogDevObjectVersion:   Dev-Physics (78F01B33-EBEA-4F98-B9B4-84EACCB95AA2): 0
LogDevObjectVersion:   Dev-Platform (6631380F-2D4D-43E0-8009-CF276956A95A): 0
LogDevObjectVersion:   Dev-Rendering (12F88B9F-8875-4AFC-A67C-D90C383ABD29): 2
LogDevObjectVersion:   Dev-Sequencer (7B5AE74C-D270-4C10-A958-57980B212A5A): 0
LogDevObjectVersion:   Dev-VR (D7296918-1DD6-4BDD-9DE2-64A83CC13884): 0
LogInit: Compiled (64-bit): Jul  6 2016 09:09:46
LogInit: Compiled with Visual C++: 19.00.23026.00
LogInit: Build Configuration: Development
LogInit: Branch Name: ++UE4+Release-4.12
LogInit: Command line:  /Temp/Autosaves/Game/ThirdPersonBP/Blueprints/UEDPCNewMap -game -PIEVIACONSOLE -ResX=1280 -ResY=720  -Multiprocess -windowed -messaging -SessionName="Play in Standalone Game" -featureleveles2 -faketouches 
LogInit: Base directory: C:/Program Files (x86)/Epic Games/4.12/Engine/Binaries/Win64/
LogInit: Installed Engine Build: 1
LogInit: Using libcurl 7.41.0
LogInit:  - built for x86_64-pc-win32
LogInit:  - supports SSL with WinSSL
LogInit:  - other features:
LogInit:      CURL_VERSION_SSL
LogInit:      CURL_VERSION_IPV6
LogInit:      CURL_VERSION_ASYNCHDNS
LogInit:      CURL_VERSION_LARGEFILE
LogInit:      CURL_VERSION_IDN
LogInit:  CurlRequestOptions (configurable via config and command line):
LogInit:  - bVerifyPeer = true  - Libcurl will verify peer certificate
LogInit:  - bUseHttpProxy = false  - Libcurl will NOT use HTTP proxy
LogInit:  - bDontReuseConnections = false  - Libcurl will reuse connections
LogInit:  - CertBundlePath = nullptr  - Libcurl will use whatever was configured at build time.
LogInit: Presizing for max 8388607 objects, including 0 objects not considered by GC, pre-allocating 0 bytes for permanent pool.
LogInit: Object subsystem initialized
[2016.11.29-15.51.32:789][  0]LogInit: Selected Device Profile: [Windows]
[2016.11.29-15.51.32:789][  0]LogInit: Applying CVar settings loaded from the selected device profile: [Windows]
[2016.11.29-15.51.32:797][  0]LogInit: Computer: 1398-P2C5-1374
[2016.11.29-15.51.32:798][  0]LogInit: User: zeng40
[2016.11.29-15.51.32:798][  0]LogInit: CPU Page size=65536, Cores=4
[2016.11.29-15.51.32:798][  0]LogInit: High frequency timer resolution =2.728085 MHz
[2016.11.29-15.51.32:798][  0]LogMemory: Memory total: Physical=15.9GB (16GB approx)
[2016.11.29-15.51.32:798][  0]LogMemory: Platform Memory Stats for Windows
[2016.11.29-15.51.32:798][  0]LogMemory: Process Physical Memory: 194.61 MB used, 194.61 MB peak
[2016.11.29-15.51.32:798][  0]LogMemory: Process Virtual Memory: 198.78 MB used, 198.78 MB peak
[2016.11.29-15.51.32:798][  0]LogMemory: Physical Memory: 8763.30 MB used, 16308.40 MB total
[2016.11.29-15.51.32:798][  0]LogMemory: Virtual Memory: 568.95 MB used, 8388608.00 MB total
[2016.11.29-15.51.32:837][  0]LogTextLocalizationManager: No specific translations for ('en-US') exist, so ('en') translations will be used.
[2016.11.29-15.51.33:341][  0]LogD3D11RHI: D3D11 adapters:
[2016.11.29-15.51.33:358][  0]LogD3D11RHI:    0. 'NVIDIA GeForce GTX 970' (Feature Level 11_0)
[2016.11.29-15.51.33:358][  0]LogD3D11RHI:       4007/0/7898 MB DedicatedVideo/DedicatedSystem/SharedSystem, Outputs:1, VendorId:0x10de
[2016.11.29-15.51.33:358][  0]LogD3D11RHI: Chosen D3D11 Adapter: 0
[2016.11.29-15.51.33:364][  0]LogD3D11RHI: Creating new Direct3DDevice
[2016.11.29-15.51.33:365][  0]LogD3D11RHI:     GPU DeviceId: 0x13c2 (for the marketing name, search the web for "GPU Device Id")
[2016.11.29-15.51.33:365][  0]LogWindows: EnumDisplayDevices:
[2016.11.29-15.51.33:365][  0]LogWindows:    0. 'NVIDIA GeForce GTX 970' (P:1 D:1)
[2016.11.29-15.51.33:365][  0]LogWindows:    1. 'NVIDIA GeForce GTX 970' (P:0 D:0)
[2016.11.29-15.51.33:366][  0]LogWindows:    2. 'NVIDIA GeForce GTX 970' (P:0 D:0)
[2016.11.29-15.51.33:367][  0]LogWindows:    3. 'NVIDIA GeForce GTX 970' (P:0 D:0)
[2016.11.29-15.51.33:367][  0]LogWindows:    4. 'RDPDD Chained DD' (P:0 D:0)
[2016.11.29-15.51.33:368][  0]LogWindows:    5. 'RDP Encoder Mirror Driver' (P:0 D:0)
[2016.11.29-15.51.33:368][  0]LogWindows:    6. 'RDP Reflector Display Driver' (P:0 D:0)
[2016.11.29-15.51.33:368][  0]LogWindows: DebugString: GetVideoDriverDetailsInvalid PrimaryIsNotTheChoosenAdapter GetVideoDriverDetailsInvalid PrimaryIsNotTheChoosenAdapter GetVideoDriverDetailsInvalid PrimaryIsNotTheChoosenAdapter FoundDriverCount:4 
[2016.11.29-15.51.33:369][  0]LogD3D11RHI:     Adapter Name: NVIDIA GeForce GTX 970
[2016.11.29-15.51.33:369][  0]LogD3D11RHI:   Driver Version: 372.54 (internal:21.21.13.7254, unified:372.54)
[2016.11.29-15.51.33:369][  0]LogD3D11RHI:      Driver Date: 8-11-2016
[2016.11.29-15.51.33:369][  0]LogRHI: Texture pool is 1361 MB (70% of 1945 MB)
[2016.11.29-15.51.33:378][  0]LogD3D11RHI: Async texture creation enabled
[2016.11.29-15.51.33:392][  0]LogD3D11RHI: GPU Timing Frequency: 1000.000000 (Debug: 2 2)
[2016.11.29-15.51.33:392][  0]LogShaderCompilers: Guid format shader working directory is -31 characters bigger than the processId version (../../../../../../Users/zeng40/Downloads/PrisonBreak-master/PrisonBreak-master/Intermediate/Shaders/WorkingDirectory/7968/).
[2016.11.29-15.51.33:392][  0]LogShaderCompilers: Cleaned the shader compiler working directory 'C:/Users/zeng40/AppData/Local/Temp/UnrealShaderWorkingDir/1390FFAB4C610A24A25CF5A49004771E/'.
[2016.11.29-15.51.33:392][  0]LogShaderCompilers:Display: Using Local Shader Compiler.
[2016.11.29-15.51.34:364][  0]LogTemp:Display: Loaded TP WindowsClientTargetPlatform
[2016.11.29-15.51.34:373][  0]LogTemp:Display: Loaded TP WindowsNoEditorTargetPlatform
[2016.11.29-15.51.34:383][  0]LogTemp:Display: Loaded TP WindowsServerTargetPlatform
[2016.11.29-15.51.34:392][  0]LogTemp:Display: Loaded TP WindowsTargetPlatform
[2016.11.29-15.51.34:392][  0]LogTargetPlatformManager:Display: Building Assets For Windows
[2016.11.29-15.51.34:445][  0]LogDerivedDataCache:Display: Max Cache Size: 512 MB
[2016.11.29-15.51.34:468][  0]LogDerivedDataCache: Loaded boot cache 0.02s 12MB C:/Users/zeng40/AppData/Local/UnrealEngi