Log file open, 11/12/16 19:50:42
LogInit:Display: Running engine for game: PrisonBreak
LogPlatformFile: Not using cached read wrapper
LogInit:Display: RandInit(124700312) SRandInit(124700315).
LogTaskGraph: Started task graph with 4 named threads and 7 total threads with 1 sets of task threads.
LogStats: Stats thread started at 2.462193
LogInit: Version: 4.12.5-3039270+++UE4+Release-4.12
LogInit: API Version: 2992821
LogInit: Net Version: 3039270
LogDevObjectVersion: Number of dev versions registered: 13
LogDevObjectVersion:   Dev-Blueprints (B0D832E4-1F89-4F0D-ACCF-7EB736FD4AA2): 3
LogDevObjectVersion:   Dev-Build (E1C64328-A22C-4D53-A36C-8E866417BD8C): 0
LogDevObjectVersion:   Dev-Core (375EC13C-06E4-48FB-B500-84F0262A717E): 1
LogDevObjectVersion:   Dev-Editor (E4B068ED-F494-42E9-A231-DA0B2E46BB41): 2
LogDevObjectVersion:   Dev-Framework (CFFC743F-43B0-4480-9391-14DF171D2073): 6
LogDevObjectVersion:   Dev-Mobile (B02B49B5-BB20-44E9-A304-32B752E40360): 0
LogDevObjectVersion:   Dev-Networking (A4E4105C-59A1-49B5-A7C5-40C4547EDFEE): 0
LogDevObjectVersion:   Dev-Online (39C831C9-5AE6-47DC-9A44-9C173E1C8E7C): 0
LogDevObjectVersion:   Dev-Physics (78F01B33-EBEA-4F98-B9B4-84EACCB95AA2): 0
LogDevObjectVersion:   Dev-Platform (6631380F-2D4D-43E0-8009-CF276956A95A): 0
LogDevObjectVersion:   Dev-Rendering (12F88B9F-8875-4AFC-A67C-D90C383ABD29): 2
LogDevObjectVersion:   Dev-Sequencer (7B5AE74C-D270-4C10-A958-57980B212A5A): 0
LogDevObjectVersion:   Dev-VR (D7296918-1DD6-4BDD-9DE2-64A83CC13884): 0
LogInit: Compiled (64-bit): Jul  6 2016 09:09:46
LogInit: Compiled with Visual C++: 19.00.23026.00
LogInit: Build Configuration: Development
LogInit: Branch Name: ++UE4+Release-4.12
LogInit: Command line:  
LogInit: Base directory: E:/VR/Epic Games/4.12/Engine/Binaries/Win64/
LogInit: Installed Engine Build: 1
LogInit: Using libcurl 7.41.0
LogInit:  - built for x86_64-pc-win32
LogInit:  - supports SSL with WinSSL
LogInit:  - other features:
LogInit:      CURL_VERSION_SSL
LogInit:      CURL_VERSION_IPV6
LogInit:      CURL_VERSION_ASYNCHDNS
LogInit:      CURL_VERSION_LARGEFILE
LogInit:      CURL_VERSION_IDN
LogInit:  CurlRequestOptions (configurable via config and command line):
LogInit:  - bVerifyPeer = true  - Libcurl will verify peer certificate
LogInit:  - bUseHttpProxy = false  - Libcurl will NOT use HTTP proxy
LogInit:  - bDontReuseConnections = false  - Libcurl will reuse connections
LogInit:  - CertBundlePath = nullptr  - Libcurl will use whatever was configured at build time.
LogInit: Presizing for max 8388607 objects, including 0 objects not considered by GC, pre-allocating 0 bytes for permanent pool.
LogInit: Object subsystem initialized
[2016.11.13-00.50.43:460][  0]LogInit: Selected Device Profile: [Windows]
[2016.11.13-00.50.43:460][  0]LogInit: Applying CVar settings loaded from the selected device profile: [Windows]
[2016.11.13-00.50.43:531][  0]LogInit: Computer: MTDTAO
[2016.11.13-00.50.43:531][  0]LogInit: User: Jintao
[2016.11.13-00.50.43:531][  0]LogInit: CPU Page size=65536, Cores=4
[2016.11.13-00.50.43:531][  0]LogInit: High frequency timer resolution =3.507175 MHz
[2016.11.13-00.50.43:536][  0]LogMemory: Memory total: Physical=15.9GB (16GB approx)
[2016.11.13-00.50.43:536][  0]LogMemory: Platform Memory Stats for Windows
[2016.11.13-00.50.43:536][  0]LogMemory: Process Physical Memory: 189.85 MB used, 189.85 MB peak
[2016.11.13-00.50.43:536][  0]LogMemory: Process Virtual Memory: 195.06 MB used, 195.06 MB peak
[2016.11.13-00.50.43:536][  0]LogMemory: Physical Memory: 4127.87 MB used, 16294.77 MB total
[2016.11.13-00.50.43:536][  0]LogMemory: Virtual Memory: 553.80 MB used, 134217728.00 MB total
[2016.11.13-00.50.44:273][  0]LogTextLocalizationManager: No specific translations for ('en-US') exist, so ('en') translations will be used.
[2016.11.13-00.50.45:259][  0]LogD3D11RHI: D3D11 adapters:
[2016.11.13-00.50.45:280][  0]LogD3D11RHI:    0. 'AMD Radeon HD 8950' (Feature Level 11_0)
[2016.11.13-00.50.45:280][  0]LogD3D11RHI:       3053/0/8147 MB DedicatedVideo/DedicatedSystem/SharedSystem, Outputs:1, VendorId:0x1002
[2016.11.13-00.50.45:290][  0]LogD3D11RHI:    1. 'Microsoft Basic Render Driver' (Feature Level 11_0)
[2016.11.13-00.50.45:290][  0]LogD3D11RHI:       0/0/8147 MB DedicatedVideo/DedicatedSystem/SharedSystem, Outputs:0, VendorId:0x1414
[2016.11.13-00.50.45:290][  0]LogD3D11RHI: Chosen D3D11 Adapter: 0
[2016.11.13-00.50.45:294][  0]LogD3D11RHI: Creating new Direct3DDevice
[2016.11.13-00.50.45:294][  0]LogD3D11RHI:     GPU DeviceId: 0x679a (for the marketing name, search the web for "GPU Device Id")
[2016.11.13-00.50.45:295][  0]LogWindows: EnumDisplayDevices:
[2016.11.13-00.50.45:295][  0]LogWindows:    0. 'AMD Radeon HD 8950' (P:1 D:1)
[2016.11.13-00.50.45:295][  0]LogWindows:    1. 'AMD Radeon HD 8950' (P:0 D:0)
[2016.11.13-00.50.45:296][  0]LogWindows:    2. 'AMD Radeon HD 8950' (P:0 D:0)
[2016.11.13-00.50.45:296][  0]LogWindows:    3. 'AMD Radeon HD 8950' (P:0 D:0)
[2016.11.13-00.50.45:296][  0]LogWindows:    4. 'AMD Radeon HD 8950' (P:0 D:0)
[2016.11.13-00.50.45:297][  0]LogWindows:    5. 'AMD Radeon HD 8950' (P:0 D:0)
[2016.11.13-00.50.45:297][  0]LogWindows: DebugString: FoundDriverCount:6 
[2016.11.13-00.50.45:297][  0]LogD3D11RHI:     Adapter Name: AMD Radeon HD 8950
[2016.11.13-00.50.45:297][  0]LogD3D11RHI:   Driver Version: Crimson 16.6 (internal:21.19.137.1, unified:21.19.137.1)
[2016.11.13-00.50.45:297][  0]LogD3D11RHI:      Driver Date: 9-16-2016
[2016.11.13-00.50.45:297][  0]LogRHI: Texture pool is 1361 MB (70% of 1945 MB)
[2016.11.13-00.50.45:306][  0]LogD3D11RHI: Async texture creation disabled: no driver support
[2016.11.13-00.50.45:561][  0]LogD3D11RHI: GPU Timing Frequency: 27.000000 (Debug: 2 1)
[2016.11.13-00.50.45:621][  0]LogShaderCompilers: Guid format shader working directory is 11 characters bigger than the processId version (../../../../../../CS390/PrisonBreak/Intermediate/Shaders/WorkingDirectory/12120/).
[2016.11.13-00.50.45:621][  0]LogShaderCompilers: Cleaned the shader compiler working directory 'C:/Users/Jintao/AppData/Local/Temp/UnrealShaderWorkingDir/3393B8A84EF6DC7EA31ABB806F4C1235/'.
[2016.11.13-00.50.45:632][  0]LogShaderCompilers:Display: Using Local Shader Compiler.
[2016.11.13-00.50.50:127][  0]LogTemp:Display: Loaded TP AllDesktopTargetPlatform
[2016.11.13-00.50.50:137][  0]LogTemp:Display: Loaded TP WindowsClientTargetPlatform
[2016.11.13-00.50.50:147][  0]LogTemp:Display: Loaded TP WindowsNoEditorTargetPlatform
[2016.11.13-00.50.50:158][  0]LogTemp:Display: Loaded TP WindowsServerTargetPlatform
[2016.11.13-00.50.50:168][  0]LogTemp:Display: Loaded TP WindowsTargetPlatform
[2016.11.13-00.50.50:179][  0]LogTemp:Display: Loaded TP AndroidTargetPlatform
[2016.11.13-00.50.50:189][  0]LogTemp:Display: Loaded TP Android_ASTCTargetPlatform
[2016.11.13-00.50.50:200][  0]LogTemp:Display: Loaded TP Android_ATCTargetPlatform
[2016.11.13-00.50.50:210][  0]LogTemp:Display: Loaded TP Android_DXTTargetPlatform
[2016.11.13-00.50.50:220][  0]LogTemp:Display: Loaded TP Android_ETC1TargetPlatform
[2016.11.13-00.50.50:234][  0]LogTemp:Display: Loaded TP Android_ETC2TargetPlatform
[2016.11.13-00.50.50:262][  0]LogTemp:Display: Loaded TP Android_MultiTargetPlatform
[2016.11.13-00.50.50:262][  0]LogTemp:Display: Loaded TP Android_PVRTCTargetPlatform
[2016.11.13-00.50.50:264][  0]LogTemp:Display: Loaded TP HTML5TargetPlatform
[2016.11.13-00.50.50:330][  0]LogTemp:Display: Loaded TP IOSTargetPlatform
[2016.11.13-00.50.50:338][  0]LogTemp:Display: Loaded TP TVOSTargetPlatform
[2016.11.13-00.50.50:349][  0]LogTemp:Display: Loaded TP LinuxNoEditorTargetPlatform
[2016.11.13-00.50.50:359][  0]LogTemp:Display: Loaded TP LinuxServerTargetPlatform
[2016.11.13-00.50.50:382][  0]LogTemp:Display: Loaded TP LinuxTargetPlatform
[2016.11.13-00.50.50:382][  0]LogTargetPlatformManager:Display: Building Assets For Windows
[2016.11.13-00.50.50:854][  0]LogDerivedDataCache:Display: Max Cache Size: 512 MB
[2016.11.13-00.50.51:099][  0]LogDerivedDataCache: Loaded boot cache 0.24s 53MB C:/Users/Jintao/AppData/Local/UnrealEngine/4.12/DerivedDataCache/Boot.ddc.
[2016.11.13-00.50.51:099][  0]LogDerivedDataCache:Display: Loaded Boot cache: C:/Users/Jintao/AppData/Local/UnrealEngine/4.12/DerivedDataCache/Boot.ddc
[2016.11.13-00.50.51:099][  0]LogDerivedDataCache: FDerivedDataBackendGraph:  Pak pak cache file ../../../../../../CS390/PrisonBreak/DerivedDataCache/DDC.ddp not found, will not use a pak cache.
[2016.11.13-00.50.51:099][  0]LogDerivedDataCache: Unable to find inner node Pak for hierarchical cache Hierarchy.
[2016.11.13-00.50.51:099][  0]LogDerivedDataCache: FDerivedDataBackendGraph:  CompressedPak pak cache file ../../../../../../CS390/PrisonBreak/DerivedDataCache/Compressed.ddp not found, will not use a pak cache.
[2016.11.13-00.50.51:099][  0]LogDerivedDataCache: Unable to find inner node CompressedPak for hierarchical cache Hierarchy.
[2016.11.13-00.50.51:158][  0]LogDerivedDataCache:Display: Pak cache opened for reading ../../../Engine/DerivedDataCache/Compressed.ddp.
[2016.11.13-00.50.51:173][  0]LogDerivedDataCache: Using Local data cache path C:/Users/Jintao/AppData/Local/UnrealEngine/Common/DerivedDataCache: Writable
[2016.11.13-00.50.54:775][  0]LogInit: Selected Device Profile: [Windows]
[2016.11.13-00.50.54:810][  0]LogContentStreaming: Texture pool size is 0.00 MB
[2016.11.13-00.50.57:905][  0]LogMeshUtilities: No automatic mesh reduction module available
[2016.11.13-00.50.57:905][  0]LogMeshUtilities: No automatic mesh merging module available
[2016.11.13-00.50.57:905][  0]LogMeshUtilities: No distributed automatic mesh merging module available
[2016.11.13-00.51.00:673][  0]LogAssetRegistry: FAssetRegistry took 0.0608 seconds to start up
[2016.11.13-00.51.00:753][  0]LogPackageLocalizationCache: Processed 3 localized package path(s) for 2 prioritized culture(s) in 0.046735 seconds
[2016.11.13-00.51.00:783][  0]LogUObjectArray: 28739 objects as part of root set at end of initial load.
[2016.11.13-00.51.00:783][  0]LogUObjectAllocator: 5855632 out of 0 bytes used by permanent object pool.
[2016.11.13-00.51.00:783][  0]LogUObjectArray: CloseDisregardForGC: 0/0 objects in disregard for GC pool
[2016.11.13-00.51.00:801][  0]LogInit: WinSock: version 1.1 (2.2), MaxSocks=32767, MaxUdp=65467
[2016.11.13-00.51.06:253][  0]LogSlate: SlateFontCache - WITH_FREETYPE: 1, WITH_HARFBUZZ: 1
[2016.11.13-00.51.06:254][  0]LogSlate: SlateFontCache - WITH_FREETYPE: 1, WITH_HARFBUZZ: 1
[2016.11.13-00.51.12:525][  0]LogUdpMessaging: Initializing bridge on interface 0.0.0.0:0 to multicast group 230.0.0.1:6666.
[2016.11.13-00.51.14:030][  0]SourceControl: Info Source control is disabled
[2016.11.13-00.51.14:222][  0]SourceControl: Info Source control is disabled
[2016.11.13-00.51.14:284][  0]SourceControl: Info Source control is disabled
[2016.11.13-00.51.14:364][  0]SourceControl: Info Source control is disabled
[2016.11.13-00.51.15:451][  0]LogEngine: Initializing Engine...
[2016.11.13-00.51.15:491][  0]LogHMD: SteamVR failed to initialize.  Err: 110
[2016.11.13-00.51.15:495][  0]LogHMD: SteamVR failed to initialize.  Err: 110
[2016.11.13-00.51.16:060][  0]LogAIModule: Creating AISystem for world NewWorld
[2016.11.13-00.51.16:198][  0]LogInit: XAudio2 using 'Speakers (Realtek High Definition Audio)' : 2 channels at 48 kHz using 32 bits per sample (channel mask 0x3)
[2016.11.13-00.51.16:239][  0]LogInit: FAudioDevice initialized.
[2016.11.13-00.51.16:288][  0]LogDerivedDataCache: Saved boot cache 0.05s 79MB C:/Users/Jintao/AppData/Local/UnrealEngine/4.12/DerivedDataCache/Boot.ddc.
[2016.11.13-00.51.16:300][  0]LogInit: Texture streaming: Enabled
[2016.11.13-00.51.16:705][  0]LogInit: Transaction tracking system initialized
[2016.11.13-00.51.17:191][  0]BlueprintLog: New page: Editor Load
[2016.11.13-00.51.19:055][  0]LocalizationService: Info Localization service is disabled
[2016.11.13-00.51.19:858][  0]LogConsoleResponse:Display: 
[2016.11.13-00.51.20:317][  0]LogFileCache: Scanning file cache for directory 'E:/CS390/PrisonBreak/Content/' took 0.02s
[2016.11.13-00.51.20:317][  0]LogCook:Display: Max memory allowance for cook 8192mb
[2016.11.13-00.51.20:317][  0]LogCook:Display: Mobile HDR setting 1
[2016.11.13-00.51.22:801][  0]SourceControl: Info Source control is disabled
[2016.11.13-00.51.22:913][  0]Cmd: MAP LOAD FILE="../../../../../../CS390/PrisonBreak/Content/ThirdPersonBP/Maps/ThirdPersonExampleMap.umap" TEMPLATE=0 SHOWPROGRESS=1 FEATURELEVEL=3
[2016.11.13-00.51.22:957][  0]LightingResults: New page: Lighting Build
[2016.11.13-00.51.23:273][  0]MapCheck: New page: Map Check
[2016.11.13-00.51.23:273][  0]LightingResults: New page: Lighting Build
[2016.11.13-00.51.25:897][  0]LogTexture:Display: Building textures: HQ_Lightmap2_1 (AutoDXT)
[2016.11.13-00.51.26:097][  0]LogTexture:Display: Building textures: HQ_Lightmap2_2 (AutoDXT)
[2016.11.13-00.51.26:211][  0]LogTexture:Display: Building textures: HQ_Lightmap2_3 (AutoDXT)
[2016.11.13-00.51.26:245][  0]LogTexture:Display: Building textures: HQ_Lightmap2_4 (AutoDXT)
[2016.11.13-00.51.26:275][  0]LogTexture:Display: Building textures: HQ_Lightmap2_5 (AutoDXT)
[2016.11.13-00.51.26:304][  0]LogTexture:Display: Building textures: HQ_Lightmap2_6 (AutoDXT)
[2016.11.13-00.51.26:319][  0]LogTexture:Display: Building textures: LQ_Lightmap_0_1 (DXT1)
[2016.11.13-00.51.26:405][  0]LogTexture:Display: Building textures: LQ_Lightmap_0_2 (DXT1)
[2016.11.13-00.51.26:466][  0]LogTexture:Display: Building textures: LQ_Lightmap_0_3 (DXT1)
[2016.11.13-00.51.26:485][  0]LogTexture:Display: Building textures: LQ_Lightmap_0_4 (DXT1)
[2016.11.13-00.51.26:502][  0]LogTexture:Display: Building textures: LQ_Lightmap_0_5 (DXT1)
[2016.11.13-00.51.26:518][  0]LogTexture:Display: Building textures: LQ_Lightmap_0_6 (DXT1)
[2016.11.13-00.51.26:531][  0]LogTexture:Display: Building textures: SkyOcclusion0_1 (AutoDXT)
[2016.11.13-00.51.26:631][  0]LogTexture:Display: Building textures: SkyOcclusion0_2 (AutoDXT)
[2016.11.13-00.51.26:686][  0]LogTexture:Display: Building textures: SkyOcclusion0_3 (AutoDXT)
[2016.11.13-00.51.26:707][  0]LogTexture:Display: Building textures: SkyOcclusion0_4 (AutoDXT)
[2016.11.13-00.51.26:726][  0]LogTexture:Display: Building textures: SkyOcclusion0_5 (AutoDXT)
[2016.11.13-00.51.26:747][  0]LogTexture:Display: Building textures: SkyOcclusion0_6 (AutoDXT)
[2016.11.13-00.51.26:794][  0]LogTexture:Display: Building textures: ShadowMapTexture2D_12 (G8)
[2016.11.13-00.51.26:814][  0]LogTexture:Display: Building textures: ShadowMapTexture2D_13 (G8)
[2016.11.13-00.51.26:833][  0]LogTexture:Display: Building textures: ShadowMapTexture2D_14 (G8)
[2016.11.13-00.51.26:838][  0]LogTexture:Display: Building textures: ShadowMapTexture2D_15 (G8)
[2016.11.13-00.51.26:843][  0]LogTexture:Display: Building textures: ShadowMapTexture2D_16 (G8)
[2016.11.13-00.51.26:848][  0]LogTexture:Display: Building textures: ShadowMapTexture2D_17 (G8)
[2016.11.13-00.51.27:025][  0]LogAIModule: Creating AISystem for world ThirdPersonExampleMap
[2016.11.13-00.51.27:475][  0]LogEditorServer: Finished looking for orphan Actors (0.000 secs)
[2016.11.13-00.51.27:496][  0]Cmd: MAP CHECKDEP NOCLEARLOG
[2016.11.13-00.51.27:553][  0]MapCheck: Info Map check complete: 0 Error(s), 0 Warning(s), took 56.336ms to complete.
[2016.11.13-00.51.27:553][  0]LogFileHelpers: Loading map 'ThirdPersonExampleMap' took 4.695
[2016.11.13-00.51.28:431][  0]LogCollectionManager: Loaded 0 collections in 0.001105 seconds
[2016.11.13-00.51.28:589][  0]LogFileCache: Scanning file cache for directory 'E:/CS390/PrisonBreak/Saved/Collections/' took 0.01s
[2016.11.13-00.51.28:589][  0]LogFileCache: Scanning file cache for directory 'E:/CS390/PrisonBreak/Content/Developers/Jintao/Collections/' took 0.01s
[2016.11.13-00.51.28:589][  0]LogFileCache: Scanning file cache for directory 'E:/CS390/PrisonBreak/Content/Collections/' took 0.01s
[2016.11.13-00.51.28:589][  0]LogCollectionManager: Rebuilt the GUID cache for 0 collections in 0.000022 seconds
[2016.11.13-00.51.28:615][  0]LogContentBrowser: Native class hierarchy populated in 0.0207 seconds. Added 2047 classes and 369 folders.
[2016.11.13-00.51.28:694][  0]LogStats: UGameplayTagsManager::ConstructGameplayTagTree: Construct from data asset -  0.000 s
[2016.11.13-00.51.28:694][  0]LogStats: UGameplayTagsManager::ConstructGameplayTagTree: GameplayTagTreeChangedEvent.Broadcast -  0.000 s
[2016.11.13-00.51.28:696][  0]LogContentBrowser: Native class hierarchy updated for 'GameplayTags' in 0.0013 seconds. Added 12 classes and 0 folders.
[2016.11.13-00.51.28:713][  0]LogContentBrowser: Native class hierarchy updated for 'WidgetCarousel' in 0.0005 seconds. Added 0 classes and 0 folders.
[2016.11.13-00.51.29:877][  0]LogContentBrowser: Native class hierarchy updated for 'AddContentDialog' in 0.0005 seconds. Added 0 classes and 0 folders.
[2016.11.13-00.51.30:037][  0]LogContentBrowser: Native class hierarchy updated for 'SceneOutliner' in 0.0011 seconds. Added 1 classes and 2 folders.
[2016.11.13-00.51.32:183][  0]LogCrashTracker: Crashtracker disabled due to settings.
[2016.11.13-00.51.32:396][  0]LogUObjectGlobals:Warning: Failed to find object 'Class None.'
[2016.11.13-00.51.32:516][  0]LogContentBrowser: Native class hierarchy updated for 'HierarchicalLODOutliner' in 0.0006 seconds. Added 1 classes and 2 folders.
[2016.11.13-00.51.32:516][  0]LogLoad: Full Startup: 54.66 seconds (BP compile: 0.88 seconds)
[2016.11.13-00.51.32:516][  0]LogExternalProfiler: No external profilers were discovered.  External profiling features will not be available.
[2016.11.13-00.51.32:888][  0]LogOcInput: OculusInput pre-init called
[2016.11.13-00.51.33:559][  0]LogContentStreaming: Texture pool size now 1000 MB
[2016.11.13-00.51.34:287][  0]LogRenderer: Reallocating scene render targets to support 1168x576 (Frame:2).
[2016.11.13-00.51.34:873][  2]LogAssetRegistry: Asset discovery search completed in 34.2231 seconds
[2016.11.13-00.51.34:873][  2]LogCollectionManager: Rebuilt the object cache for 0 collections in 0.000001 seconds (found 0 objects)
[2016.11.13-00.51.34:883][  2]LogCollectionManager: Fixed up redirectors for 0 collections in 0.009723 seconds (updated 0 objects)
[2016.11.13-00.52.52:532][387]LogBlueprintUserMessages: Early PlayInEditor Detection: Level '/Game/ThirdPersonBP/Maps/ThirdPersonExampleMap.ThirdPersonExampleMap:PersistentLevel' has LevelScriptBlueprint '/Game/ThirdPersonBP/Maps/ThirdPersonExampleMap.ThirdPersonExampleMap:PersistentLevel.ThirdPersonExampleMap' with GeneratedClass '/Game/ThirdPersonBP/Maps/ThirdPersonExampleMap.ThirdPersonExampleMap_C' with ClassGeneratedBy '/Game/ThirdPersonBP/Maps/ThirdPersonExampleMap.ThirdPersonExampleMap:PersistentLevel.ThirdPersonExampleMap'
[2016.11.13-00.52.52:552][387]LogPlayLevel: PlayLevel: No blueprints needed recompiling
[2016.11.13-00.52.52:553][387]PIE: New page: SIE session: ThirdPersonExampleMap (Nov 12, 2016, 2:52:52 PM)
[2016.11.13-00.52.52:553][387]LogPlayLevel: Creating play world package: /Game/ThirdPersonBP/Maps/UEDPIE_0_ThirdPersonExampleMap
[2016.11.13-00.52.52:579][387]LogPlayLevel: PIE: StaticDuplicateObject took: (0.026204s)
[2016.11.13-00.52.52:580][387]LogAIModule: Creating AISystem for world ThirdPersonExampleMap
[2016.11.13-00.52.52:581][387]LogPlayLevel: PIE: World Init took: (0.001572s)
[2016.11.13-00.52.52:581][387]LogPlayLevel: PIE: Created PIE world by copying editor world from /Game/ThirdPersonBP/Maps/ThirdPersonExampleMap.ThirdPersonExampleMap to /Game/ThirdPersonBP/Maps/UEDPIE_0_ThirdPersonExampleMap.ThirdPersonExampleMap (0.028094s)
[2016.11.13-00.52.52:637][387]LogInit: XAudio2 using 'Speakers (Realtek High Definition Audio)' : 2 channels at 48 kHz using 32 bits per sample (channel mask 0x3)
[2016.11.13-00.52.52:648][387]LogInit: FAudioDevice initialized.
[2016.11.13-00.52.52:965][387]LogTexture:Display: Building textures: T_Brick_Clay_Beveled_N (BC5)
[2016.11.13-00.52.53:509][387]LogTexture:Display: Building textures: T_Brick_Clay_Beveled_M (AutoDXT)
[2016.11.13-00.52.56:159][387]LogTexture:Display: Building textures: T_Brick_Clay_Beveled_D (AutoDXT)
[2016.11.13-00.52.58:740][387]LogTexture:Display: Building textures: T_MacroVariation (AutoDXT)
[2016.11.13-00.53.01:257][387]LogWorld: Game class is 'RunGameNode_C'
[2016.11.13-00.53.01:292][387]LogWorld: Bringing World /Game/ThirdPersonBP/Maps/UEDPIE_0_ThirdPersonExampleMap.ThirdPersonExampleMap up for play (max tick rate 0) at 2016.11.12-19.53.01
[2016.11.13-00.53.01:305][387]LogWorld: Bringing up level for play took: 0.017294
[2016.11.13-00.53.01:350][387]LogContentBrowser: Native class hierarchy updated for 'MovieSceneCapture' in 0.0005 seconds. Added 11 classes and 0 folders.
[2016.11.13-00.53.01:374][387]PIE: Info Play in editor start time for /Game/ThirdPersonBP/Maps/UEDPIE_0_ThirdPersonExampleMap 9.321
[2016.11.13-00.53.01:382][387]LogBlueprintUserMessages: Late PlayInEditor Detection: Level '/Game/ThirdPersonBP/Maps/ThirdPersonExampleMap.ThirdPersonExampleMap:PersistentLevel' has LevelScriptBlueprint '/Game/ThirdPersonBP/Maps/ThirdPersonExampleMap.ThirdPersonExampleMap:PersistentLevel.ThirdPersonExampleMap' with GeneratedClass '/Game/ThirdPersonBP/Maps/ThirdPersonExampleMap.ThirdPersonExampleMap_C' with ClassGeneratedBy '/Game/ThirdPersonBP/Maps/ThirdPersonExampleMap.ThirdPersonExampleMap:PersistentLevel.ThirdPersonExampleMap'
[2016.11.13-00.53.07:168][878]LogBlueprintUserMessages: Early EndPlayMap Detection: Level '/Game/ThirdPersonBP/Maps/ThirdPersonExampleMap.ThirdPersonExampleMap:PersistentLevel' has LevelScriptBlueprint '/Game/ThirdPersonBP/Maps/ThirdPersonExampleMap.ThirdPersonExampleMap:PersistentLevel.ThirdPersonExampleMap' with GeneratedClass '/Game/ThirdPersonBP/Maps/ThirdPersonExampleMap.ThirdPersonExampleMap_C' with ClassGeneratedBy '/Game/ThirdPersonBP/Maps/ThirdPersonExampleMap.ThirdPersonExampleMap:PersistentLevel.ThirdPersonExampleMap'
[2016.11.13-00.53.07:299][878]LogBlueprintUserMessages: Late EndPlayMap Detection: Level '/Game/ThirdPersonBP/Maps/ThirdPersonExampleMap.ThirdPersonExampleMap:PersistentLevel' has LevelScriptBlueprint '/Game/ThirdPersonBP/Maps/ThirdPersonExampleMap.ThirdPersonExampleMap:PersistentLevel.ThirdPersonExampleMap' with GeneratedClass '/Game/ThirdPersonBP/Maps/ThirdPersonExampleMap.ThirdPersonExampleMap_C' with ClassGeneratedBy '/Game/ThirdPersonBP/Maps/ThirdPersonExampleMap.ThirdPersonExampleMap:PersistentLevel.ThirdPersonExampleMap'
[2016.11.13-00.53.12:595][495]LogBlueprintUserMessages: Early PlayInEditor Detection: Level '/Game/ThirdPersonBP/Maps/ThirdPersonExampleMap.ThirdPersonExampleMap:PersistentLevel' has LevelScriptBlueprint '/Game/ThirdPersonBP/Maps/ThirdPersonExampleMap.ThirdPersonExampleMap:PersistentLevel.ThirdPersonExampleMap' with GeneratedClass '/Game/ThirdPersonBP/Maps/ThirdPersonExampleMap.ThirdPersonExampleMap_C' with ClassGeneratedBy '/Game/ThirdPersonBP/Maps/ThirdPersonExampleMap.ThirdPersonExampleMap:PersistentLevel.ThirdPersonExampleMap'
[2016.11.13-00.53.12:595][495]LogPlayLevel: PlayLevel: No blueprints needed recompiling
[2016.11.13-00.53.12:595][495]PIE: New page: SIE session: ThirdPersonExampleMap (Nov 12, 2016, 2:53:12 PM)
[2016.11.13-00.53.12:595][495]LogPlayLevel: Creating play world package: /Game/ThirdPersonBP/Maps/UEDPIE_0_ThirdPersonExampleMap
[2016.11.13-00.53.12:616][495]LogPlayLevel: PIE: StaticDuplicateObject took: (0.021228s)
[2016.11.13-00.53.12:617][495]LogAIModule: Creating AISystem for world ThirdPersonExampleMap
[2016.11.13-00.53.12:617][495]LogPlayLevel: PIE: World Init took: (0.001022s)
[2016.11.13-00.53.12:617][495]LogPlayLevel: PIE: Created PIE world by copying editor world from /Game/ThirdPersonBP/Maps/ThirdPersonExampleMap.ThirdPersonExampleMap to /Game/ThirdPersonBP/Maps/UEDPIE_0_ThirdPersonExampleMap.ThirdPersonExampleMap (0.022524s)
[2016.11.13-00.53.12:634][495]LogInit: XAudio2 using 'Speakers (Realtek High Definition Audio)' : 2 channels at 48 kHz using 32 bits per sample (channel mask 0x3)
[2016.11.13-00.53.12:644][495]LogInit: FAudioDevice initialized.
[2016.11.13-00.53.12:695][495]LogWorld: Game class is 'RunGameNode_C'
[2016.11.13-00.53.12:699][495]LogWorld: Bringing World /Game/ThirdPersonBP/Maps/UEDPIE_0_ThirdPersonExampleMap.ThirdPersonExampleMap up for play (max tick rate 0) at 2016.11.12-19.53.12
[2016.11.13-00.53.12:700][495]LogWorld: Bringing up level for play took: 0.004355
[2016.11.13-00.53.12:706][495]PIE: Info Play in editor start time for /Game/ThirdPersonBP/Maps/UEDPIE_0_ThirdPersonExampleMap 0.653
[2016.11.13-00.53.12:708][495]LogBlueprintUserMessages: Late PlayInEditor Detection: Level '/Game/ThirdPersonBP/Maps/ThirdPersonExampleMap.ThirdPersonExampleMap:PersistentLevel' has LevelScriptBlueprint '/Game/ThirdPersonBP/Maps/ThirdPersonExampleMap.ThirdPersonExampleMap:PersistentLevel.ThirdPersonExampleMap' with GeneratedClass '/Game/ThirdPersonBP/Maps/ThirdPersonExampleMap.ThirdPersonExampleMap_C' with ClassGeneratedBy '/Game/ThirdPersonBP/Maps/ThirdPersonExampleMap.ThirdPersonExampleMap:PersistentLevel.ThirdPersonExampleMap'
[2016.11.13-00.53.16:427][911]Cmd: CAMERA ALIGN ACTIVEVIEWPORTONLY
[2016.11.13-00.53.16:427][911]Can't find target actor or component.
[2016.11.13-00.53.24:758][628]LogBlueprintUserMessages: Early EndPlayMap Detection: Level '/Game/ThirdPersonBP/Maps/ThirdPersonExampleMap.ThirdPersonExampleMap:PersistentLevel' has LevelScriptBlueprint '/Game/ThirdPersonBP/Maps/ThirdPersonExampleMap.ThirdPersonExampleMap:PersistentLevel.ThirdPersonExampleMap' with GeneratedClass '/Game/ThirdPersonBP/Maps/ThirdPersonExampleMap.ThirdPersonExampleMap_C' with ClassGeneratedBy '/Game/ThirdPersonBP/Maps/ThirdPersonExampleMap.ThirdPersonExampleMap:PersistentLevel.ThirdPersonExampleMap'
[2016.11.13-00.53.24:792][628]LogBlueprintUserMessages: Late EndPlayMap Detection: Level '/Game/ThirdPersonBP/Maps/ThirdPersonExampleMap.ThirdPersonExampleMap:PersistentLevel' has LevelScriptBlueprint '/Game/ThirdPersonBP/Maps/ThirdPersonExampleMap.ThirdPersonExampleMap:PersistentLevel.ThirdPersonExampleMap' with GeneratedClass '/Game/ThirdPersonBP/Maps/ThirdPersonExampleMap.ThirdPersonExampleMap_C' with ClassGeneratedBy '/Game/ThirdPersonBP/Maps/ThirdPersonExampleMap.ThirdPersonExampleMap:PersistentLevel.ThirdPersonExampleMap'
[2016.11.13-00.53.29:418][173]LogEditorViewport: Clicking on Actor (LMB): StaticMeshActor (Floor)
[2016.11.13-00.53.31:986][337]LogTexture:Display: Building textures: HQ_Lightmap0_2 (AutoDXT)
[2016.11.13-00.53.31:987][337]LogTexture:Display: Building textures: LQ_Lightmap_0_2 (DXT1)
[2016.11.13-00.53.31:987][337]LogTexture:Display: Building textures: ShadowMapTexture2D_2 (BGRA8)
[2016.11.13-00.53.31:988][337]LogAIModule: Creating AISystem for world NewMap
[2016.11.13-00.53.32:050][337]Cmd: MAP LOAD FILE="../../../../../../CS390/PrisonBreak/Content/ThirdPersonBP/Blueprints/NewMap.umap" TEMPLATE=0 SHOWPROGRESS=1 FEATURELEVEL=3
[2016.11.13-00.53.32:050][337]LightingResults: New page: Lighting Build
[2016.11.13-00.53.32:051][337]LoadErrors: New page: Loading map: NewMap.umap
[2016.11.13-00.53.32:053][337]MapCheck: New page: Map Check
[2016.11.13-00.53.32:053][337]LightingResults: New page: Lighting Build
[2016.11.13-00.53.32:118][337]LogEditorServer: Finished looking for orphan Actors (0.000 secs)
[2016.11.13-00.53.32:138][337]Cmd: MAP CHECKDEP NOCLEARLOG
[2016.11.13-00.53.32:181][337]MapCheck: Info Map check complete: 0 Error(s), 0 Warning(s), took 42.74ms to complete.
[2016.11.13-00.53.32:181][337]LogFileHelpers: Loading map 'NewMap' took 0.153
[2016.11.13-00.53.34:982][648]LogBlueprintUserMessages: Early PlayInEditor Detection: Level '/Game/ThirdPersonBP/Blueprints/NewMap.NewMap:PersistentLevel' has LevelScriptBlueprint '/Game/ThirdPersonBP/Blueprints/NewMap.NewMap:PersistentLevel.NewMap' with GeneratedClass '/Game/ThirdPersonBP/Blueprints/NewMap.NewMap_C' with ClassGeneratedBy '/Game/ThirdPersonBP/Blueprints/NewMap.NewMap:PersistentLevel.NewMap'
[2016.11.13-00.53.34:982][648]LogPlayLevel: PlayLevel: No blueprints needed recompiling
[2016.11.13-00.53.34:982][648]PIE: New page: SIE session: NewMap (Nov 12, 2016, 2:53:34 PM)
[2016.11.13-00.53.34:982][648]LogPlayLevel: Creating play world package: /Game/ThirdPersonBP/Blueprints/UEDPIE_0_NewMap
[2016.11.13-00.53.34:985][648]LogPlayLevel: PIE: StaticDuplicateObject took: (0.002838s)
[2016.11.13-00.53.34:985][648]LogAIModule: Creating AISystem for world NewMap
[2016.11.13-00.53.34:985][648]LogPlayLevel: PIE: World Init took: (0.000711s)
[2016.11.13-00.53.34:986][648]LogPlayLevel: PIE: Created PIE world by copying editor world from /Game/ThirdPersonBP/Blueprints/NewMap.NewMap to /Game/ThirdPersonBP/Blueprints/UEDPIE_0_NewMap.NewMap (0.003755s)
[2016.11.13-00.53.35:004][648]LogInit: XAudio2 using 'Speakers (Realtek High Definition Audio)' : 2 channels at 48 kHz using 32 bits per sample (channel mask 0x3)
[2016.11.13-00.53.35:015][648]LogInit: FAudioDevice initialized.
[2016.11.13-00.53.35:072][648]LogWorld: Game class is 'RunGameNode_C'
[2016.11.13-00.53.35:076][648]LogWorld: Bringing World /Game/ThirdPersonBP/Blueprints/UEDPIE_0_NewMap.NewMap up for play (max tick rate 0) at 2016.11.12-19.53.35
[2016.11.13-00.53.35:078][648]LogWorld: Bringing up level for play took: 0.004512
[2016.11.13-00.53.35:084][648]PIE: Info Play in editor start time for /Game/ThirdPersonBP/Blueprints/UEDPIE_0_NewMap 1.031
[2016.11.13-00.53.35:086][648]LogBlueprintUserMessages: Late PlayInEditor Detection: Level '/Game/ThirdPersonBP/Blueprints/NewMap.NewMap:PersistentLevel' has LevelScriptBlueprint '/Game/ThirdPersonBP/Blueprints/NewMap.NewMap:PersistentLevel.NewMap' with GeneratedClass '/Game/ThirdPersonBP/Blueprints/NewMap.NewMap_C' with ClassGeneratedBy '/Game/ThirdPersonBP/Blueprints/NewMap.NewMap:PersistentLevel.NewMap'
[2016.11.13-00.53.46:334][427]Cmd: SELECT NONE
[2016.11.13-00.53.49:179][702]LogBlueprintUserMessages: Early EndPlayMap Detection: Level '/Game/ThirdPersonBP/Blueprints/NewMap.NewMap:PersistentLevel' has LevelScriptBlueprint '/Game/ThirdPersonBP/Blueprints/NewMap.NewMap:PersistentLevel.NewMap' with GeneratedClass '/Game/ThirdPersonBP/Blueprints/NewMap.NewMap_C' with ClassGeneratedBy '/Game/ThirdPersonBP/Blueprints/NewMap.NewMap:PersistentLevel.NewMap'
[2016.11.13-00.53.49:208][702]LogBlueprintUserMessages: Late EndPlayMap Detection: Level '/Game/ThirdPersonBP/Blueprints/NewMap.NewMap:PersistentLevel' has LevelScriptBlueprint '/Game/ThirdPersonBP/Blueprints/NewMap.NewMap:PersistentLevel.NewMap' with GeneratedClass '/Game/ThirdPersonBP/Blueprints/NewMap.NewMap_C' with ClassGeneratedBy '/Game/ThirdPersonBP/Blueprints/NewMap.NewMap:PersistentLevel.NewMap'
[2016.11.13-00.55.56:154][790]LogContentBrowser: Native class hierarchy updated for 'BlueprintGraph' in 0.0008 seconds. Added 111 classes and 0 folders.
[2016.11.13-00.56.20:856][720]LogBlueprintUserMessages: Early PlayInEditor Detection: Level '/Game/ThirdPersonBP/Blueprints/NewMap.NewMap:PersistentLevel' has LevelScriptBlueprint '/Game/ThirdPersonBP/Blueprints/NewMap.NewMap:PersistentLevel.NewMap' with GeneratedClass '/Game/ThirdPersonBP/Blueprints/NewMap.NewMap_C' with ClassGeneratedBy '/Game/ThirdPersonBP/Blueprints/NewMap.NewMap:PersistentLevel.NewMap'
[2016.11.13-00.56.20:856][720]LogPlayLevel: PlayLevel: No blueprints needed recompiling
[2016.11.13-00.56.20:856][720]PIE: New page: SIE session: NewMap (Nov 12, 2016, 2:56:20 PM)
[2016.11.13-00.56.20:856][720]LogPlayLevel: Creating play world package: /Game/ThirdPersonBP/Blueprints/UEDPIE_0_NewMap
[2016.11.13-00.56.20:859][720]LogPlayLevel: PIE: StaticDuplicateObject took: (0.002663s)
[2016.11.13-00.56.20:860][720]LogAIModule: Creating AISystem for world NewMap
[2016.11.13-00.56.20:860][720]LogPlayLevel: PIE: World Init took: (0.000706s)
[2016.11.13-00.56.20:860][720]LogPlayLevel: PIE: Created PIE world by copying editor world from /Game/ThirdPersonBP/Blueprints/NewMap.NewMap to /Game/ThirdPersonBP/Blueprints/UEDPIE_0_NewMap.NewMap (0.003609s)
[2016.11.13-00.56.20:911][720]LogInit: XAudio2 using 'Speakers (Realtek High Definition Audio)' : 2 channels at 48 kHz using 32 bits per sample (channel mask 0x3)
[2016.11.13-00.56.20:922][720]LogInit: FAudioDevice initialized.
[2016.11.13-00.56.20:977][720]LogWorld: Game class is 'RunGameNode_C'
[2016.11.13-00.56.20:984][720]LogWorld: Bringing World /Game/ThirdPersonBP/Blueprints/UEDPIE_0_NewMap.NewMap up for play (max tick rate 0) at 2016.11.12-19.56.20
[2016.11.13-00.56.20:986][720]LogWorld: Bringing up level for play took: 0.007186
[2016.11.13-00.56.21:000][720]PIE: Info Play in editor start time for /Game/ThirdPersonBP/Blueprints/UEDPIE_0_NewMap 0.947
[2016.11.13-00.56.21:002][720]LogBlueprintUserMessages: Late PlayInEditor Detection: Level '/Game/ThirdPersonBP/Blueprints/NewMap.NewMap:PersistentLevel' has LevelScriptBlueprint '/Game/ThirdPersonBP/Blueprints/NewMap.NewMap:PersistentLevel.NewMap' with GeneratedClass '/Game/ThirdPersonBP/Blueprints/NewMap.NewMap_C' with ClassGeneratedBy '/Game/ThirdPersonBP/Blueprints/NewMap.NewMap:PersistentLevel.NewMap'
[2016.11.13-00.56.26:378][ 90]LogBlueprintUserMessages: Early EndPlayMap Detection: Level '/Game/ThirdPersonBP/Blueprints/NewMap.NewMap:PersistentLevel' has LevelScriptBlueprint '/Game/ThirdPersonBP/Blueprints/NewMap.NewMap:PersistentLevel.NewMap' with GeneratedClass '/Game/ThirdPersonBP/Blueprints/NewMap.NewMap_C' with ClassGeneratedBy '/Game/ThirdPersonBP/Blueprints/NewMap.NewMap:PersistentLevel.NewMap'
[2016.11.13-00.56.26:423][ 90]LogBlueprintUserMessages: Late EndPlayMap Detection: Level '/Game/ThirdPersonBP/Blueprints/NewMap.NewMap:PersistentLevel' has LevelScriptBlueprint '/Game/ThirdPersonBP/Blueprints/NewMap.NewMap:PersistentLevel.NewMap' with GeneratedClass '/Game/ThirdPersonBP/Blueprints/NewMap.NewMap_C' with ClassGeneratedBy '/Game/ThirdPersonBP/Blueprints/NewMap.NewMap:PersistentLevel.NewMap'
[2016.11.13-01.01.36:146][361]LogTexture:Display: Building textures: T_Rock_Basalt_D (AutoDXT)
[2016.11.13-01.01.38:649][361]LogTexture:Display: Building textures: T_RockMesh_M (DXT1)
[2016.11.13-01.01.39:885][361]LogTexture:Display: Building textures: T_RockMesh_N (BC5)
[2016.11.13-01.01.40:267][361]LogTexture:Display: Building textures: T_Detail_Rocky_N (BC5)
[2016.11.13-01.04.06:567][500]LogFileHelpers: Editor autosave (incl. sublevels) for '/Game/ThirdPersonBP/Blueprints/NewMap' took 0.114
[2016.11.13-01.04.06:584][500]OBJ SavePackage: Generating thumbnails for [1] asset(s) in package [/Game/ThirdPersonBP/Blueprints/BP_Blocker] ([1] browsable assets)...
[2016.11.13-01.04.06:616][500]OBJ SavePackage:     Rendered thumbnail for [Blueprint /Game/ThirdPersonBP/Blueprints/BP_Blocker.BP_Blocker]
[2016.11.13-01.04.06:616][500]OBJ SavePackage: Finished generating thumbnails for package [/Game/ThirdPersonBP/Blueprints/BP_Blocker]
[2016.11.13-01.04.06:672][500]LogSavePackage: Save=42.36ms
[2016.11.13-01.04.06:672][500]LogSavePackage: Moving '../../../../../../CS390/PrisonBreak/Saved/BP_Blocker_Auto19F38312D4F715F11D9ADFFA518E3C6A4.tmp' to '../../../../../../CS390/PrisonBreak/Saved/Autosaves/Game/ThirdPersonBP/Blueprints/BP_Blocker_Auto1.uasset'
[2016.11.13-01.04.06:675][500]LogSavePackage:Display: Finished SavePackage ../../../../../../CS390/PrisonBreak/Saved/Autosaves/Game/ThirdPersonBP/Blueprints/BP_Blocker_Auto1.uasset
[2016.11.13-01.04.06:675][500]LogFileHelpers: Auto-saving content packages took 0.093
[2016.11.13-01.04.20:837][780]BlueprintLog: New page: Compile BP_Blocker
[2016.11.13-01.04.21:101][780]BlueprintEditorCompileResults: Info [0823.24] Compile of BP_Blocker successful! [in 255 ms] (/Game/ThirdPersonBP/Blueprints/BP_Blocker.BP_Blocker)
[2016.11.13-01.04.21:616][821]Cmd: OBJ SAVEPACKAGE PACKAGE="/Game/ThirdPersonBP/Blueprints/BP_Blocker" FILE="../../../../../../CS390/PrisonBreak/Content/ThirdPersonBP/Blueprints/BP_Blocker.uasset" SILENT=true
[2016.11.13-01.04.21:638][821]LogSavePackage: Save=18.90ms
[2016.11.13-01.04.21:638][821]LogSavePackage: Moving '../../../../../../CS390/PrisonBreak/Saved/BP_Blocker68054AA942F217462B00F2B4895840AC.tmp' to '../../../../../../CS390/PrisonBreak/Content/ThirdPersonBP/Blueprints/BP_Blocker.uasset'
[2016.11.13-01.04.21:644][821]LogSavePackage:Display: Finished SavePackage ../../../../../../CS390/PrisonBreak/Content/ThirdPersonBP/Blueprints/BP_Blocker.uasset
[2016.11.13-01.14.07:298][138]LogFileHelpers: Editor autosave (incl. sublevels) for '/Game/ThirdPersonBP/Blueprints/NewMap' took 0.084
[2016.11.13-01.14.07:302][138]OBJ SavePackage: Generating thumbnails for [1] asset(s) in package [/Game/ThirdPersonBP/Blueprints/BP_FloorTile] ([1] browsable assets)...
[2016.11.13-01.14.07:334][138]OBJ SavePackage:     Rendered thumbnail for [Blueprint /Game/ThirdPersonBP/Blueprints/BP_FloorTile.BP_FloorTile]
[2016.11.13-01.14.07:334][138]OBJ SavePackage: Finished generating thumbnails for package [/Game/ThirdPersonBP/Blueprints/BP_FloorTile]
[2016.11.13-01.14.07:378][138]LogSavePackage: Save=36.88ms
[2016.11.13-01.14.07:378][138]LogSavePackage: Moving '../../../../../../CS390/PrisonBreak/Saved/BP_FloorTile_Auto25A433F5B4537C80821D31B89BE6E1DD8.tmp' to '../../../../../../CS390/PrisonBreak/Saved/Autosaves/Game/ThirdPersonBP/Blueprints/BP_FloorTile_Auto2.uasset'
[2016.11.13-01.14.07:382][138]LogSavePackage:Display: Finished SavePackage ../../../../../../CS390/PrisonBreak/Saved/Autosaves/Game/ThirdPersonBP/Blueprints/BP_FloorTile_Auto2.uasset
[2016.11.13-01.14.07:382][138]LogFileHelpers: Auto-saving content packages took 0.082
[2016.11.13-01.17.25:903][734]LogActorComponent: UnregisterComponent: (/Engine/Transient.EditorFloorComp) Not registered. Aborting.
[2016.11.13-01.17.28:307][776]Cmd: OBJ SAVEPACKAGE PACKAGE="/Game/ThirdPersonBP/Blueprints/BP_FloorTile" FILE="../../../../../../CS390/PrisonBreak/Content/ThirdPersonBP/Blueprints/BP_FloorTile.uasset" SILENT=true
[2016.11.13-01.17.28:339][776]LogSavePackage: Save=28.18ms
[2016.11.13-01.17.28:339][776]LogSavePackage: Moving '../../../../../../CS390/PrisonBreak/Saved/BP_FloorTile991C9CAB4CF7CB17E96CEEBB0AD30C11.tmp' to '../../../../../../CS390/PrisonBreak/Content/ThirdPersonBP/Blueprints/BP_FloorTile.uasset'
[2016.11.13-01.17.28:345][776]LogSavePackage:Display: Finished SavePackage ../../../../../../CS390/PrisonBreak/Content/ThirdPersonBP/Blueprints/BP_FloorTile.uasset
[2016.11.13-01.17.28:417][776]LogWindowsTextInputMethodSystem:Display: IME system now deactivated.
[2016.11.13-01.17.28:629][777]Cmd: QUIT_EDITOR
[2016.11.13-01.17.28:797][777]LogExit: Preparing to exit.
[2016.11.13-01.17.29:089][777]LogExit: Editor shut down
[2016.11.13-01.17.29:090][777]LogExit: Transaction tracking system shut down
[2016.11.13-01.17.29:489][777]LogObj: Freed 0b from 0 cluster array pools.
[2016.11.13-01.17.29:489][777]LogExit: Object subsystem successfully closed.
[2016.11.13-01.17.29:530][777]LogD3D11RHI: Shutdown
[2016.11.13-01.17.29:530][777]LogD3D11RHI: CleanupD3DDevice
[2016.11.13-01.17.29:666][777]LogD3D11RHI: ~FD3D11DynamicRHI
[2016.11.13-01.17.29:813][777]LogModuleManager: Shutting down and abandoning module HierarchicalLODUtilities (216)
[2016.11.13-01.17.29:813][777]LogModuleManager: Shutting down and abandoning module BlueprintGraph (215)
[2016.11.13-01.17.29:813][777]LogModuleManager: Shutting down and abandoning module MovieSceneCapture (214)
[2016.11.13-01.17.29:813][777]LogModuleManager: Shutting down and abandoning module HierarchicalLODOutliner (213)
[2016.11.13-01.17.29:818][777]LogModuleManager: Shutting down and abandoning module CrashTracker (212)
[2016.11.13-01.17.29:818][777]LogModuleManager: Shutting down and abandoning module SceneOutliner (211)
[2016.11.13-01.17.29:818][777]LogModuleManager: Shutting down and abandoning module WidgetCarousel (210)
[2016.11.13-01.17.29:818][777]LogModuleManager: Shutting down and abandoning module AddContentDialog (209)
[2016.11.13-01.17.29:829][777]LogModuleManager: Shutting down and abandoning module GameplayTags (208)
[2016.11.13-01.17.29:829][777]LogModuleManager: Shutting down and abandoning module EditorWidgets (207)
[2016.11.13-01.17.29:829][777]LogModuleManager: Shutting down and abandoning module CollectionManager (206)
[2016.11.13-01.17.29:834][777]LogModuleManager: Shutting down and abandoning module StatsViewer (205)
[2016.11.13-01.17.29:834][777]LogModuleManager: Shutting down and abandoning module FoliageEdit (204)
[2016.11.13-01.17.29:834][777]LogModuleManager: Shutting down and abandoning module LandscapeEditor (203)
[2016.11.13-01.17.29:843][777]LogModuleManager: Shutting down and abandoning module SceneDepthPickerMode (202)
[2016.11.13-01.17.29:843][777]LogModuleManager: Shutting down and abandoning module ActorPickerMode (201)
[2016.11.13-01.17.29:843][777]LogModuleManager: Shutting down and abandoning module GeometryMode (200)
[2016.11.13-01.17.29:843][777]LogModuleManager: Shutting down and abandoning module TextureAlignMode (199)
[2016.11.13-01.17.29:843][777]LogModuleManager: Shutting down and abandoning module BspMode (198)
[2016.11.13-01.17.29:843][777]LogModuleManager: Shutting down and abandoning module HardwareSurvey (197)
[2016.11.13-01.17.29:843][777]LogModuleManager: Shutting down and abandoning module SequenceRecorderSections (196)
[2016.11.13-01.17.29:843][777]LogModuleManager: Shutting down and abandoning module SequenceRecorder (195)
[2016.11.13-01.17.29:843][777]LogModuleManager: Shutting down and abandoning module AutomationWorker (194)
[2016.11.13-01.17.29:843][777]LogModuleManager: Shutting down and abandoning module MatineeToLevelSequence (193)
[2016.11.13-01.17.29:843][777]LogModuleManager: Shutting down and abandoning module PlacementMode (192)
[2016.11.13-01.17.29:849][777]LogModuleManager: Shutting down and abandoning module LevelSequenceEditor (191)
[2016.11.13-01.17.29:856][777]LogModuleManager: Shutting down and abandoning module CharacterAI (190)
[2016.11.13-01.17.29:856][777]LogModuleManager: Shutting down and abandoning module SmartSnapping (189)
[2016.11.13-01.17.29:856][777]LogModuleManager: Shutting down and abandoning module SessionServices (188)
[2016.11.13-01.17.29:856][777]LogModuleManager: Shutting down and abandoning module ViewportSnapping (187)
[2016.11.13-01.17.29:856][777]LogModuleManager: Shutting down and abandoning module LogVisualizer (186)
[2016.11.13-01.17.29:857][777]LogModuleManager: Shutting down and abandoning module GameProjectGeneration (185)
[2016.11.13-01.17.29:862][777]LogModuleManager: Shutting down and abandoning module IntroTutorials (184)
[2016.11.13-01.17.29:862][777]LogModuleManager: Shutting down and abandoning module EditorLiveStreaming (183)
[2016.11.13-01.17.29:862][777]LogModuleManager: Shutting down and abandoning module IOSPlatformEditor (182)
[2016.11.13-01.17.29:862][777]LogModuleManager: Shutting down and abandoning module HTML5PlatformEditor (181)
[2016.11.13-01.17.29:862][777]LogModuleManager: Shutting down and abandoning module AndroidDeviceDetection (180)
[2016.11.13-01.17.29:868][777]LogModuleManager: Shutting down and abandoning module AndroidPlatformEditor (179)
[2016.11.13-01.17.29:868][777]LogModuleManager: Shutting down and abandoning module IOSRuntimeSettings (178)
[2016.11.13-01.17.29:868][777]LogModuleManager: Shutting down and abandoning module AndroidRuntimeSettings (177)
[2016.11.13-01.17.29:868][777]LogModuleManager: Shutting down and abandoning module MergeActors (176)
[2016.11.13-01.17.29:875][777]LogModuleManager: Shutting down and abandoning module SizeMap (175)
[2016.11.13-01.17.29:875][777]LogModuleManager: Shutting down and abandoning module TreeMap (174)
[2016.11.13-01.17.29:875][777]LogModuleManager: Shutting down and abandoning module ReferenceViewer (173)
[2016.11.13-01.17.29:875][777]LogModuleManager: Shutting down and abandoning module LocalizationService (172)
[2016.11.13-01.17.29:875][777]LogModuleManager: Shutting down and abandoning module LocalizationDashboard (171)
[2016.11.13-01.17.29:882][777]LogModuleManager: Shutting down and abandoning module HardwareTargeting (170)
[2016.11.13-01.17.29:882][777]LogModuleManager: Shutting down and abandoning module DeviceProfileEditor (169)
[2016.11.13-01.17.29:885][777]LogModuleManager: Shutting down and abandoning module UndoHistory (168)
[2016.11.13-01.17.29:885][777]LogModuleManager: Shutting down and abandoning module UserFeedback (167)
[2016.11.13-01.17.29:885][777]LogModuleManager: Shutting down and abandoning module XmlParser (166)
[2016.11.13-01.17.29:885][777]LogModuleManager: Shutting down and abandoning module Blutility (165)
[2016.11.13-01.17.29:885][777]LogModuleManager: Shutting down and abandoning module ProjectTargetPlatformEditor (164)
[2016.11.13-01.17.29:885][777]LogModuleManager: Shutting down and abandoning module ProjectSettingsViewer (163)
[2016.11.13-01.17.29:885][777]LogModuleManager: Shutting down and abandoning module InputBindingEditor (162)
[2016.11.13-01.17.29:894][777]LogModuleManager: Shutting down and abandoning module EditorSettingsViewer (161)
[2016.11.13-01.17.29:894][777]LogModuleManager: Shutting down and abandoning module SettingsEditor (160)
[2016.11.13-01.17.29:894][777]LogModuleManager: Shutting down and abandoning module ProjectLauncher (159)
[2016.11.13-01.17.29:907][777]LogModuleManager: Shutting down and abandoning module SessionFrontend (158)
[2016.11.13-01.17.29:910][777]LogModuleManager: Shutting down and abandoning module ProfilerClient (157)
[2016.11.13-01.17.29:910][777]LogModuleManager: Shutting down and abandoning module TargetDeviceServices (156)
[2016.11.13-01.17.29:910][777]LogModuleManager: Shutting down and abandoning module DeviceManager (155)
[2016.11.13-01.17.29:962][777]LogModuleManager: Shutting down and abandoning module AutomationController (154)
[2016.11.13-01.17.29:963][777]LogModuleManager: Shutting down and abandoning module AutomationWindow (153)
[2016.11.13-01.17.29:979][777]LogModuleManager: Shutting down and abandoning module Layers (152)
[2016.11.13-01.17.29:989][777]LogModuleManager: Shutting down and abandoning module ComponentVisualizers (151)
[2016.11.13-01.17.29:989][777]LogModuleManager: Shutting down and abandoning module DetailCustomizations (150)
[2016.11.13-01.17.29:989][777]LogModuleManager: Shutting down and abandoning module PackagesDialog (149)
[2016.11.13-01.17.29:989][777]LogModuleManager: Shutting down and abandoning module Persona (148)
[2016.11.13-01.17.30:007][777]LogModuleManager: Shutting down and abandoning module Kismet (147)
[2016.11.13-01.17.30:007][777]LogModuleManager: Shutting down and abandoning module GraphEditor (146)
[2016.11.13-01.17.30:007][777]LogModuleManager: Shutting down and abandoning module ClassViewer (145)
[2016.11.13-01.17.30:009][777]LogModuleManager: Shutting down and abandoning module Toolbox (144)
[2016.11.13-01.17.30:009][777]LogModuleManager: Shutting down and abandoning module ModuleUI (143)
[2016.11.13-01.17.30:009][777]LogModuleManager: Shutting down and abandoning module MovieSceneTools (142)
[2016.11.13-01.17.30:009][777]LogModuleManager: Shutting down and abandoning module OutputLog (141)
[2016.11.13-01.17.30:009][777]LogModuleManager: Shutting down and abandoning module GammaUI (140)
[2016.11.13-01.17.30:009][777]LogModuleManager: Shutting down and abandoning module Documentation (139)
[2016.11.13-01.17.30:009][777]LogModuleManager: Shutting down and abandoning module StreamingPauseRendering (138)
[2016.11.13-01.17.30:009][777]LogModuleManager: Shutting down and abandoning module AnalyticsET (137)
[2016.11.13-01.17.30:009][777]LogModuleManager: Shutting down and abandoning module Analytics (136)
[2016.11.13-01.17.30:009][777]LogModuleManager: Shutting down and abandoning module PortalServices (135)
[2016.11.13-01.17.30:009][777]LogModuleManager: Shutting down and abandoning module PortalRpc (134)
[2016.11.13-01.17.30:009][777]LogModuleManager: Shutting down and abandoning module MessagingRpc (133)
[2016.11.13-01.17.30:009][777]LogModuleManager: Shutting down and abandoning module GameplayDebugger (132)
[2016.11.13-01.17.30:009][777]LogModuleManager: Shutting down and abandoning module AITestSuite (131)
[2016.11.13-01.17.30:009][777]LogModuleManager: Shutting down and abandoning module AIModule (130)
[2016.11.13-01.17.30:009][777]LogModuleManager: Shutting down and abandoning module ProfilerService (129)
[2016.11.13-01.17.30:229][777]LogModuleManager: Shutting down and abandoning module TaskGraph (128)
[2016.11.13-01.17.30:235][777]LogModuleManager: Shutting down and abandoning module SlateRemote (127)
[2016.11.13-01.17.30:235][777]LogModuleManager: Shutting down and abandoning module SteamVRController (126)
[2016.11.13-01.17.30:235][777]LogModuleManager: Shutting down and abandoning module SteamVR (125)
[2016.11.13-01.17.30:235][777]LogModuleManager: Shutting down and abandoning module ProceduralMeshComponent (124)
[2016.11.13-01.17.30:235][777]LogModuleManager: Shutting down and abandoning module OculusLibrary (123)
[2016.11.13-01.17.30:235][777]LogModuleManager: Shutting down and abandoning module OculusInput (122)
[2016.11.13-01.17.30:235][777]LogModuleManager: Shutting down and abandoning module CustomMeshComponent (121)
[2016.11.13-01.17.30:235][777]LogModuleManager: Shutting down and abandoning module CableComponent (120)
[2016.11.13-01.17.30:235][777]LogModuleManager: Shutting down and abandoning module ArchVisCharacter (119)
[2016.11.13-01.17.30:235][777]LogModuleManager: Shutting down and abandoning module MediaPlayerEditor (118)
[2016.11.13-01.17.30:238][777]LogModuleManager: Shutting down and abandoning module HTML5Networking (117)
[2016.11.13-01.17.30:239][777]LogModuleManager: Shutting down and abandoning module SuperSearch (116)
[2016.11.13-01.17.30:239][777]LogModuleManager: Shutting down and abandoning module SuperSearchEditor (115)
[2016.11.13-01.17.30:239][777]LogModuleManager: Shutting down and abandoning module SpeedTreeImporter (114)
[2016.11.13-01.17.30:239][777]LogModuleManager: Shutting down and abandoning module PluginBrowser (113)
[2016.11.13-01.17.30:239][777]LogModuleManager: Shutting down and abandoning module EpicSurvey (112)
[2016.11.13-01.17.30:239][777]LogModuleManager: Shutting down and abandoning module DesktopPlatform (111)
[2016.11.13-01.17.30:239][777]LogModuleManager: Shutting down and abandoning module VisualStudioSourceCodeAccess (110)
[2016.11.13-01.17.30:239][777]LogModuleManager: Shutting down and abandoning module UObjectPlugin (109)
[2016.11.13-01.17.30:239][777]LogModuleManager: Shutting down and abandoning module SubversionSourceControl (108)
[2016.11.13-01.17.30:239][777]LogModuleManager: Shutting down and abandoning module PerforceSourceControl (107)
[2016.11.13-01.17.30:239][777]LogModuleManager: Shutting down and abandoning module SourceControl (106)
[2016.11.13-01.17.30:239][777]LogModuleManager: Shutting down and abandoning module GitSourceControl (105)
[2016.11.13-01.17.30:239][777]LogModuleManager: Shutting down and abandoning module LightPropagationVolumeEditor (104)
[2016.11.13-01.17.30:239][777]LogModuleManager: Shutting down and abandoning module PaperTiledImporter (103)
[2016.11.13-01.17.30:239][777]LogModuleManager: Shutting down and abandoning module PaperSpriteSheetImporter (102)
[2016.11.13-01.17.30:239][777]LogModuleManager: Shutting down and abandoning module MeshPaint (101)
[2016.11.13-01.17.30:239][777]LogModuleManager: Shutting down and abandoning module PixelInspectorModule (100)
[2016.11.13-01.17.30:242][777]LogModuleManager: Shutting down and abandoning module HotReload (99)
[2016.11.13-01.17.30:243][777]LogModuleManager: Shutting down and abandoning module MainFrame (98)
[2016.11.13-01.17.30:243][777]LogModuleManager: Shutting down and abandoning module LevelEditor (97)
[2016.11.13-01.17.30:244][777]LogModuleManager: Shutting down and abandoning module ContentBrowser (96)
[2016.11.13-01.17.30:245][777]LogModuleManager: Shutting down and abandoning module Paper2DEditor (95)
[2016.11.13-01.17.30:251][777]LogModuleManager: Shutting down and abandoning module UdpMessaging (94)
[2016.11.13-01.17.30:353][777]LogModuleManager: Shutting down and abandoning module LightPropagationVolumeRuntime (93)
[2016.11.13-01.17.30:353][777]LogModuleManager: Shutting down and abandoning module Paper2D (92)
[2016.11.13-01.17.30:353][777]LogModuleManager: Shutting down and abandoning module WindowsMoviePlayer (91)
[2016.11.13-01.17.30:353][777]LogModuleManager: Shutting down and abandoning module Media (90)
[2016.11.13-01.17.30:353][777]LogModuleManager: Shutting down and abandoning module WmfMedia (89)
[2016.11.13-01.17.30:353][777]LogModuleManager: Shutting down and abandoning module MediaAssets (88)
[2016.11.13-01.17.30:353][777]LogModuleManager: Shutting down and abandoning module GameLiveStreaming (87)
[2016.11.13-01.17.30:353][777]LogModuleManager: Shutting down and abandoning module GameplayTagsEditor (86)
[2016.11.13-01.17.30:353][777]LogModuleManager: Shutting down and abandoning module OnlineBlueprintSupport (85)
[2016.11.13-01.17.30:353][777]LogModuleManager: Shutting down and abandoning module VREditor (84)
[2016.11.13-01.17.30:353][777]LogModuleManager: Shutting down and abandoning module GameplayTasksEditor (83)
[2016.11.13-01.17.30:353][777]LogModuleManager: Shutting down and abandoning module PropertyEditor (82)
[2016.11.13-01.17.30:353][777]LogModuleManager: Shutting down and abandoning module BehaviorTreeEditor (81)
[2016.11.13-01.17.30:366][777]LogModuleManager: Shutting down and abandoning module FunctionalTesting (80)
[2016.11.13-01.17.30:366][777]LogModuleManager: Shutting down and abandoning module CollisionAnalyzer (79)
[2016.11.13-01.17.30:376][777]LogModuleManager: Shutting down and abandoning module Sequencer (78)
[2016.11.13-01.17.30:383][777]LogModuleManager: Shutting down and abandoning module WorkspaceMenuStructure (77)
[2016.11.13-01.17.30:383][777]LogModuleManager: Shutting down and abandoning module MessageLog (76)
[2016.11.13-01.17.30:383][777]LogModuleManager: Shutting down and abandoning module AssetTools (75)
[2016.11.13-01.17.30:399][777]LogModuleManager: Shutting down and abandoning module UMGEditor (74)
[2016.11.13-01.17.30:403][777]LogModuleManager: Shutting down and abandoning module UMG (73)
[2016.11.13-01.17.30:415][777]LogModuleManager: Shutting down and abandoning module SlateReflector (72)
[2016.11.13-01.17.30:427][777]LogModuleManager: Shutting down and abandoning module Slate (71)
[2016.11.13-01.17.30:427][777]LogModuleManager: Shutting down and abandoning module EditorStyle (70)
[2016.11.13-01.17.30:429][777]LogModuleManager: Shutting down and abandoning module SourceCodeAccess (69)
[2016.11.13-01.17.30:429][777]LogModuleManager: Shutting down and abandoning module HeadMountedDisplay (68)
[2016.11.13-01.17.30:429][777]LogModuleManager: Shutting down and abandoning module XAudio2 (67)
[2016.11.13-01.17.30:429][777]LogModuleManager: Shutting down and abandoning module Networking (65)
[2016.11.13-01.17.30:429][777]LogModuleManager: Shutting down and abandoning module Core (64)
[2016.11.13-01.17.30:429][777]LogModuleManager: Shutting down and abandoning module DirectoryWatcher (63)
[2016.11.13-01.17.30:430][777]LogModuleManager: Shutting down and abandoning module AssetRegistry (62)
[2016.11.13-01.17.30:599][777]LogModuleManager: Shutting down and abandoning module KismetCompiler (61)
[2016.11.13-01.17.30:599][777]LogModuleManager: Shutting down and abandoning module PhysXFormats (60)
[2016.11.13-01.17.30:599][777]LogModuleManager: Shutting down and abandoning module MeshUtilities (59)
[2016.11.13-01.17.30:610][777]LogModuleManager: Shutting down and abandoning module DerivedDataCache (58)
[2016.11.13-01.17.30:624][777]LogDerivedDataCache: Shutdown
[2016.11.13-01.17.30:624][777]LogModuleManager: Shutting down and abandoning module VulkanShaderFormat (57)
[2016.11.13-01.17.30:624][777]LogModuleManager: Shutting down and abandoning module ShaderFormatOpenGL (56)
[2016.11.13-01.17.30:624][777]LogModuleManager: Shutting down and abandoning module ShaderFormatD3D (55)
[2016.11.13-01.17.30:624][777]LogModuleManager: Shutting down and abandoning module MetalShaderFormat (54)
[2016.11.13-01.17.30:624][777]LogModuleManager: Shutting down and abandoning module TextureFormatUncompressed (53)
[2016.11.13-01.17.30:624][777]LogModuleManager: Shutting down and abandoning module TextureFormatPVR (52)
[2016.11.13-01.17.30:624][777]LogModuleManager: Shutting down and abandoning module TextureFormatIntelISPCTexComp (51)
[2016.11.13-01.17.30:624][777]LogModuleManager: Shutting down and abandoning module TextureFormatDXT (50)
[2016.11.13-01.17.30:624][777]LogModuleManager: Shutting down and abandoning module ImageWrapper (49)
[2016.11.13-01.17.30:624][777]LogModuleManager: Shutting down and abandoning module TextureFormatASTC (48)
[2016.11.13-01.17.30:624][777]LogModuleManager: Shutting down and abandoning module TextureFormatAndroid (47)
[2016.11.13-01.17.30:624][777]LogModuleManager: Shutting down and abandoning module AudioFormatOpus (46)
[2016.11.13-01.17.30:624][777]LogModuleManager: Shutting down and abandoning module AudioFormatOgg (45)
[2016.11.13-01.17.30:624][777]LogModuleManager: Shutting down and abandoning module AudioFormatADPCM (44)
[2016.11.13-01.17.30:624][777]LogModuleManager: Shutting down and abandoning module LinuxTargetPlatform (43)
[2016.11.13-01.17.30:624][777]LogModuleManager: Shutting down and abandoning module LinuxServerTargetPlatform (42)
[2016.11.13-01.17.30:624][777]LogModuleManager: Shutting down and abandoning module LinuxNoEditorTargetPlatform (41)
[2016.11.13-01.17.30:624][777]LogModuleManager: Shutting down and abandoning module TVOSTargetPlatform (40)
[2016.11.13-01.17.30:624][777]LogModuleManager: Shutting down and abandoning module Messaging (39)
[2016.11.13-01.17.30:624][777]LogModuleManager: Shutting down and abandoning module IOSTargetPlatform (38)
[2016.11.13-01.17.30:624][777]LogModuleManager: Shutting down and abandoning module HTML5TargetPlatform (37)
[2016.11.13-01.17.30:624][777]LogModuleManager: Shutting down and abandoning module Android_PVRTCTargetPlatform (36)
[2016.11.13-01.17.30:624][777]LogModuleManager: Shutting down and abandoning module Android_MultiTargetPlatform (35)
[2016.11.13-01.17.30:624][777]LogModuleManager: Shutting down and abandoning module Android_ETC2TargetPlatform (34)
[2016.11.13-01.17.30:624][777]LogModuleManager: Shutting down and abandoning module Android_ETC1TargetPlatform (33)
[2016.11.13-01.17.30:624][777]LogModuleManager: Shutting down and abandoning module Android_DXTTargetPlatform (32)
[2016.11.13-01.17.30:624][777]LogModuleManager: Shutting down and abandoning module Android_ATCTargetPlatform (31)
[2016.11.13-01.17.30:624][777]LogModuleManager: Shutting down and abandoning module Android_ASTCTargetPlatform (30)
[2016.11.13-01.17.30:624][777]LogModuleManager: Shutting down and abandoning module AndroidTargetPlatform (29)
[2016.11.13-01.17.30:624][777]LogModuleManager: Shutting down and abandoning module WindowsTargetPlatform (28)
[2016.11.13-01.17.30:624][777]LogModuleManager: Shutting down and abandoning module WindowsServerTargetPlatform (27)
[2016.11.13-01.17.30:624][777]LogModuleManager: Shutting down and abandoning module WindowsNoEditorTargetPlatform (26)
[2016.11.13-01.17.30:624][777]LogModuleManager: Shutting down and abandoning module WindowsClientTargetPlatform (25)
[2016.11.13-01.17.30:624][777]LogModuleManager: Shutting down and abandoning module AllDesktopTargetPlatform (24)
[2016.11.13-01.17.30:624][777]LogModuleManager: Shutting down and abandoning module TargetPlatform (23)
[2016.11.13-01.17.30:624][777]LogModuleManager: Shutting down and abandoning module InputCore (22)
[2016.11.13-01.17.30:624][777]LogModuleManager: Shutting down and abandoning module Settings (21)
[2016.11.13-01.17.30:624][777]LogModuleManager: Shutting down and abandoning module OnlineSubsystem (19)
[2016.11.13-01.17.30:624][777]LogModuleManager: Shutting down and abandoning module HTTP (18)
[2016.11.13-01.17.35:138][777]LogModuleManager: Shutting down and abandoning module XMPP (17)
[2016.11.13-01.17.35:146][777]LogModuleManager: Shutting down and abandoning module OculusRift (16)
[2016.11.13-01.17.35:157][777]LogModuleManager: Shutting down and abandoning module ExampleDeviceProfileSelector (15)
[2016.11.13-01.17.35:157][777]LogModuleManager: Shutting down and abandoning module TextureCompressor (14)
[2016.11.13-01.17.35:157][777]LogModuleManager: Shutting down and abandoning module ShaderCore (13)
[2016.11.13-01.17.35:157][777]LogModuleManager: Shutting down and abandoning module Landscape (12)
[2016.11.13-01.17.35:157][777]LogModuleManager: Shutting down and abandoning module SlateRHIRenderer (11)
[2016.11.13-01.17.35:167][777]LogModuleManager: Shutting down and abandoning module OpenGLDrv (10)
[2016.11.13-01.17.35:168][777]LogModuleManager: Shutting down and abandoning module D3D11RHI (9)
[2016.11.13-01.17.35:168][777]LogModuleManager: Shutting down and abandoning module AnimGraphRuntime (8)
[2016.11.13-01.17.35:168][777]LogModuleManager: Shutting down and abandoning module Renderer (7)
[2016.11.13-01.17.35:168][777]LogModuleManager: Shutting down and abandoning module Engine (6)
[2016.11.13-01.17.35:168][777]LogModuleManager: Shutting down and abandoning module CoreUObject (5)
[2016.11.13-01.17.35:168][777]LogModuleManager: Shutting down and abandoning module NetworkFile (4)
[2016.11.13-01.17.35:168][777]LogModuleManager: Shutting down and abandoning module StreamingFile (3)
[2016.11.13-01.17.35:168][777]LogModuleManager: Shutting down and abandoning module SandboxFile (2)
[2016.11.13-01.17.35:168][777]LogModuleManager: Shutting down and abandoning module PakFile (1)
[2016.11.13-01.17.35:175][777]LogExit: Exiting.
[2016.11.13-01.17.35:184][777]Log file closed, 11/12/16 20:17:35
